2025-08-25 19:26:52,430 [INFO] Activator:176 - 


2025-08-25 19:26:52,434 [INFO] Activator:177 - !SESSION log4j initialized
2025-08-25 19:27:04,604 [INFO] LogOutputStream:77 - [STDOUT_REDIRECT] 
2025-08-25 19:27:12,376 [INFO] ApplicationProperties:184 - Using Application install path: /opt/st/stm32cubeide_1.19.0_2/plugins/com.st.stm32cube.common.mx_6.15.0.202507011659
2025-08-25 19:27:12,450 [INFO] DbMcusXml:78 - Set database path to: /opt/st/stm32cubeide_1.19.0_2/plugins/com.st.stm32cube.common.mx_6.15.0.202507011659//db//mcu/
2025-08-25 19:27:12,450 [INFO] ApiDb:274 - Set plugin database path to: /opt/st/stm32cubeide_1.19.0_2/plugins/com.st.stm32cube.common.mx_6.15.0.202507011659//db//plugins/boardmanager/
2025-08-25 19:27:12,451 [WARN] ApiDb:259 - Overriding images path with different value:  => /opt/st/stm32cubeide_1.19.0_2/plugins/com.st.stm32cube.common.mx_6.15.0.202507011659//db//plugins/mcufinder/images/
2025-08-25 19:27:12,544 [INFO] ApiDb:250 - Set database path to: /home/user1/.stmcufinder/plugins/mcufinder//mcu/
2025-08-25 19:27:12,546 [INFO] DbMcusAds:125 - Set database path to: /home/user1/.stmcufinder/plugins/mcufinder//mcu/
2025-08-25 19:27:12,551 [INFO] CrossReferenceDbSqlite:203 - Set database path to: /home/user1/.stmcufinder/plugins/mcufinder//mcu/cs/
2025-08-25 19:27:12,784 [INFO] RulesReader:64 - Compatibility file has been processed (317 Rules)
2025-08-25 19:27:13,043 [INFO] DbMcusXml:78 - Set database path to: /opt/st/stm32cubeide_1.19.0_2/plugins/com.st.stm32cube.common.mx_6.15.0.202507011659//db//mcu/
2025-08-25 19:27:13,043 [INFO] ApiDb:274 - Set plugin database path to: /opt/st/stm32cubeide_1.19.0_2/plugins/com.st.stm32cube.common.mx_6.15.0.202507011659//db//plugins/boardmanager/
2025-08-25 19:27:13,043 [INFO] ApiDb:261 - Set plugin images path to: /opt/st/stm32cubeide_1.19.0_2/plugins/com.st.stm32cube.common.mx_6.15.0.202507011659//db//plugins/mcufinder/images/
2025-08-25 19:27:13,043 [WARN] DbFile:41 - Overriding database path with different value: /home/user1/.stmcufinder/plugins/mcufinder/ => /home/user1/.stmcufinder/plugins/mcufinder
2025-08-25 19:27:13,044 [INFO] ApiDb:250 - Set database path to: /home/user1/.stmcufinder/plugins/mcufinder//mcu/
2025-08-25 19:27:13,044 [WARN] DbFile:41 - Overriding database path with different value: /home/user1/.stmcufinder/plugins/mcufinder/ => /home/user1/.stmcufinder/plugins/mcufinder
2025-08-25 19:27:13,044 [INFO] DbMcusAds:125 - Set database path to: /home/user1/.stmcufinder/plugins/mcufinder//mcu/
2025-08-25 19:27:13,044 [WARN] DbFile:41 - Overriding database path with different value: /home/user1/.stmcufinder/plugins/mcufinder/ => /home/user1/.stmcufinder/plugins/mcufinder
2025-08-25 19:27:13,044 [WARN] DbFile:41 - Overriding database path with different value: /home/user1/.stmcufinder/plugins/mcufinder/ => /home/user1/.stmcufinder/plugins/mcufinder
2025-08-25 19:27:13,044 [INFO] CrossReferenceDbSqlite:203 - Set database path to: /home/user1/.stmcufinder/plugins/mcufinder//mcu/cs/
2025-08-25 19:27:13,249 [INFO] MainPanel:274 - HeapMemory: 268435456
2025-08-25 19:27:13,652 [INFO] DbMcusXml:78 - Set database path to: /opt/st/stm32cubeide_1.19.0_2/plugins/com.st.stm32cube.common.mx_6.15.0.202507011659//db//mcu/
2025-08-25 19:27:13,653 [INFO] ApiDb:274 - Set plugin database path to: /opt/st/stm32cubeide_1.19.0_2/plugins/com.st.stm32cube.common.mx_6.15.0.202507011659//db//plugins/boardmanager/
2025-08-25 19:27:13,653 [INFO] ApiDb:261 - Set plugin images path to: /opt/st/stm32cubeide_1.19.0_2/plugins/com.st.stm32cube.common.mx_6.15.0.202507011659//db//plugins/mcufinder/images/
2025-08-25 19:27:13,653 [WARN] DbFile:41 - Overriding database path with different value: /home/user1/.stmcufinder/plugins/mcufinder/ => /home/user1/.stmcufinder/plugins/mcufinder
2025-08-25 19:27:13,654 [INFO] ApiDb:250 - Set database path to: /home/user1/.stmcufinder/plugins/mcufinder//mcu/
2025-08-25 19:27:13,654 [WARN] DbFile:41 - Overriding database path with different value: /home/user1/.stmcufinder/plugins/mcufinder/ => /home/user1/.stmcufinder/plugins/mcufinder
2025-08-25 19:27:13,654 [INFO] DbMcusAds:125 - Set database path to: /home/user1/.stmcufinder/plugins/mcufinder//mcu/
2025-08-25 19:27:13,654 [WARN] DbFile:41 - Overriding database path with different value: /home/user1/.stmcufinder/plugins/mcufinder/ => /home/user1/.stmcufinder/plugins/mcufinder
2025-08-25 19:27:13,654 [WARN] DbFile:41 - Overriding database path with different value: /home/user1/.stmcufinder/plugins/mcufinder/ => /home/user1/.stmcufinder/plugins/mcufinder
2025-08-25 19:27:13,654 [INFO] CrossReferenceDbSqlite:203 - Set database path to: /home/user1/.stmcufinder/plugins/mcufinder//mcu/cs/
2025-08-25 19:27:13,687 [INFO] ApplicationProperties:184 - Using Application install path: /opt/st/stm32cubeide_1.19.0_2/plugins/com.st.stm32cube.common.mx_6.15.0.202507011659
2025-08-25 19:27:13,689 [INFO] PluginManage:196 - Search for loadable plugins [exclusion list=, ]
2025-08-25 19:27:13,715 [INFO] PluginManage:310 - Check plugin analytics
2025-08-25 19:27:14,052 [INFO] AnalyticsPlugin:253 - Accepted Software Licenses: STM32CubeMX.6.15.0
2025-08-25 19:27:14,053 [INFO] AnalyticsPlugin:255 - Accepted CMSIS Pack Licenses: 
2025-08-25 19:27:14,053 [INFO] AnalyticsPlugin:257 - Accepted Firmware Licenses: 
2025-08-25 19:27:14,056 [INFO] PluginManage:359 - Loaded plugin analytics (category:tool,tabindex:-1)
2025-08-25 19:27:14,056 [INFO] PluginManage:310 - Check plugin cadmodel
2025-08-25 19:27:14,103 [INFO] CADModel:105 - Init CAD model plugin
2025-08-25 19:27:14,104 [INFO] PluginManage:359 - Loaded plugin cadmodel (category:power,tabindex:5)
2025-08-25 19:27:14,104 [INFO] PluginManage:310 - Check plugin clock
2025-08-25 19:27:14,154 [INFO] PluginManage:359 - Loaded plugin clock (category:base,tabindex:2)
2025-08-25 19:27:14,154 [INFO] PluginManage:310 - Check plugin ddr
2025-08-25 19:27:14,174 [INFO] PluginManage:359 - Loaded plugin ddr (category:tool,tabindex:6)
2025-08-25 19:27:14,175 [INFO] PluginManage:310 - Check plugin filemanager
2025-08-25 19:27:14,443 [INFO] PluginManage:359 - Loaded plugin filemanager (category:base,tabindex:10)
2025-08-25 19:27:14,443 [INFO] PluginManage:310 - Check plugin ipmanager
2025-08-25 19:27:14,459 [INFO] PluginManage:359 - Loaded plugin ipmanager (category:base,tabindex:5)
2025-08-25 19:27:14,459 [INFO] PluginManage:310 - Check plugin lpbam
2025-08-25 19:27:14,492 [INFO] PluginManage:359 - Loaded plugin lpbam (category:base,tabindex:0)
2025-08-25 19:27:14,493 [INFO] PluginManage:310 - Check plugin memorymap
2025-08-25 19:27:14,530 [INFO] PluginManage:359 - Loaded plugin memorymap (category:base,tabindex:4)
2025-08-25 19:27:14,531 [INFO] PluginManage:310 - Check plugin pinoutandconfiguration
2025-08-25 19:27:14,580 [INFO] PluginManage:359 - Loaded plugin pinoutandconfiguration (category:base,tabindex:1)
2025-08-25 19:27:14,580 [INFO] PluginManage:310 - Check plugin pinoutconfig
2025-08-25 19:27:14,896 [WARN] SupportedApi:132 - Cannot load RTOS API schema: s4s-elt-must-match.1: The content of 'definitions' must match (annotation?, (simpleType | complexType)?, (unique | key | keyref)*)). A problem was found starting at: attribute.
2025-08-25 19:27:15,108 [INFO] PluginManage:359 - Loaded plugin pinoutconfig (category:base,tabindex:0)
2025-08-25 19:27:15,108 [INFO] PluginManage:310 - Check plugin power
2025-08-25 19:27:15,164 [INFO] PluginManage:359 - Loaded plugin power (category:power,tabindex:4)
2025-08-25 19:27:15,164 [INFO] PluginManage:310 - Check plugin projectmanager
2025-08-25 19:27:15,214 [INFO] PluginManage:359 - Loaded plugin projectmanager (category:projectmanager,tabindex:4)
2025-08-25 19:27:15,214 [INFO] PluginManage:310 - Check plugin rif
2025-08-25 19:27:15,247 [INFO] PluginManage:359 - Loaded plugin rif (category:base,tabindex:3)
2025-08-25 19:27:15,247 [INFO] PluginManage:310 - Check plugin thirdparty
2025-08-25 19:27:15,614 [INFO] PluginManage:359 - Loaded plugin thirdparty (category:base,tabindex:-1)
2025-08-25 19:27:15,614 [WARN] IntegrityCheckThread:84 - waiting for thirdparty lock release [integrity check]
2025-08-25 19:27:15,615 [INFO] PluginManage:310 - Check plugin tools
2025-08-25 19:27:15,615 [INFO] IntegrityCheckThread:86 - entering critical section [integrity check]
2025-08-25 19:27:15,615 [INFO] ThirdPartyUpdaterWithRetryManager:70 - Updater plugin not ready yet. [1/15]
2025-08-25 19:27:15,624 [INFO] PluginManage:359 - Loaded plugin tools (category:base,tabindex:7)
2025-08-25 19:27:15,624 [INFO] PluginManage:310 - Check plugin tutovideos
2025-08-25 19:27:16,031 [INFO] PluginManage:359 - Loaded plugin tutovideos (category:base,tabindex:-1)
2025-08-25 19:27:16,031 [INFO] PluginManage:310 - Check plugin updater
2025-08-25 19:27:16,097 [INFO] PluginManage:359 - Loaded plugin updater (category:base,tabindex:12)
2025-08-25 19:27:16,098 [INFO] PluginManage:310 - Check plugin userauth
2025-08-25 19:27:16,131 [INFO] UserAuth:118 - Init User Auth plugin
2025-08-25 19:27:16,133 [INFO] PluginManage:359 - Loaded plugin userauth (category:base,tabindex:14)
2025-08-25 19:27:16,134 [INFO] PluginManage:283 - PluginManage : Loaded plugins [18]
2025-08-25 19:27:16,525 [INFO] PinOutPanel:1589 - setPackage(No Configuration,No Configuration)
2025-08-25 19:27:16,720 [INFO] CADModel:165 - CPN selected for project level
2025-08-25 19:27:16,720 [INFO] CADModel:114 - Register for checkConnection events
2025-08-25 19:27:16,787 [INFO] IPUIPlugin:80 - create IPUIPlugin
2025-08-25 19:27:16,790 [INFO] PluginManager:220 - loadIPPluginJar : add plateformsettings
2025-08-25 19:27:16,796 [INFO] IPUIPlugin:80 - create IPUIPlugin
2025-08-25 19:27:16,797 [INFO] PluginManager:220 - loadIPPluginJar : add genericplugin
2025-08-25 19:27:16,802 [INFO] IPUIPlugin:80 - create IPUIPlugin
2025-08-25 19:27:16,802 [INFO] PluginManager:220 - loadIPPluginJar : add can
2025-08-25 19:27:16,810 [INFO] IPUIPlugin:80 - create IPUIPlugin
2025-08-25 19:27:16,810 [INFO] PluginManager:220 - loadIPPluginJar : add openamp
2025-08-25 19:27:16,817 [INFO] IPUIPlugin:80 - create IPUIPlugin
2025-08-25 19:27:16,817 [INFO] PluginManager:220 - loadIPPluginJar : add fatfs
2025-08-25 19:27:16,820 [INFO] IPUIPlugin:80 - create IPUIPlugin
2025-08-25 19:27:16,820 [INFO] PluginManager:220 - loadIPPluginJar : add aes
2025-08-25 19:27:16,823 [INFO] IPUIPlugin:80 - create IPUIPlugin
2025-08-25 19:27:16,823 [INFO] PluginManager:220 - loadIPPluginJar : add dma3
2025-08-25 19:27:16,825 [INFO] IPUIPlugin:80 - create IPUIPlugin
2025-08-25 19:27:16,825 [INFO] PluginManager:220 - loadIPPluginJar : add tsc
2025-08-25 19:27:16,826 [INFO] IPUIPlugin:80 - create IPUIPlugin
2025-08-25 19:27:16,827 [INFO] PluginManager:220 - loadIPPluginJar : add comp
2025-08-25 19:27:16,829 [INFO] IPUIPlugin:80 - create IPUIPlugin
2025-08-25 19:27:16,829 [INFO] PluginManager:220 - loadIPPluginJar : add dfsdm
2025-08-25 19:27:16,832 [INFO] IPUIPlugin:80 - create IPUIPlugin
2025-08-25 19:27:16,832 [INFO] PluginManager:220 - loadIPPluginJar : add usbx
2025-08-25 19:27:16,834 [INFO] IPUIPlugin:80 - create IPUIPlugin
2025-08-25 19:27:16,834 [INFO] PluginManager:220 - loadIPPluginJar : add tracer_emb
2025-08-25 19:27:16,846 [INFO] IPUIPlugin:80 - create IPUIPlugin
2025-08-25 19:27:16,847 [INFO] PluginManager:220 - loadIPPluginJar : add resmgrutility
2025-08-25 19:27:16,853 [INFO] IPUIPlugin:80 - create IPUIPlugin
2025-08-25 19:27:16,853 [INFO] PluginManager:220 - loadIPPluginJar : add gic
2025-08-25 19:27:16,856 [INFO] IPUIPlugin:80 - create IPUIPlugin
2025-08-25 19:27:16,856 [INFO] PluginManager:220 - loadIPPluginJar : add gtzc
2025-08-25 19:27:16,858 [INFO] IPUIPlugin:80 - create IPUIPlugin
2025-08-25 19:27:16,858 [INFO] PluginManager:220 - loadIPPluginJar : add usart
2025-08-25 19:27:16,868 [INFO] IPUIPlugin:80 - create IPUIPlugin
2025-08-25 19:27:16,868 [INFO] PluginManager:220 - loadIPPluginJar : add pdm2pcm
2025-08-25 19:27:16,869 [INFO] IPUIPlugin:80 - create IPUIPlugin
2025-08-25 19:27:16,869 [INFO] PluginManager:220 - loadIPPluginJar : add quadspi
2025-08-25 19:27:16,871 [INFO] IPUIPlugin:80 - create IPUIPlugin
2025-08-25 19:27:16,872 [INFO] PluginManager:220 - loadIPPluginJar : add gfxmmu
2025-08-25 19:27:16,874 [INFO] IPUIPlugin:80 - create IPUIPlugin
2025-08-25 19:27:16,874 [INFO] PluginManager:220 - loadIPPluginJar : add i3c
2025-08-25 19:27:16,880 [INFO] IPUIPlugin:80 - create IPUIPlugin
2025-08-25 19:27:16,880 [INFO] PluginManager:220 - loadIPPluginJar : add opamp
2025-08-25 19:27:16,893 [INFO] IPUIPlugin:80 - create IPUIPlugin
2025-08-25 19:27:16,893 [INFO] PluginManager:220 - loadIPPluginJar : add ipddr
2025-08-25 19:27:16,895 [INFO] IPUIPlugin:80 - create IPUIPlugin
2025-08-25 19:27:16,895 [INFO] PluginManager:220 - loadIPPluginJar : add ltdc
2025-08-25 19:27:16,903 [INFO] IPUIPlugin:80 - create IPUIPlugin
2025-08-25 19:27:16,903 [INFO] PluginManager:220 - loadIPPluginJar : add mdma
2025-08-25 19:27:16,906 [INFO] IPUIPlugin:80 - create IPUIPlugin
2025-08-25 19:27:16,907 [INFO] PluginManager:220 - loadIPPluginJar : add touchsensing
2025-08-25 19:27:16,921 [INFO] IPUIPlugin:80 - create IPUIPlugin
2025-08-25 19:27:16,921 [INFO] PluginManager:220 - loadIPPluginJar : add ddr_ctrl_phy
2025-08-25 19:27:16,924 [INFO] IPUIPlugin:80 - create IPUIPlugin
2025-08-25 19:27:16,924 [INFO] PluginManager:220 - loadIPPluginJar : add hash
2025-08-25 19:27:16,926 [INFO] IPUIPlugin:80 - create IPUIPlugin
2025-08-25 19:27:16,926 [INFO] PluginManager:220 - loadIPPluginJar : add tim
2025-08-25 19:27:16,929 [INFO] IPUIPlugin:80 - create IPUIPlugin
2025-08-25 19:27:16,929 [INFO] PluginManager:220 - loadIPPluginJar : add lorawan
2025-08-25 19:27:16,946 [INFO] IPUIPlugin:80 - create IPUIPlugin
2025-08-25 19:27:16,946 [INFO] PluginManager:220 - loadIPPluginJar : add gpio
2025-08-25 19:27:16,954 [INFO] IPUIPlugin:80 - create IPUIPlugin
2025-08-25 19:27:16,954 [INFO] PluginManager:220 - loadIPPluginJar : add adc
2025-08-25 19:27:16,968 [INFO] IPUIPlugin:80 - create IPUIPlugin
2025-08-25 19:27:16,968 [INFO] PluginManager:220 - loadIPPluginJar : add freertos
2025-08-25 19:27:16,970 [INFO] IPUIPlugin:80 - create IPUIPlugin
2025-08-25 19:27:16,971 [INFO] PluginManager:220 - loadIPPluginJar : add radio
2025-08-25 19:27:16,978 [INFO] IPUIPlugin:80 - create IPUIPlugin
2025-08-25 19:27:16,978 [INFO] PluginManager:220 - loadIPPluginJar : add dma
2025-08-25 19:27:16,980 [INFO] IPUIPlugin:80 - create IPUIPlugin
2025-08-25 19:27:16,981 [INFO] PluginManager:220 - loadIPPluginJar : add spi
2025-08-25 19:27:16,983 [INFO] IPUIPlugin:80 - create IPUIPlugin
2025-08-25 19:27:16,984 [INFO] PluginManager:220 - loadIPPluginJar : add sai
2025-08-25 19:27:16,990 [INFO] IPUIPlugin:80 - create IPUIPlugin
2025-08-25 19:27:16,990 [INFO] PluginManager:220 - loadIPPluginJar : add stm32_wpan
2025-08-25 19:27:16,992 [INFO] IPUIPlugin:80 - create IPUIPlugin
2025-08-25 19:27:16,992 [INFO] PluginManager:220 - loadIPPluginJar : add ts
2025-08-25 19:27:16,996 [INFO] IPUIPlugin:80 - create IPUIPlugin
2025-08-25 19:27:16,996 [INFO] PluginManager:220 - loadIPPluginJar : add fmc
2025-08-25 19:27:17,016 [INFO] IPUIPlugin:80 - create IPUIPlugin
2025-08-25 19:27:17,016 [INFO] PluginManager:220 - loadIPPluginJar : add linkedlist
2025-08-25 19:27:17,018 [INFO] IPUIPlugin:80 - create IPUIPlugin
2025-08-25 19:27:17,018 [INFO] PluginManager:220 - loadIPPluginJar : add ucpd
2025-08-25 19:27:17,021 [INFO] IPUIPlugin:80 - create IPUIPlugin
2025-08-25 19:27:17,021 [INFO] PluginManager:220 - loadIPPluginJar : add extmemmanager
2025-08-25 19:27:17,043 [INFO] IPUIPlugin:80 - create IPUIPlugin
2025-08-25 19:27:17,044 [INFO] PluginManager:220 - loadIPPluginJar : add nvic
2025-08-25 19:27:17,047 [INFO] IPUIPlugin:80 - create IPUIPlugin
2025-08-25 19:27:17,047 [INFO] PluginManager:220 - loadIPPluginJar : add cryp
2025-08-25 19:27:17,050 [INFO] IPUIPlugin:80 - create IPUIPlugin
2025-08-25 19:27:17,050 [INFO] PluginManager:220 - loadIPPluginJar : add i2c
2025-08-25 19:27:17,053 [INFO] IPUIPlugin:80 - create IPUIPlugin
2025-08-25 19:27:17,053 [INFO] PluginManager:220 - loadIPPluginJar : add i2s
2025-08-25 19:27:17,191 [FATAL] Updater:351 - Updater called before beeing initialized
2025-08-25 19:27:17,258 [INFO] RulesReader:64 - Compatibility file has been processed (317 Rules)
2025-08-25 19:27:17,274 [INFO] RulesReader:64 - Compatibility file has been processed (317 Rules)
2025-08-25 19:27:17,284 [INFO] CADModel:165 - CPN selected for project level
2025-08-25 19:27:17,284 [INFO] CADModel:114 - Register for checkConnection events
2025-08-25 19:27:17,284 [FATAL] Updater:351 - Updater called before beeing initialized
2025-08-25 19:27:17,284 [ERROR] CADModel:125 - Updater not yet initialized, retry later 
2025-08-25 19:27:17,600 [FATAL] Updater:351 - Updater called before beeing initialized
2025-08-25 19:27:17,619 [INFO] CADModel:165 - CPN selected for project level
2025-08-25 19:27:17,619 [INFO] CADModel:114 - Register for checkConnection events
2025-08-25 19:27:17,619 [FATAL] Updater:351 - Updater called before beeing initialized
2025-08-25 19:27:17,620 [ERROR] CADModel:125 - Updater not yet initialized, retry later 
2025-08-25 19:27:17,625 [FATAL] Updater:351 - Updater called before beeing initialized
2025-08-25 19:27:17,737 [FATAL] Updater:351 - Updater called before beeing initialized
2025-08-25 19:27:17,765 [INFO] DbMcusAds:53 - JSON generation date=Tue Jul 08 11:14:23 MSK 2025 (1751962463582)
2025-08-25 19:27:17,765 [FATAL] Updater:351 - Updater called before beeing initialized
2025-08-25 19:27:17,866 [WARN] DetailPanel:346 - Failed to get advertising image, set to default
2025-08-25 19:27:17,966 [FATAL] Updater:351 - Updater called before beeing initialized
2025-08-25 19:27:17,968 [FATAL] Updater:351 - Updater called before beeing initialized
2025-08-25 19:27:17,969 [FATAL] Updater:351 - Updater called before beeing initialized
2025-08-25 19:27:17,969 [WARN] DetailPanel:346 - Failed to get advertising image, set to default
2025-08-25 19:27:17,970 [FATAL] Updater:351 - Updater called before beeing initialized
2025-08-25 19:27:18,052 [ERROR] Updater:1198 - MainUpdater not yet initialized. External WinMGr cannot be set.
2025-08-25 19:27:18,064 [INFO] Updater:1134 - Updater Version found : 6.15.0
2025-08-25 19:27:18,112 [INFO] ApplicationProperties:184 - Using Application install path: /opt/st/stm32cubeide_1.19.0_2/plugins/com.st.stm32cube.common.mx_6.15.0.202507011659
2025-08-25 19:27:18,616 [INFO] ThirdPartyUpdaterWithRetryManager:70 - Updater plugin not ready yet. [2/15]
2025-08-25 19:27:18,800 [ERROR] CheckConnectionManager:249 - Problem, Http access forbiden
2025-08-25 19:27:18,805 [INFO] MainUpdater:2872 - connection check result : 22
2025-08-25 19:27:18,806 [INFO] MainUpdater:289 - Updater Check For Update Now.
2025-08-25 19:27:18,806 [INFO] MicroXplorer:498 - Change Database Version : DB.6.0.150
2025-08-25 19:27:18,811 [INFO] McuFinderGlobals:63 - Set McuFinder mode to 2 (CubeIDE integrated)
2025-08-25 19:27:18,993 [INFO] UserAuth:487 - Internet connection configuration mode: 2
2025-08-25 19:27:18,999 [INFO] UserAuth:487 - Internet connection configuration mode: 2
2025-08-25 19:27:19,156 [INFO] CheckServerUpdateThread:120 - End of CheckServer Thread
2025-08-25 19:27:21,968 [WARN] PackLoader:240 - Cannot read IP mode file for STMicroelectronics.FP-SNS-MOTENVWB1.1.4.0
2025-08-25 19:27:21,987 [WARN] PackLoader:240 - Cannot read IP mode file for STMicroelectronics.FP-ATR-ASTRA1.2.0.2
2025-08-25 19:27:21,996 [WARN] PackLoader:240 - Cannot read IP mode file for STMicroelectronics.X-CUBE-SMBUS.2.1.0
2025-08-25 19:27:22,010 [WARN] PackLoader:240 - Cannot read IP mode file for STMicroelectronics.X-CUBE-ST60.1.0.0
2025-08-25 19:27:22,057 [WARN] PackLoader:240 - Cannot read IP mode file for STMicroelectronics.X-CUBE-AZRTOS-F7.1.1.0
2025-08-25 19:27:22,093 [WARN] PackLoader:240 - Cannot read IP mode file for Infineon.AIROC-Wi-Fi-Bluetooth-STM32.1.7.1
2025-08-25 19:27:22,132 [WARN] PackLoader:240 - Cannot read IP mode file for STMicroelectronics.X-CUBE-AZRTOS-H7.3.4.0
2025-08-25 19:27:22,152 [WARN] PackLoader:240 - Cannot read IP mode file for STMicroelectronics.X-CUBE-DISPLAY.3.0.0
2025-08-25 19:27:22,174 [WARN] PackLoader:240 - Cannot read IP mode file for STMicroelectronics.X-CUBE-NFC10.1.0.0
2025-08-25 19:27:22,187 [WARN] PackLoader:240 - Cannot read IP mode file for emotas.I-CUBE-CANOPEN.1.3.0
2025-08-25 19:27:22,198 [WARN] ConditionMgr:438 - getConditionDescription Invalid condition id : Cortex-A Device cause : null
2025-08-25 19:27:22,219 [WARN] ConditionMgr:1044 - genDependencies : Invalid condition id : Cortex-A Device cause : null
2025-08-25 19:27:22,219 [WARN] ConditionMgr:1044 - genDependencies : Invalid condition id : Cortex-A Device cause : null
2025-08-25 19:27:22,219 [WARN] ConditionMgr:1044 - genDependencies : Invalid condition id : Cortex-A Device cause : null
2025-08-25 19:27:22,236 [WARN] PackLoader:240 - Cannot read IP mode file for STMicroelectronics.FP-SNS-STBOX1.2.1.0
2025-08-25 19:27:22,242 [WARN] PackLoader:240 - Cannot read IP mode file for STMicroelectronics.FP-SNS-SMARTAG2.1.2.0
2025-08-25 19:27:22,245 [WARN] PackLoader:240 - Cannot read IP mode file for STMicroelectronics.FP-SNS-FLIGHT1.5.1.0
2025-08-25 19:27:22,253 [INFO] LogOutputStream:77 - [STDOUT_REDIRECT] 1 : Invalid condition id : UX_CORESTACK_Condition cause : null
2025-08-25 19:27:22,253 [INFO] LogOutputStream:77 - [STDOUT_REDIRECT] 1 : Invalid condition id : UX_CORESTACK_Condition cause : null
2025-08-25 19:27:22,253 [INFO] LogOutputStream:77 - [STDOUT_REDIRECT] 1 : Invalid condition id : UX_CORESTACK_Condition cause : null
2025-08-25 19:27:22,254 [INFO] LogOutputStream:77 - [STDOUT_REDIRECT] 1 : Invalid condition id : UX_CORESTACK_Condition cause : null
2025-08-25 19:27:22,254 [INFO] LogOutputStream:77 - [STDOUT_REDIRECT] 1 : Invalid condition id : UX_CORESTACK_Condition cause : null
2025-08-25 19:27:22,257 [WARN] PackLoader:240 - Cannot read IP mode file for STMicroelectronics.X-CUBE-AZRTOS-WL.2.0.0
2025-08-25 19:27:22,261 [WARN] PackLoader:240 - Cannot read IP mode file for STMicroelectronics.FP-SNS-MOTENV1.5.0.0
2025-08-25 19:27:22,267 [WARN] PackLoader:240 - Cannot read IP mode file for WES.I-CUBE-Cesium.1.3.0
2025-08-25 19:27:22,270 [WARN] PackLoader:240 - Cannot read IP mode file for STMicroelectronics.X-CUBE-BLE2.3.3.0
2025-08-25 19:27:22,281 [WARN] PackLoader:240 - Cannot read IP mode file for STMicroelectronics.X-CUBE-NFC9.1.0.0
2025-08-25 19:27:22,300 [WARN] PackLoader:240 - Cannot read IP mode file for wolfSSL.I-CUBE-wolfSSL.5.8.0
2025-08-25 19:27:22,312 [WARN] PackLoader:240 - Cannot read IP mode file for wolfSSL.I-CUBE-wolfSSL.5.8.2
2025-08-25 19:27:22,317 [WARN] PackLoader:240 - Cannot read IP mode file for STMicroelectronics.X-CUBE-BLE1.7.1.0
2025-08-25 19:27:22,321 [WARN] PackLoader:240 - Cannot read IP mode file for wolfSSL.I-CUBE-wolfMQTT.1.19.2
2025-08-25 19:27:22,326 [WARN] PackLoader:240 - Cannot read IP mode file for STMicroelectronics.X-CUBE-EEPRMA1.5.2.0
2025-08-25 19:27:22,330 [WARN] PackLoader:240 - Cannot read IP mode file for STMicroelectronics.X-CUBE-AI.10.1.0
2025-08-25 19:27:22,356 [WARN] PackLoader:240 - Cannot read IP mode file for STMicroelectronics.X-CUBE-AZRTOS-G0.1.1.0
2025-08-25 19:27:22,363 [WARN] PackLoader:240 - Cannot read IP mode file for STMicroelectronics.X-CUBE-SAFEA1.1.2.2
2025-08-25 19:27:22,379 [WARN] PackLoader:240 - Cannot read IP mode file for STMicroelectronics.X-CUBE-NFC4.3.0.0
2025-08-25 19:27:22,387 [WARN] PackLoader:240 - Cannot read IP mode file for EmbeddedOffice.I-CUBE-FS-RTOS.1.0.1
2025-08-25 19:27:22,392 [WARN] PackLoader:240 - Cannot read IP mode file for STMicroelectronics.X-CUBE-WB05N.2.0.0
2025-08-25 19:27:22,395 [WARN] PackLoader:240 - Cannot read IP mode file for wolfSSL.I-CUBE-wolfTPM.3.8.0
2025-08-25 19:27:22,398 [WARN] PackLoader:240 - Cannot read IP mode file for STMicroelectronics.X-CUBE-TCPP.4.2.0
2025-08-25 19:27:22,410 [WARN] PackLoader:240 - Cannot read IP mode file for RealThread.X-CUBE-RT-Thread_Nano.4.1.1
2025-08-25 19:27:22,423 [WARN] PackLoader:240 - Cannot read IP mode file for STMicroelectronics.FP-ATR-SIGFOX1.3.2.0
2025-08-25 19:27:22,436 [WARN] PackLoader:240 - Cannot read IP mode file for ITTIA_DB.I-CUBE-ITTIADB.8.9.0
2025-08-25 19:27:22,442 [WARN] PackLoader:240 - Cannot read IP mode file for STMicroelectronics.X-CUBE-ST67W61.1.0.0
2025-08-25 19:27:22,460 [WARN] PackLoader:240 - Cannot read IP mode file for STMicroelectronics.X-CUBE-AI.10.2.0
2025-08-25 19:27:22,485 [WARN] PackLoader:240 - Cannot read IP mode file for SEGGER.I-CUBE-embOS.1.3.1
2025-08-25 19:27:22,552 [WARN] PackLoader:240 - Cannot read IP mode file for STMicroelectronics.X-CUBE-ALGOBUILD.1.4.0
2025-08-25 19:27:22,611 [WARN] PackLoader:240 - Cannot read IP mode file for STMicroelectronics.X-CUBE-MEMS1.11.3.0
2025-08-25 19:27:22,733 [WARN] PackLoader:240 - Cannot read IP mode file for STMicroelectronics.X-CUBE-PM33A1.1.0.0
2025-08-25 19:27:22,760 [WARN] PackLoader:240 - Cannot read IP mode file for STMicroelectronics.X-CUBE-AZRTOS-F4.1.1.0
2025-08-25 19:27:22,768 [WARN] PackLoader:240 - Cannot read IP mode file for Avnet-IotConnect.X-CUBE-IoTC-DA16k-PMOD.1.0.0
2025-08-25 19:27:22,802 [WARN] PackLoader:240 - Cannot read IP mode file for STMicroelectronics.X-CUBE-ISPU.2.1.0
2025-08-25 19:27:22,823 [WARN] PackLoader:240 - Cannot read IP mode file for STMicroelectronics.X-CUBE-NFC12.1.0.0
2025-08-25 19:27:22,853 [WARN] PackLoader:240 - Cannot read IP mode file for STMicroelectronics.X-CUBE-AZRTOS-L5.2.0.0
2025-08-25 19:27:22,878 [WARN] PackLoader:240 - Cannot read IP mode file for STMicroelectronics.X-CUBE-NFC6.3.1.0
2025-08-25 19:27:22,885 [WARN] PackLoader:240 - Cannot read IP mode file for STMicroelectronics.X-CUBE-FREERTOS.1.3.1
2025-08-25 19:27:22,889 [WARN] PackLoader:240 - Cannot read IP mode file for STMicroelectronics.FP-SNS-STAIOTCFT.1.0.0
2025-08-25 19:27:22,904 [WARN] PackLoader:240 - Cannot read IP mode file for STMicroelectronics.X-CUBE-DPower.1.3.0
2025-08-25 19:27:22,923 [WARN] ConditionMgr:438 - getConditionDescription Invalid condition id : LAN8742 Phy interface Condition cause : null
2025-08-25 19:27:22,923 [WARN] PackLoader:240 - Cannot read IP mode file for STMicroelectronics.X-CUBE-AZRTOS-L4.2.0.0
2025-08-25 19:27:22,924 [WARN] ConditionMgr:1044 - genDependencies : Invalid condition id : LAN8742 Phy interface Condition cause : null
2025-08-25 19:27:22,925 [WARN] ConditionMgr:1044 - genDependencies : Invalid condition id : LAN8742 Phy interface Condition cause : null
2025-08-25 19:27:22,925 [WARN] ConditionMgr:1044 - genDependencies : Invalid condition id : LAN8742 Phy interface Condition cause : null
2025-08-25 19:27:22,930 [WARN] PackLoader:240 - Cannot read IP mode file for STMicroelectronics.X-CUBE-SFXS2LP1.4.0.0
2025-08-25 19:27:22,950 [WARN] PackLoader:240 - Cannot read IP mode file for STMicroelectronics.X-CUBE-BLEMGR.4.1.0
2025-08-25 19:27:22,963 [WARN] ConditionMgr:438 - getConditionDescription Invalid condition id : UX DEVICE CLASS RTOS Condition cause : null
2025-08-25 19:27:22,963 [WARN] ConditionMgr:438 - getConditionDescription Invalid condition id : UX DEVICE CLASS RTOS Condition cause : null
2025-08-25 19:27:22,965 [WARN] PackLoader:240 - Cannot read IP mode file for STMicroelectronics.X-CUBE-AZRTOS-WB.2.0.0
2025-08-25 19:27:22,966 [WARN] ConditionMgr:1044 - genDependencies : Invalid condition id : UX DEVICE CLASS RTOS Condition cause : null
2025-08-25 19:27:22,966 [WARN] ConditionMgr:1044 - genDependencies : Invalid condition id : UX DEVICE CLASS RTOS Condition cause : null
2025-08-25 19:27:22,966 [WARN] ConditionMgr:1044 - genDependencies : Invalid condition id : UX DEVICE CLASS RTOS Condition cause : null
2025-08-25 19:27:22,966 [WARN] ConditionMgr:1044 - genDependencies : Invalid condition id : UX DEVICE CLASS RTOS Condition cause : null
2025-08-25 19:27:22,967 [WARN] ConditionMgr:1044 - genDependencies : Invalid condition id : UX DEVICE CLASS RTOS Condition cause : null
2025-08-25 19:27:22,971 [WARN] PackLoader:240 - Cannot read IP mode file for STMicroelectronics.X-CUBE-GNSS1.7.0.1
2025-08-25 19:27:22,974 [WARN] PackLoader:240 - Cannot read IP mode file for STMicroelectronics.X-CUBE-TOUCHGFX.4.25.0
2025-08-25 19:27:22,977 [WARN] PackLoader:240 - Cannot read IP mode file for STMicroelectronics.FP-SNS-STBOX1.2.0.0
2025-08-25 19:27:22,981 [WARN] ConditionMgr:438 - getConditionDescription Invalid condition id : Cortex-A Device cause : null
2025-08-25 19:27:22,986 [WARN] ConditionMgr:1044 - genDependencies : Invalid condition id : Cortex-A Device cause : null
2025-08-25 19:27:22,986 [WARN] ConditionMgr:1044 - genDependencies : Invalid condition id : Cortex-A Device cause : null
2025-08-25 19:27:22,986 [WARN] ConditionMgr:1044 - genDependencies : Invalid condition id : Cortex-A Device cause : null
2025-08-25 19:27:22,997 [WARN] PackLoader:240 - Cannot read IP mode file for STMicroelectronics.X-CUBE-SUBG2.5.0.0
2025-08-25 19:27:23,022 [WARN] PackLoader:240 - Cannot read IP mode file for STMicroelectronics.X-CUBE-AZRTOS-H7RS.1.1.0
2025-08-25 19:27:23,026 [WARN] PackLoader:240 - Cannot read IP mode file for Cesanta.I-CUBE-Mongoose.7.13.0
2025-08-25 19:27:23,036 [WARN] PackLoader:240 - Cannot read IP mode file for STMicroelectronics.X-CUBE-AZRTOS-G4.2.0.0
2025-08-25 19:27:23,040 [WARN] PackLoader:240 - Cannot read IP mode file for wolfSSL.I-CUBE-wolfSSH.1.4.20
2025-08-25 19:27:23,044 [WARN] PackLoader:240 - Cannot read IP mode file for STMicroelectronics.X-CUBE-NFC7.2.0.0
2025-08-25 19:27:23,064 [WARN] PackLoader:240 - Cannot read IP mode file for STMicroelectronics.X-CUBE-IPS.3.1.0
2025-08-25 19:27:23,071 [WARN] PackLoader:240 - Cannot read IP mode file for STMicroelectronics.X-CUBE-ALS.1.0.2
2025-08-25 19:27:23,088 [WARN] PackLoader:240 - Cannot read IP mode file for portGmbH.I-Cube-SoM-uGOAL.1.1.0
2025-08-25 19:27:23,099 [WARN] PackLoader:240 - Cannot read IP mode file for STMicroelectronics.X-CUBE-TOF1.3.4.3
2025-08-25 19:27:23,109 [INFO] ThirdParty:978 - Integrity check success = true
2025-08-25 19:27:23,109 [INFO] IntegrityCheckThread:100 - exiting critical section [integrity check]
2025-08-25 19:27:23,109 [INFO] IntegrityCheckThread:103 - End integrity checks thread
