2025-08-26 19:02:53,004 [INFO] Activator:176 - 


2025-08-26 19:02:53,008 [INFO] Activator:177 - !SESSION log4j initialized
2025-08-26 19:03:03,630 [INFO] LogOutputStream:77 - [STDOUT_REDIRECT] 
2025-08-26 19:03:11,080 [INFO] ApplicationProperties:184 - Using Application install path: /opt/st/stm32cubeide_1.19.0_2/plugins/com.st.stm32cube.common.mx_6.15.0.202507011659
2025-08-26 19:03:11,159 [INFO] DbMcusXml:78 - Set database path to: /opt/st/stm32cubeide_1.19.0_2/plugins/com.st.stm32cube.common.mx_6.15.0.202507011659//db//mcu/
2025-08-26 19:03:11,159 [INFO] ApiDb:274 - Set plugin database path to: /opt/st/stm32cubeide_1.19.0_2/plugins/com.st.stm32cube.common.mx_6.15.0.202507011659//db//plugins/boardmanager/
2025-08-26 19:03:11,160 [WARN] ApiDb:259 - Overriding images path with different value:  => /opt/st/stm32cubeide_1.19.0_2/plugins/com.st.stm32cube.common.mx_6.15.0.202507011659//db//plugins/mcufinder/images/
2025-08-26 19:03:11,251 [INFO] ApiDb:250 - Set database path to: /home/user1/.stmcufinder/plugins/mcufinder//mcu/
2025-08-26 19:03:11,254 [INFO] DbMcusAds:125 - Set database path to: /home/user1/.stmcufinder/plugins/mcufinder//mcu/
2025-08-26 19:03:11,258 [INFO] CrossReferenceDbSqlite:203 - Set database path to: /home/user1/.stmcufinder/plugins/mcufinder//mcu/cs/
2025-08-26 19:03:11,506 [INFO] RulesReader:64 - Compatibility file has been processed (317 Rules)
2025-08-26 19:03:11,758 [INFO] DbMcusXml:78 - Set database path to: /opt/st/stm32cubeide_1.19.0_2/plugins/com.st.stm32cube.common.mx_6.15.0.202507011659//db//mcu/
2025-08-26 19:03:11,758 [INFO] ApiDb:274 - Set plugin database path to: /opt/st/stm32cubeide_1.19.0_2/plugins/com.st.stm32cube.common.mx_6.15.0.202507011659//db//plugins/boardmanager/
2025-08-26 19:03:11,759 [INFO] ApiDb:261 - Set plugin images path to: /opt/st/stm32cubeide_1.19.0_2/plugins/com.st.stm32cube.common.mx_6.15.0.202507011659//db//plugins/mcufinder/images/
2025-08-26 19:03:11,759 [WARN] DbFile:41 - Overriding database path with different value: /home/user1/.stmcufinder/plugins/mcufinder/ => /home/user1/.stmcufinder/plugins/mcufinder
2025-08-26 19:03:11,759 [INFO] ApiDb:250 - Set database path to: /home/user1/.stmcufinder/plugins/mcufinder//mcu/
2025-08-26 19:03:11,759 [WARN] DbFile:41 - Overriding database path with different value: /home/user1/.stmcufinder/plugins/mcufinder/ => /home/user1/.stmcufinder/plugins/mcufinder
2025-08-26 19:03:11,759 [INFO] DbMcusAds:125 - Set database path to: /home/user1/.stmcufinder/plugins/mcufinder//mcu/
2025-08-26 19:03:11,759 [WARN] DbFile:41 - Overriding database path with different value: /home/user1/.stmcufinder/plugins/mcufinder/ => /home/user1/.stmcufinder/plugins/mcufinder
2025-08-26 19:03:11,759 [WARN] DbFile:41 - Overriding database path with different value: /home/user1/.stmcufinder/plugins/mcufinder/ => /home/user1/.stmcufinder/plugins/mcufinder
2025-08-26 19:03:11,760 [INFO] CrossReferenceDbSqlite:203 - Set database path to: /home/user1/.stmcufinder/plugins/mcufinder//mcu/cs/
2025-08-26 19:03:11,966 [INFO] MainPanel:274 - HeapMemory: 268435456
2025-08-26 19:03:12,407 [INFO] DbMcusXml:78 - Set database path to: /opt/st/stm32cubeide_1.19.0_2/plugins/com.st.stm32cube.common.mx_6.15.0.202507011659//db//mcu/
2025-08-26 19:03:12,407 [INFO] ApiDb:274 - Set plugin database path to: /opt/st/stm32cubeide_1.19.0_2/plugins/com.st.stm32cube.common.mx_6.15.0.202507011659//db//plugins/boardmanager/
2025-08-26 19:03:12,408 [INFO] ApiDb:261 - Set plugin images path to: /opt/st/stm32cubeide_1.19.0_2/plugins/com.st.stm32cube.common.mx_6.15.0.202507011659//db//plugins/mcufinder/images/
2025-08-26 19:03:12,408 [WARN] DbFile:41 - Overriding database path with different value: /home/user1/.stmcufinder/plugins/mcufinder/ => /home/user1/.stmcufinder/plugins/mcufinder
2025-08-26 19:03:12,408 [INFO] ApiDb:250 - Set database path to: /home/user1/.stmcufinder/plugins/mcufinder//mcu/
2025-08-26 19:03:12,408 [WARN] DbFile:41 - Overriding database path with different value: /home/user1/.stmcufinder/plugins/mcufinder/ => /home/user1/.stmcufinder/plugins/mcufinder
2025-08-26 19:03:12,408 [INFO] DbMcusAds:125 - Set database path to: /home/user1/.stmcufinder/plugins/mcufinder//mcu/
2025-08-26 19:03:12,409 [WARN] DbFile:41 - Overriding database path with different value: /home/user1/.stmcufinder/plugins/mcufinder/ => /home/user1/.stmcufinder/plugins/mcufinder
2025-08-26 19:03:12,409 [WARN] DbFile:41 - Overriding database path with different value: /home/user1/.stmcufinder/plugins/mcufinder/ => /home/user1/.stmcufinder/plugins/mcufinder
2025-08-26 19:03:12,409 [INFO] CrossReferenceDbSqlite:203 - Set database path to: /home/user1/.stmcufinder/plugins/mcufinder//mcu/cs/
2025-08-26 19:03:12,435 [INFO] ApplicationProperties:184 - Using Application install path: /opt/st/stm32cubeide_1.19.0_2/plugins/com.st.stm32cube.common.mx_6.15.0.202507011659
2025-08-26 19:03:12,436 [INFO] PluginManage:196 - Search for loadable plugins [exclusion list=, ]
2025-08-26 19:03:12,447 [INFO] PluginManage:310 - Check plugin analytics
2025-08-26 19:03:12,741 [INFO] AnalyticsPlugin:253 - Accepted Software Licenses: STM32CubeMX.6.15.0
2025-08-26 19:03:12,742 [INFO] AnalyticsPlugin:255 - Accepted CMSIS Pack Licenses: 
2025-08-26 19:03:12,742 [INFO] AnalyticsPlugin:257 - Accepted Firmware Licenses: 
2025-08-26 19:03:12,744 [INFO] PluginManage:359 - Loaded plugin analytics (category:tool,tabindex:-1)
2025-08-26 19:03:12,745 [INFO] PluginManage:310 - Check plugin cadmodel
2025-08-26 19:03:12,794 [INFO] CADModel:105 - Init CAD model plugin
2025-08-26 19:03:12,794 [INFO] PluginManage:359 - Loaded plugin cadmodel (category:power,tabindex:5)
2025-08-26 19:03:12,794 [INFO] PluginManage:310 - Check plugin clock
2025-08-26 19:03:12,846 [INFO] PluginManage:359 - Loaded plugin clock (category:base,tabindex:2)
2025-08-26 19:03:12,847 [INFO] PluginManage:310 - Check plugin ddr
2025-08-26 19:03:12,865 [INFO] PluginManage:359 - Loaded plugin ddr (category:tool,tabindex:6)
2025-08-26 19:03:12,866 [INFO] PluginManage:310 - Check plugin filemanager
2025-08-26 19:03:13,151 [INFO] PluginManage:359 - Loaded plugin filemanager (category:base,tabindex:10)
2025-08-26 19:03:13,151 [INFO] PluginManage:310 - Check plugin ipmanager
2025-08-26 19:03:13,166 [INFO] PluginManage:359 - Loaded plugin ipmanager (category:base,tabindex:5)
2025-08-26 19:03:13,166 [INFO] PluginManage:310 - Check plugin lpbam
2025-08-26 19:03:13,190 [INFO] PluginManage:359 - Loaded plugin lpbam (category:base,tabindex:0)
2025-08-26 19:03:13,190 [INFO] PluginManage:310 - Check plugin memorymap
2025-08-26 19:03:13,238 [INFO] PluginManage:359 - Loaded plugin memorymap (category:base,tabindex:4)
2025-08-26 19:03:13,238 [INFO] PluginManage:310 - Check plugin pinoutandconfiguration
2025-08-26 19:03:13,288 [INFO] PluginManage:359 - Loaded plugin pinoutandconfiguration (category:base,tabindex:1)
2025-08-26 19:03:13,288 [INFO] PluginManage:310 - Check plugin pinoutconfig
2025-08-26 19:03:13,488 [WARN] SupportedApi:132 - Cannot load RTOS API schema: s4s-elt-must-match.1: The content of 'definitions' must match (annotation?, (simpleType | complexType)?, (unique | key | keyref)*)). A problem was found starting at: attribute.
2025-08-26 19:03:13,707 [INFO] PluginManage:359 - Loaded plugin pinoutconfig (category:base,tabindex:0)
2025-08-26 19:03:13,708 [INFO] PluginManage:310 - Check plugin power
2025-08-26 19:03:13,762 [INFO] PluginManage:359 - Loaded plugin power (category:power,tabindex:4)
2025-08-26 19:03:13,762 [INFO] PluginManage:310 - Check plugin projectmanager
2025-08-26 19:03:13,801 [INFO] PluginManage:359 - Loaded plugin projectmanager (category:projectmanager,tabindex:4)
2025-08-26 19:03:13,801 [INFO] PluginManage:310 - Check plugin rif
2025-08-26 19:03:13,831 [INFO] PluginManage:359 - Loaded plugin rif (category:base,tabindex:3)
2025-08-26 19:03:13,832 [INFO] PluginManage:310 - Check plugin thirdparty
2025-08-26 19:03:14,349 [INFO] PluginManage:359 - Loaded plugin thirdparty (category:base,tabindex:-1)
2025-08-26 19:03:14,349 [WARN] IntegrityCheckThread:84 - waiting for thirdparty lock release [integrity check]
2025-08-26 19:03:14,350 [INFO] PluginManage:310 - Check plugin tools
2025-08-26 19:03:14,350 [INFO] IntegrityCheckThread:86 - entering critical section [integrity check]
2025-08-26 19:03:14,351 [INFO] ThirdPartyUpdaterWithRetryManager:70 - Updater plugin not ready yet. [1/15]
2025-08-26 19:03:14,372 [INFO] PluginManage:359 - Loaded plugin tools (category:base,tabindex:7)
2025-08-26 19:03:14,372 [INFO] PluginManage:310 - Check plugin tutovideos
2025-08-26 19:03:14,772 [INFO] PluginManage:359 - Loaded plugin tutovideos (category:base,tabindex:-1)
2025-08-26 19:03:14,773 [INFO] PluginManage:310 - Check plugin updater
2025-08-26 19:03:14,840 [INFO] PluginManage:359 - Loaded plugin updater (category:base,tabindex:12)
2025-08-26 19:03:14,841 [INFO] PluginManage:310 - Check plugin userauth
2025-08-26 19:03:14,872 [INFO] UserAuth:118 - Init User Auth plugin
2025-08-26 19:03:14,873 [INFO] PluginManage:359 - Loaded plugin userauth (category:base,tabindex:14)
2025-08-26 19:03:14,874 [INFO] PluginManage:283 - PluginManage : Loaded plugins [18]
2025-08-26 19:03:15,301 [INFO] PinOutPanel:1589 - setPackage(No Configuration,No Configuration)
2025-08-26 19:03:15,460 [INFO] CADModel:165 - CPN selected for project level
2025-08-26 19:03:15,460 [INFO] CADModel:114 - Register for checkConnection events
2025-08-26 19:03:15,547 [INFO] IPUIPlugin:80 - create IPUIPlugin
2025-08-26 19:03:15,551 [INFO] PluginManager:220 - loadIPPluginJar : add plateformsettings
2025-08-26 19:03:15,563 [INFO] IPUIPlugin:80 - create IPUIPlugin
2025-08-26 19:03:15,564 [INFO] PluginManager:220 - loadIPPluginJar : add genericplugin
2025-08-26 19:03:15,571 [INFO] IPUIPlugin:80 - create IPUIPlugin
2025-08-26 19:03:15,571 [INFO] PluginManager:220 - loadIPPluginJar : add can
2025-08-26 19:03:15,585 [INFO] IPUIPlugin:80 - create IPUIPlugin
2025-08-26 19:03:15,585 [INFO] PluginManager:220 - loadIPPluginJar : add openamp
2025-08-26 19:03:15,592 [INFO] IPUIPlugin:80 - create IPUIPlugin
2025-08-26 19:03:15,592 [INFO] PluginManager:220 - loadIPPluginJar : add fatfs
2025-08-26 19:03:15,595 [INFO] IPUIPlugin:80 - create IPUIPlugin
2025-08-26 19:03:15,595 [INFO] PluginManager:220 - loadIPPluginJar : add aes
2025-08-26 19:03:15,599 [INFO] IPUIPlugin:80 - create IPUIPlugin
2025-08-26 19:03:15,599 [INFO] PluginManager:220 - loadIPPluginJar : add dma3
2025-08-26 19:03:15,601 [INFO] IPUIPlugin:80 - create IPUIPlugin
2025-08-26 19:03:15,601 [INFO] PluginManager:220 - loadIPPluginJar : add tsc
2025-08-26 19:03:15,603 [INFO] IPUIPlugin:80 - create IPUIPlugin
2025-08-26 19:03:15,603 [INFO] PluginManager:220 - loadIPPluginJar : add comp
2025-08-26 19:03:15,606 [INFO] IPUIPlugin:80 - create IPUIPlugin
2025-08-26 19:03:15,606 [INFO] PluginManager:220 - loadIPPluginJar : add dfsdm
2025-08-26 19:03:15,609 [INFO] IPUIPlugin:80 - create IPUIPlugin
2025-08-26 19:03:15,609 [INFO] PluginManager:220 - loadIPPluginJar : add usbx
2025-08-26 19:03:15,611 [INFO] IPUIPlugin:80 - create IPUIPlugin
2025-08-26 19:03:15,611 [INFO] PluginManager:220 - loadIPPluginJar : add tracer_emb
2025-08-26 19:03:15,629 [INFO] IPUIPlugin:80 - create IPUIPlugin
2025-08-26 19:03:15,629 [INFO] PluginManager:220 - loadIPPluginJar : add resmgrutility
2025-08-26 19:03:15,636 [INFO] IPUIPlugin:80 - create IPUIPlugin
2025-08-26 19:03:15,637 [INFO] PluginManager:220 - loadIPPluginJar : add gic
2025-08-26 19:03:15,639 [INFO] IPUIPlugin:80 - create IPUIPlugin
2025-08-26 19:03:15,640 [INFO] PluginManager:220 - loadIPPluginJar : add gtzc
2025-08-26 19:03:15,642 [INFO] IPUIPlugin:80 - create IPUIPlugin
2025-08-26 19:03:15,642 [INFO] PluginManager:220 - loadIPPluginJar : add usart
2025-08-26 19:03:15,645 [INFO] IPUIPlugin:80 - create IPUIPlugin
2025-08-26 19:03:15,645 [INFO] PluginManager:220 - loadIPPluginJar : add pdm2pcm
2025-08-26 19:03:15,646 [INFO] IPUIPlugin:80 - create IPUIPlugin
2025-08-26 19:03:15,646 [INFO] PluginManager:220 - loadIPPluginJar : add quadspi
2025-08-26 19:03:15,649 [INFO] IPUIPlugin:80 - create IPUIPlugin
2025-08-26 19:03:15,649 [INFO] PluginManager:220 - loadIPPluginJar : add gfxmmu
2025-08-26 19:03:15,651 [INFO] IPUIPlugin:80 - create IPUIPlugin
2025-08-26 19:03:15,651 [INFO] PluginManager:220 - loadIPPluginJar : add i3c
2025-08-26 19:03:15,689 [INFO] IPUIPlugin:80 - create IPUIPlugin
2025-08-26 19:03:15,690 [INFO] PluginManager:220 - loadIPPluginJar : add opamp
2025-08-26 19:03:15,710 [INFO] IPUIPlugin:80 - create IPUIPlugin
2025-08-26 19:03:15,711 [INFO] PluginManager:220 - loadIPPluginJar : add ipddr
2025-08-26 19:03:15,713 [INFO] IPUIPlugin:80 - create IPUIPlugin
2025-08-26 19:03:15,713 [INFO] PluginManager:220 - loadIPPluginJar : add ltdc
2025-08-26 19:03:15,723 [INFO] IPUIPlugin:80 - create IPUIPlugin
2025-08-26 19:03:15,723 [INFO] PluginManager:220 - loadIPPluginJar : add mdma
2025-08-26 19:03:15,727 [INFO] IPUIPlugin:80 - create IPUIPlugin
2025-08-26 19:03:15,727 [INFO] PluginManager:220 - loadIPPluginJar : add touchsensing
2025-08-26 19:03:15,741 [INFO] IPUIPlugin:80 - create IPUIPlugin
2025-08-26 19:03:15,741 [INFO] PluginManager:220 - loadIPPluginJar : add ddr_ctrl_phy
2025-08-26 19:03:15,744 [INFO] IPUIPlugin:80 - create IPUIPlugin
2025-08-26 19:03:15,744 [INFO] PluginManager:220 - loadIPPluginJar : add hash
2025-08-26 19:03:15,746 [INFO] IPUIPlugin:80 - create IPUIPlugin
2025-08-26 19:03:15,746 [INFO] PluginManager:220 - loadIPPluginJar : add tim
2025-08-26 19:03:15,748 [INFO] IPUIPlugin:80 - create IPUIPlugin
2025-08-26 19:03:15,748 [INFO] PluginManager:220 - loadIPPluginJar : add lorawan
2025-08-26 19:03:15,765 [INFO] IPUIPlugin:80 - create IPUIPlugin
2025-08-26 19:03:15,765 [INFO] PluginManager:220 - loadIPPluginJar : add gpio
2025-08-26 19:03:15,772 [INFO] IPUIPlugin:80 - create IPUIPlugin
2025-08-26 19:03:15,772 [INFO] PluginManager:220 - loadIPPluginJar : add adc
2025-08-26 19:03:15,784 [INFO] IPUIPlugin:80 - create IPUIPlugin
2025-08-26 19:03:15,784 [INFO] PluginManager:220 - loadIPPluginJar : add freertos
2025-08-26 19:03:15,786 [INFO] IPUIPlugin:80 - create IPUIPlugin
2025-08-26 19:03:15,786 [INFO] PluginManager:220 - loadIPPluginJar : add radio
2025-08-26 19:03:15,792 [INFO] IPUIPlugin:80 - create IPUIPlugin
2025-08-26 19:03:15,793 [INFO] PluginManager:220 - loadIPPluginJar : add dma
2025-08-26 19:03:15,795 [INFO] IPUIPlugin:80 - create IPUIPlugin
2025-08-26 19:03:15,795 [INFO] PluginManager:220 - loadIPPluginJar : add spi
2025-08-26 19:03:15,798 [INFO] IPUIPlugin:80 - create IPUIPlugin
2025-08-26 19:03:15,798 [INFO] PluginManager:220 - loadIPPluginJar : add sai
2025-08-26 19:03:15,804 [INFO] IPUIPlugin:80 - create IPUIPlugin
2025-08-26 19:03:15,804 [INFO] PluginManager:220 - loadIPPluginJar : add stm32_wpan
2025-08-26 19:03:15,806 [INFO] IPUIPlugin:80 - create IPUIPlugin
2025-08-26 19:03:15,806 [INFO] PluginManager:220 - loadIPPluginJar : add ts
2025-08-26 19:03:15,811 [INFO] IPUIPlugin:80 - create IPUIPlugin
2025-08-26 19:03:15,811 [INFO] PluginManager:220 - loadIPPluginJar : add fmc
2025-08-26 19:03:15,832 [INFO] IPUIPlugin:80 - create IPUIPlugin
2025-08-26 19:03:15,832 [INFO] PluginManager:220 - loadIPPluginJar : add linkedlist
2025-08-26 19:03:15,834 [INFO] IPUIPlugin:80 - create IPUIPlugin
2025-08-26 19:03:15,834 [INFO] PluginManager:220 - loadIPPluginJar : add ucpd
2025-08-26 19:03:15,837 [INFO] IPUIPlugin:80 - create IPUIPlugin
2025-08-26 19:03:15,837 [INFO] PluginManager:220 - loadIPPluginJar : add extmemmanager
2025-08-26 19:03:15,858 [INFO] IPUIPlugin:80 - create IPUIPlugin
2025-08-26 19:03:15,859 [INFO] PluginManager:220 - loadIPPluginJar : add nvic
2025-08-26 19:03:15,861 [INFO] IPUIPlugin:80 - create IPUIPlugin
2025-08-26 19:03:15,861 [INFO] PluginManager:220 - loadIPPluginJar : add cryp
2025-08-26 19:03:15,864 [INFO] IPUIPlugin:80 - create IPUIPlugin
2025-08-26 19:03:15,864 [INFO] PluginManager:220 - loadIPPluginJar : add i2c
2025-08-26 19:03:15,867 [INFO] IPUIPlugin:80 - create IPUIPlugin
2025-08-26 19:03:15,867 [INFO] PluginManager:220 - loadIPPluginJar : add i2s
2025-08-26 19:03:16,024 [FATAL] Updater:351 - Updater called before beeing initialized
2025-08-26 19:03:16,096 [INFO] RulesReader:64 - Compatibility file has been processed (317 Rules)
2025-08-26 19:03:16,110 [INFO] RulesReader:64 - Compatibility file has been processed (317 Rules)
2025-08-26 19:03:16,118 [INFO] CADModel:165 - CPN selected for project level
2025-08-26 19:03:16,118 [INFO] CADModel:114 - Register for checkConnection events
2025-08-26 19:03:16,118 [FATAL] Updater:351 - Updater called before beeing initialized
2025-08-26 19:03:16,118 [ERROR] CADModel:125 - Updater not yet initialized, retry later 
2025-08-26 19:03:16,374 [FATAL] Updater:351 - Updater called before beeing initialized
2025-08-26 19:03:16,405 [INFO] CADModel:165 - CPN selected for project level
2025-08-26 19:03:16,405 [INFO] CADModel:114 - Register for checkConnection events
2025-08-26 19:03:16,405 [FATAL] Updater:351 - Updater called before beeing initialized
2025-08-26 19:03:16,405 [ERROR] CADModel:125 - Updater not yet initialized, retry later 
2025-08-26 19:03:16,409 [FATAL] Updater:351 - Updater called before beeing initialized
2025-08-26 19:03:16,536 [FATAL] Updater:351 - Updater called before beeing initialized
2025-08-26 19:03:16,551 [INFO] DbMcusAds:53 - JSON generation date=Tue Jul 08 11:14:23 MSK 2025 (1751962463582)
2025-08-26 19:03:16,551 [FATAL] Updater:351 - Updater called before beeing initialized
2025-08-26 19:03:16,665 [WARN] DetailPanel:346 - Failed to get advertising image, set to default
2025-08-26 19:03:16,768 [FATAL] Updater:351 - Updater called before beeing initialized
2025-08-26 19:03:16,770 [FATAL] Updater:351 - Updater called before beeing initialized
2025-08-26 19:03:16,770 [FATAL] Updater:351 - Updater called before beeing initialized
2025-08-26 19:03:16,770 [WARN] DetailPanel:346 - Failed to get advertising image, set to default
2025-08-26 19:03:16,771 [FATAL] Updater:351 - Updater called before beeing initialized
2025-08-26 19:03:16,851 [ERROR] Updater:1198 - MainUpdater not yet initialized. External WinMGr cannot be set.
2025-08-26 19:03:16,863 [INFO] Updater:1134 - Updater Version found : 6.15.0
2025-08-26 19:03:16,909 [INFO] ApplicationProperties:184 - Using Application install path: /opt/st/stm32cubeide_1.19.0_2/plugins/com.st.stm32cube.common.mx_6.15.0.202507011659
2025-08-26 19:03:17,351 [INFO] ThirdPartyUpdaterWithRetryManager:70 - Updater plugin not ready yet. [2/15]
2025-08-26 19:03:17,607 [ERROR] CheckConnectionManager:249 - Problem, Http access forbiden
2025-08-26 19:03:17,612 [INFO] MainUpdater:2872 - connection check result : 22
2025-08-26 19:03:17,613 [INFO] MainUpdater:289 - Updater Check For Update Now.
2025-08-26 19:03:17,613 [INFO] MicroXplorer:498 - Change Database Version : DB.6.0.150
2025-08-26 19:03:17,619 [INFO] McuFinderGlobals:63 - Set McuFinder mode to 2 (CubeIDE integrated)
2025-08-26 19:03:17,650 [INFO] UserAuth:487 - Internet connection configuration mode: 2
2025-08-26 19:03:17,655 [INFO] UserAuth:487 - Internet connection configuration mode: 2
2025-08-26 19:03:17,927 [INFO] CheckServerUpdateThread:120 - End of CheckServer Thread
2025-08-26 19:03:20,650 [WARN] PackLoader:240 - Cannot read IP mode file for STMicroelectronics.FP-SNS-MOTENVWB1.1.4.0
2025-08-26 19:03:20,669 [WARN] PackLoader:240 - Cannot read IP mode file for STMicroelectronics.FP-ATR-ASTRA1.2.0.2
2025-08-26 19:03:20,676 [WARN] PackLoader:240 - Cannot read IP mode file for STMicroelectronics.X-CUBE-SMBUS.2.1.0
2025-08-26 19:03:20,683 [WARN] PackLoader:240 - Cannot read IP mode file for STMicroelectronics.X-CUBE-ST60.1.0.0
2025-08-26 19:03:20,736 [WARN] PackLoader:240 - Cannot read IP mode file for STMicroelectronics.X-CUBE-AZRTOS-F7.1.1.0
2025-08-26 19:03:20,778 [WARN] PackLoader:240 - Cannot read IP mode file for Infineon.AIROC-Wi-Fi-Bluetooth-STM32.1.7.1
2025-08-26 19:03:20,813 [WARN] PackLoader:240 - Cannot read IP mode file for STMicroelectronics.X-CUBE-AZRTOS-H7.3.4.0
2025-08-26 19:03:20,839 [WARN] PackLoader:240 - Cannot read IP mode file for STMicroelectronics.X-CUBE-DISPLAY.3.0.0
2025-08-26 19:03:20,864 [WARN] PackLoader:240 - Cannot read IP mode file for STMicroelectronics.X-CUBE-NFC10.1.0.0
2025-08-26 19:03:20,878 [WARN] PackLoader:240 - Cannot read IP mode file for emotas.I-CUBE-CANOPEN.1.3.0
2025-08-26 19:03:20,888 [WARN] ConditionMgr:438 - getConditionDescription Invalid condition id : Cortex-A Device cause : null
2025-08-26 19:03:20,909 [WARN] ConditionMgr:1044 - genDependencies : Invalid condition id : Cortex-A Device cause : null
2025-08-26 19:03:20,910 [WARN] ConditionMgr:1044 - genDependencies : Invalid condition id : Cortex-A Device cause : null
2025-08-26 19:03:20,910 [WARN] ConditionMgr:1044 - genDependencies : Invalid condition id : Cortex-A Device cause : null
2025-08-26 19:03:20,927 [WARN] PackLoader:240 - Cannot read IP mode file for STMicroelectronics.FP-SNS-STBOX1.2.1.0
2025-08-26 19:03:20,933 [WARN] PackLoader:240 - Cannot read IP mode file for STMicroelectronics.FP-SNS-SMARTAG2.1.2.0
2025-08-26 19:03:20,937 [WARN] PackLoader:240 - Cannot read IP mode file for STMicroelectronics.FP-SNS-FLIGHT1.5.1.0
2025-08-26 19:03:20,947 [INFO] LogOutputStream:77 - [STDOUT_REDIRECT] 1 : Invalid condition id : UX_CORESTACK_Condition cause : null
2025-08-26 19:03:20,948 [INFO] LogOutputStream:77 - [STDOUT_REDIRECT] 1 : Invalid condition id : UX_CORESTACK_Condition cause : null
2025-08-26 19:03:20,948 [INFO] LogOutputStream:77 - [STDOUT_REDIRECT] 1 : Invalid condition id : UX_CORESTACK_Condition cause : null
2025-08-26 19:03:20,948 [INFO] LogOutputStream:77 - [STDOUT_REDIRECT] 1 : Invalid condition id : UX_CORESTACK_Condition cause : null
2025-08-26 19:03:20,948 [INFO] LogOutputStream:77 - [STDOUT_REDIRECT] 1 : Invalid condition id : UX_CORESTACK_Condition cause : null
2025-08-26 19:03:20,952 [WARN] PackLoader:240 - Cannot read IP mode file for STMicroelectronics.X-CUBE-AZRTOS-WL.2.0.0
2025-08-26 19:03:20,956 [WARN] PackLoader:240 - Cannot read IP mode file for STMicroelectronics.FP-SNS-MOTENV1.5.0.0
2025-08-26 19:03:20,962 [WARN] PackLoader:240 - Cannot read IP mode file for WES.I-CUBE-Cesium.1.3.0
2025-08-26 19:03:20,966 [WARN] PackLoader:240 - Cannot read IP mode file for STMicroelectronics.X-CUBE-BLE2.3.3.0
2025-08-26 19:03:20,981 [WARN] PackLoader:240 - Cannot read IP mode file for STMicroelectronics.X-CUBE-NFC9.1.0.0
2025-08-26 19:03:20,998 [WARN] PackLoader:240 - Cannot read IP mode file for wolfSSL.I-CUBE-wolfSSL.5.8.0
2025-08-26 19:03:21,011 [WARN] PackLoader:240 - Cannot read IP mode file for wolfSSL.I-CUBE-wolfSSL.5.8.2
2025-08-26 19:03:21,016 [WARN] PackLoader:240 - Cannot read IP mode file for STMicroelectronics.X-CUBE-BLE1.7.1.0
2025-08-26 19:03:21,020 [WARN] PackLoader:240 - Cannot read IP mode file for wolfSSL.I-CUBE-wolfMQTT.1.19.2
2025-08-26 19:03:21,027 [WARN] PackLoader:240 - Cannot read IP mode file for STMicroelectronics.X-CUBE-EEPRMA1.5.2.0
2025-08-26 19:03:21,031 [WARN] PackLoader:240 - Cannot read IP mode file for STMicroelectronics.X-CUBE-AI.10.1.0
2025-08-26 19:03:21,053 [WARN] PackLoader:240 - Cannot read IP mode file for STMicroelectronics.X-CUBE-AZRTOS-G0.1.1.0
2025-08-26 19:03:21,061 [WARN] PackLoader:240 - Cannot read IP mode file for STMicroelectronics.X-CUBE-SAFEA1.1.2.2
2025-08-26 19:03:21,079 [WARN] PackLoader:240 - Cannot read IP mode file for STMicroelectronics.X-CUBE-NFC4.3.0.0
2025-08-26 19:03:21,088 [WARN] PackLoader:240 - Cannot read IP mode file for EmbeddedOffice.I-CUBE-FS-RTOS.1.0.1
2025-08-26 19:03:21,092 [WARN] PackLoader:240 - Cannot read IP mode file for STMicroelectronics.X-CUBE-WB05N.2.0.0
2025-08-26 19:03:21,095 [WARN] PackLoader:240 - Cannot read IP mode file for wolfSSL.I-CUBE-wolfTPM.3.8.0
2025-08-26 19:03:21,112 [WARN] PackLoader:240 - Cannot read IP mode file for STMicroelectronics.X-CUBE-TCPP.4.2.0
2025-08-26 19:03:21,125 [WARN] PackLoader:240 - Cannot read IP mode file for RealThread.X-CUBE-RT-Thread_Nano.4.1.1
2025-08-26 19:03:21,139 [WARN] PackLoader:240 - Cannot read IP mode file for STMicroelectronics.FP-ATR-SIGFOX1.3.2.0
2025-08-26 19:03:21,152 [WARN] PackLoader:240 - Cannot read IP mode file for ITTIA_DB.I-CUBE-ITTIADB.8.9.0
2025-08-26 19:03:21,158 [WARN] PackLoader:240 - Cannot read IP mode file for STMicroelectronics.X-CUBE-ST67W61.1.0.0
2025-08-26 19:03:21,166 [WARN] PackLoader:240 - Cannot read IP mode file for STMicroelectronics.X-CUBE-AI.10.2.0
2025-08-26 19:03:21,190 [WARN] PackLoader:240 - Cannot read IP mode file for SEGGER.I-CUBE-embOS.1.3.1
2025-08-26 19:03:21,251 [WARN] PackLoader:240 - Cannot read IP mode file for STMicroelectronics.X-CUBE-ALGOBUILD.1.4.0
2025-08-26 19:03:21,309 [WARN] PackLoader:240 - Cannot read IP mode file for STMicroelectronics.X-CUBE-MEMS1.11.3.0
2025-08-26 19:03:21,431 [WARN] PackLoader:240 - Cannot read IP mode file for STMicroelectronics.X-CUBE-PM33A1.1.0.0
2025-08-26 19:03:21,461 [WARN] PackLoader:240 - Cannot read IP mode file for STMicroelectronics.X-CUBE-AZRTOS-F4.1.1.0
2025-08-26 19:03:21,466 [WARN] PackLoader:240 - Cannot read IP mode file for Avnet-IotConnect.X-CUBE-IoTC-DA16k-PMOD.1.0.0
2025-08-26 19:03:21,499 [WARN] PackLoader:240 - Cannot read IP mode file for STMicroelectronics.X-CUBE-ISPU.2.1.0
2025-08-26 19:03:21,523 [WARN] PackLoader:240 - Cannot read IP mode file for STMicroelectronics.X-CUBE-NFC12.1.0.0
2025-08-26 19:03:21,553 [WARN] PackLoader:240 - Cannot read IP mode file for STMicroelectronics.X-CUBE-AZRTOS-L5.2.0.0
2025-08-26 19:03:21,576 [WARN] PackLoader:240 - Cannot read IP mode file for STMicroelectronics.X-CUBE-NFC6.3.1.0
2025-08-26 19:03:21,583 [WARN] PackLoader:240 - Cannot read IP mode file for STMicroelectronics.X-CUBE-FREERTOS.1.3.1
2025-08-26 19:03:21,586 [WARN] PackLoader:240 - Cannot read IP mode file for STMicroelectronics.FP-SNS-STAIOTCFT.1.0.0
2025-08-26 19:03:21,593 [WARN] PackLoader:240 - Cannot read IP mode file for STMicroelectronics.X-CUBE-DPower.1.3.0
2025-08-26 19:03:21,617 [WARN] ConditionMgr:438 - getConditionDescription Invalid condition id : LAN8742 Phy interface Condition cause : null
2025-08-26 19:03:21,618 [WARN] PackLoader:240 - Cannot read IP mode file for STMicroelectronics.X-CUBE-AZRTOS-L4.2.0.0
2025-08-26 19:03:21,619 [WARN] ConditionMgr:1044 - genDependencies : Invalid condition id : LAN8742 Phy interface Condition cause : null
2025-08-26 19:03:21,619 [WARN] ConditionMgr:1044 - genDependencies : Invalid condition id : LAN8742 Phy interface Condition cause : null
2025-08-26 19:03:21,620 [WARN] ConditionMgr:1044 - genDependencies : Invalid condition id : LAN8742 Phy interface Condition cause : null
2025-08-26 19:03:21,625 [WARN] PackLoader:240 - Cannot read IP mode file for STMicroelectronics.X-CUBE-SFXS2LP1.4.0.0
2025-08-26 19:03:21,640 [WARN] PackLoader:240 - Cannot read IP mode file for STMicroelectronics.X-CUBE-BLEMGR.4.1.0
2025-08-26 19:03:21,653 [WARN] ConditionMgr:438 - getConditionDescription Invalid condition id : UX DEVICE CLASS RTOS Condition cause : null
2025-08-26 19:03:21,653 [WARN] ConditionMgr:438 - getConditionDescription Invalid condition id : UX DEVICE CLASS RTOS Condition cause : null
2025-08-26 19:03:21,655 [WARN] PackLoader:240 - Cannot read IP mode file for STMicroelectronics.X-CUBE-AZRTOS-WB.2.0.0
2025-08-26 19:03:21,655 [WARN] ConditionMgr:1044 - genDependencies : Invalid condition id : UX DEVICE CLASS RTOS Condition cause : null
2025-08-26 19:03:21,655 [WARN] ConditionMgr:1044 - genDependencies : Invalid condition id : UX DEVICE CLASS RTOS Condition cause : null
2025-08-26 19:03:21,656 [WARN] ConditionMgr:1044 - genDependencies : Invalid condition id : UX DEVICE CLASS RTOS Condition cause : null
2025-08-26 19:03:21,656 [WARN] ConditionMgr:1044 - genDependencies : Invalid condition id : UX DEVICE CLASS RTOS Condition cause : null
2025-08-26 19:03:21,656 [WARN] ConditionMgr:1044 - genDependencies : Invalid condition id : UX DEVICE CLASS RTOS Condition cause : null
2025-08-26 19:03:21,669 [WARN] PackLoader:240 - Cannot read IP mode file for STMicroelectronics.X-CUBE-GNSS1.7.0.1
2025-08-26 19:03:21,684 [WARN] PackLoader:240 - Cannot read IP mode file for STMicroelectronics.X-CUBE-TOUCHGFX.4.25.0
2025-08-26 19:03:21,704 [WARN] PackLoader:240 - Cannot read IP mode file for STMicroelectronics.FP-SNS-STBOX1.2.0.0
2025-08-26 19:03:21,709 [WARN] ConditionMgr:438 - getConditionDescription Invalid condition id : Cortex-A Device cause : null
2025-08-26 19:03:21,715 [WARN] ConditionMgr:1044 - genDependencies : Invalid condition id : Cortex-A Device cause : null
2025-08-26 19:03:21,715 [WARN] ConditionMgr:1044 - genDependencies : Invalid condition id : Cortex-A Device cause : null
2025-08-26 19:03:21,715 [WARN] ConditionMgr:1044 - genDependencies : Invalid condition id : Cortex-A Device cause : null
2025-08-26 19:03:21,730 [WARN] PackLoader:240 - Cannot read IP mode file for STMicroelectronics.X-CUBE-SUBG2.5.0.0
2025-08-26 19:03:21,751 [WARN] PackLoader:240 - Cannot read IP mode file for STMicroelectronics.X-CUBE-AZRTOS-H7RS.1.1.0
2025-08-26 19:03:21,760 [WARN] PackLoader:240 - Cannot read IP mode file for Cesanta.I-CUBE-Mongoose.7.13.0
2025-08-26 19:03:21,770 [WARN] PackLoader:240 - Cannot read IP mode file for STMicroelectronics.X-CUBE-AZRTOS-G4.2.0.0
2025-08-26 19:03:21,774 [WARN] PackLoader:240 - Cannot read IP mode file for wolfSSL.I-CUBE-wolfSSH.1.4.20
2025-08-26 19:03:21,778 [WARN] PackLoader:240 - Cannot read IP mode file for STMicroelectronics.X-CUBE-NFC7.2.0.0
2025-08-26 19:03:21,795 [WARN] PackLoader:240 - Cannot read IP mode file for STMicroelectronics.X-CUBE-IPS.3.1.0
2025-08-26 19:03:21,803 [WARN] PackLoader:240 - Cannot read IP mode file for STMicroelectronics.X-CUBE-ALS.1.0.2
2025-08-26 19:03:21,821 [WARN] PackLoader:240 - Cannot read IP mode file for portGmbH.I-Cube-SoM-uGOAL.1.1.0
2025-08-26 19:03:21,830 [WARN] PackLoader:240 - Cannot read IP mode file for STMicroelectronics.X-CUBE-TOF1.3.4.3
2025-08-26 19:03:21,841 [INFO] ThirdParty:978 - Integrity check success = true
2025-08-26 19:03:21,841 [INFO] IntegrityCheckThread:100 - exiting critical section [integrity check]
2025-08-26 19:03:21,841 [INFO] IntegrityCheckThread:103 - End integrity checks thread
