2025-08-02 14:44:27,738 [INFO] Activator:176 - 


2025-08-02 14:44:27,741 [INFO] Activator:177 - !SESSION log4j initialized
2025-08-02 14:44:37,739 [INFO] LogOutputStream:77 - [STDOUT_REDIRECT] 
2025-08-02 14:44:39,899 [INFO] ApplicationProperties:184 - Using Application install path: /opt/st/stm32cubeide_1.19.0_2/plugins/com.st.stm32cube.common.mx_6.15.0.202507011659
2025-08-02 14:44:39,989 [INFO] DbMcusXml:78 - Set database path to: /opt/st/stm32cubeide_1.19.0_2/plugins/com.st.stm32cube.common.mx_6.15.0.202507011659//db//mcu/
2025-08-02 14:44:39,990 [INFO] ApiDb:274 - Set plugin database path to: /opt/st/stm32cubeide_1.19.0_2/plugins/com.st.stm32cube.common.mx_6.15.0.202507011659//db//plugins/boardmanager/
2025-08-02 14:44:39,990 [WARN] ApiDb:259 - Overriding images path with different value:  => /opt/st/stm32cubeide_1.19.0_2/plugins/com.st.stm32cube.common.mx_6.15.0.202507011659//db//plugins/mcufinder/images/
2025-08-02 14:44:40,093 [INFO] ApiDb:250 - Set database path to: /home/user1/.stmcufinder/plugins/mcufinder//mcu/
2025-08-02 14:44:40,095 [INFO] DbMcusAds:125 - Set database path to: /home/user1/.stmcufinder/plugins/mcufinder//mcu/
2025-08-02 14:44:40,100 [INFO] CrossReferenceDbSqlite:203 - Set database path to: /home/user1/.stmcufinder/plugins/mcufinder//mcu/cs/
2025-08-02 14:44:40,327 [INFO] RulesReader:64 - Compatibility file has been processed (317 Rules)
2025-08-02 14:44:40,600 [INFO] DbMcusXml:78 - Set database path to: /opt/st/stm32cubeide_1.19.0_2/plugins/com.st.stm32cube.common.mx_6.15.0.202507011659//db//mcu/
2025-08-02 14:44:40,600 [INFO] ApiDb:274 - Set plugin database path to: /opt/st/stm32cubeide_1.19.0_2/plugins/com.st.stm32cube.common.mx_6.15.0.202507011659//db//plugins/boardmanager/
2025-08-02 14:44:40,600 [INFO] ApiDb:261 - Set plugin images path to: /opt/st/stm32cubeide_1.19.0_2/plugins/com.st.stm32cube.common.mx_6.15.0.202507011659//db//plugins/mcufinder/images/
2025-08-02 14:44:40,600 [WARN] DbFile:41 - Overriding database path with different value: /home/user1/.stmcufinder/plugins/mcufinder/ => /home/user1/.stmcufinder/plugins/mcufinder
2025-08-02 14:44:40,600 [INFO] ApiDb:250 - Set database path to: /home/user1/.stmcufinder/plugins/mcufinder//mcu/
2025-08-02 14:44:40,601 [WARN] DbFile:41 - Overriding database path with different value: /home/user1/.stmcufinder/plugins/mcufinder/ => /home/user1/.stmcufinder/plugins/mcufinder
2025-08-02 14:44:40,601 [INFO] DbMcusAds:125 - Set database path to: /home/user1/.stmcufinder/plugins/mcufinder//mcu/
2025-08-02 14:44:40,601 [WARN] DbFile:41 - Overriding database path with different value: /home/user1/.stmcufinder/plugins/mcufinder/ => /home/user1/.stmcufinder/plugins/mcufinder
2025-08-02 14:44:40,601 [WARN] DbFile:41 - Overriding database path with different value: /home/user1/.stmcufinder/plugins/mcufinder/ => /home/user1/.stmcufinder/plugins/mcufinder
2025-08-02 14:44:40,601 [INFO] CrossReferenceDbSqlite:203 - Set database path to: /home/user1/.stmcufinder/plugins/mcufinder//mcu/cs/
2025-08-02 14:44:40,815 [INFO] MainPanel:274 - HeapMemory: 268435456
2025-08-02 14:44:41,230 [INFO] DbMcusXml:78 - Set database path to: /opt/st/stm32cubeide_1.19.0_2/plugins/com.st.stm32cube.common.mx_6.15.0.202507011659//db//mcu/
2025-08-02 14:44:41,230 [INFO] ApiDb:274 - Set plugin database path to: /opt/st/stm32cubeide_1.19.0_2/plugins/com.st.stm32cube.common.mx_6.15.0.202507011659//db//plugins/boardmanager/
2025-08-02 14:44:41,230 [INFO] ApiDb:261 - Set plugin images path to: /opt/st/stm32cubeide_1.19.0_2/plugins/com.st.stm32cube.common.mx_6.15.0.202507011659//db//plugins/mcufinder/images/
2025-08-02 14:44:41,231 [WARN] DbFile:41 - Overriding database path with different value: /home/user1/.stmcufinder/plugins/mcufinder/ => /home/user1/.stmcufinder/plugins/mcufinder
2025-08-02 14:44:41,231 [INFO] ApiDb:250 - Set database path to: /home/user1/.stmcufinder/plugins/mcufinder//mcu/
2025-08-02 14:44:41,231 [WARN] DbFile:41 - Overriding database path with different value: /home/user1/.stmcufinder/plugins/mcufinder/ => /home/user1/.stmcufinder/plugins/mcufinder
2025-08-02 14:44:41,231 [INFO] DbMcusAds:125 - Set database path to: /home/user1/.stmcufinder/plugins/mcufinder//mcu/
2025-08-02 14:44:41,231 [WARN] DbFile:41 - Overriding database path with different value: /home/user1/.stmcufinder/plugins/mcufinder/ => /home/user1/.stmcufinder/plugins/mcufinder
2025-08-02 14:44:41,231 [WARN] DbFile:41 - Overriding database path with different value: /home/user1/.stmcufinder/plugins/mcufinder/ => /home/user1/.stmcufinder/plugins/mcufinder
2025-08-02 14:44:41,231 [INFO] CrossReferenceDbSqlite:203 - Set database path to: /home/user1/.stmcufinder/plugins/mcufinder//mcu/cs/
2025-08-02 14:44:41,247 [INFO] ApplicationProperties:184 - Using Application install path: /opt/st/stm32cubeide_1.19.0_2/plugins/com.st.stm32cube.common.mx_6.15.0.202507011659
2025-08-02 14:44:41,249 [INFO] PluginManage:196 - Search for loadable plugins [exclusion list=, ]
2025-08-02 14:44:41,263 [INFO] PluginManage:310 - Check plugin analytics
2025-08-02 14:44:41,592 [INFO] AnalyticsPlugin:253 - Accepted Software Licenses: 
2025-08-02 14:44:41,592 [INFO] AnalyticsPlugin:255 - Accepted CMSIS Pack Licenses: 
2025-08-02 14:44:41,592 [INFO] AnalyticsPlugin:257 - Accepted Firmware Licenses: 
2025-08-02 14:44:41,596 [INFO] PluginManage:359 - Loaded plugin analytics (category:tool,tabindex:-1)
2025-08-02 14:44:41,596 [INFO] PluginManage:310 - Check plugin cadmodel
2025-08-02 14:44:41,643 [INFO] CADModel:105 - Init CAD model plugin
2025-08-02 14:44:41,643 [INFO] PluginManage:359 - Loaded plugin cadmodel (category:power,tabindex:5)
2025-08-02 14:44:41,643 [INFO] PluginManage:310 - Check plugin clock
2025-08-02 14:44:41,687 [INFO] PluginManage:359 - Loaded plugin clock (category:base,tabindex:2)
2025-08-02 14:44:41,687 [INFO] PluginManage:310 - Check plugin ddr
2025-08-02 14:44:41,706 [INFO] PluginManage:359 - Loaded plugin ddr (category:tool,tabindex:6)
2025-08-02 14:44:41,706 [INFO] PluginManage:310 - Check plugin filemanager
2025-08-02 14:44:41,983 [INFO] PluginManage:359 - Loaded plugin filemanager (category:base,tabindex:10)
2025-08-02 14:44:41,983 [INFO] PluginManage:310 - Check plugin ipmanager
2025-08-02 14:44:41,999 [INFO] PluginManage:359 - Loaded plugin ipmanager (category:base,tabindex:5)
2025-08-02 14:44:41,999 [INFO] PluginManage:310 - Check plugin lpbam
2025-08-02 14:44:42,032 [INFO] PluginManage:359 - Loaded plugin lpbam (category:base,tabindex:0)
2025-08-02 14:44:42,033 [INFO] PluginManage:310 - Check plugin memorymap
2025-08-02 14:44:42,069 [INFO] PluginManage:359 - Loaded plugin memorymap (category:base,tabindex:4)
2025-08-02 14:44:42,069 [INFO] PluginManage:310 - Check plugin pinoutandconfiguration
2025-08-02 14:44:42,120 [INFO] PluginManage:359 - Loaded plugin pinoutandconfiguration (category:base,tabindex:1)
2025-08-02 14:44:42,120 [INFO] PluginManage:310 - Check plugin pinoutconfig
2025-08-02 14:44:42,302 [WARN] SupportedApi:132 - Cannot load RTOS API schema: s4s-elt-must-match.1: The content of 'definitions' must match (annotation?, (simpleType | complexType)?, (unique | key | keyref)*)). A problem was found starting at: attribute.
2025-08-02 14:44:42,506 [INFO] PluginManage:359 - Loaded plugin pinoutconfig (category:base,tabindex:0)
2025-08-02 14:44:42,507 [INFO] PluginManage:310 - Check plugin power
2025-08-02 14:44:42,553 [INFO] PluginManage:359 - Loaded plugin power (category:power,tabindex:4)
2025-08-02 14:44:42,554 [INFO] PluginManage:310 - Check plugin projectmanager
2025-08-02 14:44:42,592 [INFO] PluginManage:359 - Loaded plugin projectmanager (category:projectmanager,tabindex:4)
2025-08-02 14:44:42,592 [INFO] PluginManage:310 - Check plugin rif
2025-08-02 14:44:42,618 [INFO] PluginManage:359 - Loaded plugin rif (category:base,tabindex:3)
2025-08-02 14:44:42,618 [INFO] PluginManage:310 - Check plugin thirdparty
2025-08-02 14:44:42,994 [INFO] PluginManage:359 - Loaded plugin thirdparty (category:base,tabindex:-1)
2025-08-02 14:44:42,994 [INFO] PluginManage:310 - Check plugin tools
2025-08-02 14:44:42,994 [WARN] IntegrityCheckThread:84 - waiting for thirdparty lock release [integrity check]
2025-08-02 14:44:42,994 [INFO] IntegrityCheckThread:86 - entering critical section [integrity check]
2025-08-02 14:44:42,995 [INFO] ThirdPartyUpdaterWithRetryManager:70 - Updater plugin not ready yet. [1/15]
2025-08-02 14:44:43,006 [INFO] PluginManage:359 - Loaded plugin tools (category:base,tabindex:7)
2025-08-02 14:44:43,006 [INFO] PluginManage:310 - Check plugin tutovideos
2025-08-02 14:44:43,385 [INFO] PluginManage:359 - Loaded plugin tutovideos (category:base,tabindex:-1)
2025-08-02 14:44:43,385 [INFO] PluginManage:310 - Check plugin updater
2025-08-02 14:44:43,446 [INFO] PluginManage:359 - Loaded plugin updater (category:base,tabindex:12)
2025-08-02 14:44:43,447 [INFO] PluginManage:310 - Check plugin userauth
2025-08-02 14:44:43,480 [INFO] UserAuth:118 - Init User Auth plugin
2025-08-02 14:44:43,481 [INFO] PluginManage:359 - Loaded plugin userauth (category:base,tabindex:14)
2025-08-02 14:44:43,482 [INFO] PluginManage:283 - PluginManage : Loaded plugins [18]
2025-08-02 14:44:43,943 [INFO] PinOutPanel:1589 - setPackage(No Configuration,No Configuration)
2025-08-02 14:44:44,109 [INFO] CADModel:165 - CPN selected for project level
2025-08-02 14:44:44,109 [INFO] CADModel:114 - Register for checkConnection events
2025-08-02 14:44:44,178 [INFO] IPUIPlugin:80 - create IPUIPlugin
2025-08-02 14:44:44,181 [INFO] PluginManager:220 - loadIPPluginJar : add plateformsettings
2025-08-02 14:44:44,187 [INFO] IPUIPlugin:80 - create IPUIPlugin
2025-08-02 14:44:44,187 [INFO] PluginManager:220 - loadIPPluginJar : add genericplugin
2025-08-02 14:44:44,206 [INFO] IPUIPlugin:80 - create IPUIPlugin
2025-08-02 14:44:44,207 [INFO] PluginManager:220 - loadIPPluginJar : add can
2025-08-02 14:44:44,217 [INFO] IPUIPlugin:80 - create IPUIPlugin
2025-08-02 14:44:44,217 [INFO] PluginManager:220 - loadIPPluginJar : add openamp
2025-08-02 14:44:44,224 [INFO] IPUIPlugin:80 - create IPUIPlugin
2025-08-02 14:44:44,224 [INFO] PluginManager:220 - loadIPPluginJar : add fatfs
2025-08-02 14:44:44,227 [INFO] IPUIPlugin:80 - create IPUIPlugin
2025-08-02 14:44:44,227 [INFO] PluginManager:220 - loadIPPluginJar : add aes
2025-08-02 14:44:44,231 [INFO] IPUIPlugin:80 - create IPUIPlugin
2025-08-02 14:44:44,231 [INFO] PluginManager:220 - loadIPPluginJar : add dma3
2025-08-02 14:44:44,233 [INFO] IPUIPlugin:80 - create IPUIPlugin
2025-08-02 14:44:44,233 [INFO] PluginManager:220 - loadIPPluginJar : add tsc
2025-08-02 14:44:44,235 [INFO] IPUIPlugin:80 - create IPUIPlugin
2025-08-02 14:44:44,235 [INFO] PluginManager:220 - loadIPPluginJar : add comp
2025-08-02 14:44:44,238 [INFO] IPUIPlugin:80 - create IPUIPlugin
2025-08-02 14:44:44,238 [INFO] PluginManager:220 - loadIPPluginJar : add dfsdm
2025-08-02 14:44:44,241 [INFO] IPUIPlugin:80 - create IPUIPlugin
2025-08-02 14:44:44,241 [INFO] PluginManager:220 - loadIPPluginJar : add usbx
2025-08-02 14:44:44,243 [INFO] IPUIPlugin:80 - create IPUIPlugin
2025-08-02 14:44:44,243 [INFO] PluginManager:220 - loadIPPluginJar : add tracer_emb
2025-08-02 14:44:44,261 [INFO] IPUIPlugin:80 - create IPUIPlugin
2025-08-02 14:44:44,261 [INFO] PluginManager:220 - loadIPPluginJar : add resmgrutility
2025-08-02 14:44:44,268 [INFO] IPUIPlugin:80 - create IPUIPlugin
2025-08-02 14:44:44,269 [INFO] PluginManager:220 - loadIPPluginJar : add gic
2025-08-02 14:44:44,272 [INFO] IPUIPlugin:80 - create IPUIPlugin
2025-08-02 14:44:44,272 [INFO] PluginManager:220 - loadIPPluginJar : add gtzc
2025-08-02 14:44:44,274 [INFO] IPUIPlugin:80 - create IPUIPlugin
2025-08-02 14:44:44,275 [INFO] PluginManager:220 - loadIPPluginJar : add usart
2025-08-02 14:44:44,283 [INFO] IPUIPlugin:80 - create IPUIPlugin
2025-08-02 14:44:44,283 [INFO] PluginManager:220 - loadIPPluginJar : add pdm2pcm
2025-08-02 14:44:44,284 [INFO] IPUIPlugin:80 - create IPUIPlugin
2025-08-02 14:44:44,285 [INFO] PluginManager:220 - loadIPPluginJar : add quadspi
2025-08-02 14:44:44,287 [INFO] IPUIPlugin:80 - create IPUIPlugin
2025-08-02 14:44:44,287 [INFO] PluginManager:220 - loadIPPluginJar : add gfxmmu
2025-08-02 14:44:44,290 [INFO] IPUIPlugin:80 - create IPUIPlugin
2025-08-02 14:44:44,290 [INFO] PluginManager:220 - loadIPPluginJar : add i3c
2025-08-02 14:44:44,303 [INFO] IPUIPlugin:80 - create IPUIPlugin
2025-08-02 14:44:44,303 [INFO] PluginManager:220 - loadIPPluginJar : add opamp
2025-08-02 14:44:44,325 [INFO] IPUIPlugin:80 - create IPUIPlugin
2025-08-02 14:44:44,325 [INFO] PluginManager:220 - loadIPPluginJar : add ipddr
2025-08-02 14:44:44,327 [INFO] IPUIPlugin:80 - create IPUIPlugin
2025-08-02 14:44:44,327 [INFO] PluginManager:220 - loadIPPluginJar : add ltdc
2025-08-02 14:44:44,335 [INFO] IPUIPlugin:80 - create IPUIPlugin
2025-08-02 14:44:44,336 [INFO] PluginManager:220 - loadIPPluginJar : add mdma
2025-08-02 14:44:44,339 [INFO] IPUIPlugin:80 - create IPUIPlugin
2025-08-02 14:44:44,340 [INFO] PluginManager:220 - loadIPPluginJar : add touchsensing
2025-08-02 14:44:44,353 [INFO] IPUIPlugin:80 - create IPUIPlugin
2025-08-02 14:44:44,353 [INFO] PluginManager:220 - loadIPPluginJar : add ddr_ctrl_phy
2025-08-02 14:44:44,356 [INFO] IPUIPlugin:80 - create IPUIPlugin
2025-08-02 14:44:44,356 [INFO] PluginManager:220 - loadIPPluginJar : add hash
2025-08-02 14:44:44,358 [INFO] IPUIPlugin:80 - create IPUIPlugin
2025-08-02 14:44:44,358 [INFO] PluginManager:220 - loadIPPluginJar : add tim
2025-08-02 14:44:44,361 [INFO] IPUIPlugin:80 - create IPUIPlugin
2025-08-02 14:44:44,361 [INFO] PluginManager:220 - loadIPPluginJar : add lorawan
2025-08-02 14:44:44,380 [INFO] IPUIPlugin:80 - create IPUIPlugin
2025-08-02 14:44:44,380 [INFO] PluginManager:220 - loadIPPluginJar : add gpio
2025-08-02 14:44:44,388 [INFO] IPUIPlugin:80 - create IPUIPlugin
2025-08-02 14:44:44,388 [INFO] PluginManager:220 - loadIPPluginJar : add adc
2025-08-02 14:44:44,400 [INFO] IPUIPlugin:80 - create IPUIPlugin
2025-08-02 14:44:44,400 [INFO] PluginManager:220 - loadIPPluginJar : add freertos
2025-08-02 14:44:44,402 [INFO] IPUIPlugin:80 - create IPUIPlugin
2025-08-02 14:44:44,403 [INFO] PluginManager:220 - loadIPPluginJar : add radio
2025-08-02 14:44:44,409 [INFO] IPUIPlugin:80 - create IPUIPlugin
2025-08-02 14:44:44,410 [INFO] PluginManager:220 - loadIPPluginJar : add dma
2025-08-02 14:44:44,412 [INFO] IPUIPlugin:80 - create IPUIPlugin
2025-08-02 14:44:44,412 [INFO] PluginManager:220 - loadIPPluginJar : add spi
2025-08-02 14:44:44,415 [INFO] IPUIPlugin:80 - create IPUIPlugin
2025-08-02 14:44:44,415 [INFO] PluginManager:220 - loadIPPluginJar : add sai
2025-08-02 14:44:44,421 [INFO] IPUIPlugin:80 - create IPUIPlugin
2025-08-02 14:44:44,421 [INFO] PluginManager:220 - loadIPPluginJar : add stm32_wpan
2025-08-02 14:44:44,423 [INFO] IPUIPlugin:80 - create IPUIPlugin
2025-08-02 14:44:44,423 [INFO] PluginManager:220 - loadIPPluginJar : add ts
2025-08-02 14:44:44,428 [INFO] IPUIPlugin:80 - create IPUIPlugin
2025-08-02 14:44:44,428 [INFO] PluginManager:220 - loadIPPluginJar : add fmc
2025-08-02 14:44:44,448 [INFO] IPUIPlugin:80 - create IPUIPlugin
2025-08-02 14:44:44,448 [INFO] PluginManager:220 - loadIPPluginJar : add linkedlist
2025-08-02 14:44:44,450 [INFO] IPUIPlugin:80 - create IPUIPlugin
2025-08-02 14:44:44,450 [INFO] PluginManager:220 - loadIPPluginJar : add ucpd
2025-08-02 14:44:44,453 [INFO] IPUIPlugin:80 - create IPUIPlugin
2025-08-02 14:44:44,454 [INFO] PluginManager:220 - loadIPPluginJar : add extmemmanager
2025-08-02 14:44:44,458 [INFO] IPUIPlugin:80 - create IPUIPlugin
2025-08-02 14:44:44,458 [INFO] PluginManager:220 - loadIPPluginJar : add nvic
2025-08-02 14:44:44,460 [INFO] IPUIPlugin:80 - create IPUIPlugin
2025-08-02 14:44:44,461 [INFO] PluginManager:220 - loadIPPluginJar : add cryp
2025-08-02 14:44:44,463 [INFO] IPUIPlugin:80 - create IPUIPlugin
2025-08-02 14:44:44,463 [INFO] PluginManager:220 - loadIPPluginJar : add i2c
2025-08-02 14:44:44,465 [INFO] IPUIPlugin:80 - create IPUIPlugin
2025-08-02 14:44:44,465 [INFO] PluginManager:220 - loadIPPluginJar : add i2s
2025-08-02 14:44:44,607 [FATAL] Updater:351 - Updater called before beeing initialized
2025-08-02 14:44:44,671 [INFO] RulesReader:64 - Compatibility file has been processed (317 Rules)
2025-08-02 14:44:44,685 [INFO] RulesReader:64 - Compatibility file has been processed (317 Rules)
2025-08-02 14:44:44,693 [INFO] CADModel:165 - CPN selected for project level
2025-08-02 14:44:44,694 [INFO] CADModel:114 - Register for checkConnection events
2025-08-02 14:44:44,694 [FATAL] Updater:351 - Updater called before beeing initialized
2025-08-02 14:44:44,694 [ERROR] CADModel:125 - Updater not yet initialized, retry later 
2025-08-02 14:44:44,923 [FATAL] Updater:351 - Updater called before beeing initialized
2025-08-02 14:44:44,925 [INFO] CADModel:165 - CPN selected for project level
2025-08-02 14:44:44,926 [INFO] CADModel:114 - Register for checkConnection events
2025-08-02 14:44:44,926 [FATAL] Updater:351 - Updater called before beeing initialized
2025-08-02 14:44:44,926 [ERROR] CADModel:125 - Updater not yet initialized, retry later 
2025-08-02 14:44:44,931 [FATAL] Updater:351 - Updater called before beeing initialized
2025-08-02 14:44:45,035 [FATAL] Updater:351 - Updater called before beeing initialized
2025-08-02 14:44:45,047 [INFO] DbMcusAds:53 - JSON generation date=Tue Jul 08 11:14:23 MSK 2025 (1751962463593)
2025-08-02 14:44:45,047 [FATAL] Updater:351 - Updater called before beeing initialized
2025-08-02 14:44:45,173 [WARN] DetailPanel:346 - Failed to get advertising image, set to default
2025-08-02 14:44:45,275 [FATAL] Updater:351 - Updater called before beeing initialized
2025-08-02 14:44:45,277 [FATAL] Updater:351 - Updater called before beeing initialized
2025-08-02 14:44:45,277 [FATAL] Updater:351 - Updater called before beeing initialized
2025-08-02 14:44:45,277 [WARN] DetailPanel:346 - Failed to get advertising image, set to default
2025-08-02 14:44:45,279 [FATAL] Updater:351 - Updater called before beeing initialized
2025-08-02 14:44:45,358 [ERROR] Updater:1198 - MainUpdater not yet initialized. External WinMGr cannot be set.
2025-08-02 14:44:45,371 [INFO] Updater:1134 - Updater Version found : 6.15.0
2025-08-02 14:44:45,418 [INFO] ApplicationProperties:184 - Using Application install path: /opt/st/stm32cubeide_1.19.0_2/plugins/com.st.stm32cube.common.mx_6.15.0.202507011659
2025-08-02 14:44:45,995 [INFO] ThirdPartyUpdaterWithRetryManager:70 - Updater plugin not ready yet. [2/15]
2025-08-02 14:44:46,112 [INFO] MainUpdater:2872 - connection check result : 10
2025-08-02 14:44:46,112 [INFO] MainUpdater:3604 - Updater definition file requires update
2025-08-02 14:44:46,123 [INFO] MainUpdater:289 - Updater Check For Update Now.
2025-08-02 14:44:46,123 [INFO] MicroXplorer:498 - Change Database Version : DB.6.0.150
2025-08-02 14:44:46,130 [INFO] McuFinderGlobals:63 - Set McuFinder mode to 2 (CubeIDE integrated)
2025-08-02 14:44:46,158 [INFO] UserAuth:487 - Internet connection configuration mode: 1
2025-08-02 14:44:46,211 [INFO] ServerAccessManage:452 - Complete download http(s) 200
2025-08-02 14:44:46,212 [INFO] ServerAccessManage:509 - Download File updaters.zip
2025-08-02 14:44:46,289 [INFO] JxBrowserEngine:152 - Initiate JxBrowser Engine with user profile folder
2025-08-02 14:44:46,556 [INFO] FileExtend:248 - Unzip File : updaters.zip
2025-08-02 14:44:46,556 [INFO] FileExtend:263 - Standard Zip Deflate
2025-08-02 14:44:46,969 [INFO] ServerAccessManage:452 - Complete download http(s) 200
2025-08-02 14:44:46,970 [INFO] ServerAccessManage:509 - Download File PacksControlFlags.xml
2025-08-02 14:44:47,266 [INFO] ServerAccessManage:452 - Complete download http(s) 200
2025-08-02 14:44:47,266 [INFO] ServerAccessManage:509 - Download File cubemx.pidx
2025-08-02 14:44:48,284 [INFO] ServerAccessManage:452 - Complete download http(s) 200
2025-08-02 14:44:48,285 [INFO] ServerAccessManage:509 - Download File STMicroelectronics.FP-SNS-STBOX1.pdsc
2025-08-02 14:44:48,872 [INFO] ServerAccessManage:452 - Complete download http(s) 200
2025-08-02 14:44:48,872 [INFO] ServerAccessManage:509 - Download File STMicroelectronics.X-CUBE-AI.pdsc
2025-08-02 14:44:48,996 [WARN] MainUpdater:1193 - Updater busy. Cannot search thirdparties
2025-08-02 14:44:48,996 [INFO] ThirdPartyUpdaterWithRetryManager:96 - Updater plugin is busy. [1/15]
2025-08-02 14:44:51,997 [WARN] MainUpdater:1193 - Updater busy. Cannot search thirdparties
2025-08-02 14:44:51,997 [INFO] ThirdPartyUpdaterWithRetryManager:96 - Updater plugin is busy. [2/15]
2025-08-02 14:44:54,997 [WARN] MainUpdater:1193 - Updater busy. Cannot search thirdparties
2025-08-02 14:44:54,998 [INFO] ThirdPartyUpdaterWithRetryManager:96 - Updater plugin is busy. [3/15]
2025-08-02 14:44:55,060 [WARN] PackLoader:240 - Cannot read IP mode file for STMicroelectronics.FP-SNS-STBOX1.2.1.0
2025-08-02 14:44:55,084 [WARN] PackLoader:240 - Cannot read IP mode file for STMicroelectronics.X-CUBE-AI.10.2.0
2025-08-02 14:44:55,086 [INFO] PopulateThirdPartyThread:66 - Ending populate Thread
2025-08-02 14:44:55,088 [INFO] ThirdParty:1030 - CMSIS Pack Vendor :STMicroelectronics FP-SNS-STBOX1 2.1.0
2025-08-02 14:44:55,088 [INFO] ThirdParty:1030 - CMSIS Pack Vendor :STMicroelectronics X-CUBE-AI 10.2.0
2025-08-02 14:44:55,088 [INFO] LoadServerUpdatesThread:375 - End of LoadServerUpdate Thread
2025-08-02 14:44:55,089 [INFO] CheckServerUpdateThread:120 - End of CheckServer Thread
2025-08-02 14:45:02,568 [WARN] PackLoader:240 - Cannot read IP mode file for STMicroelectronics.FP-SNS-MOTENVWB1.1.4.0
2025-08-02 14:45:02,605 [INFO] WebApp:169 - Instantiating new browser for Auth
2025-08-02 14:45:02,645 [WARN] PackLoader:240 - Cannot read IP mode file for STMicroelectronics.FP-ATR-ASTRA1.2.0.2
2025-08-02 14:45:02,735 [WARN] PackLoader:240 - Cannot read IP mode file for STMicroelectronics.X-CUBE-SMBUS.2.1.0
2025-08-02 14:45:02,838 [WARN] PackLoader:240 - Cannot read IP mode file for STMicroelectronics.X-CUBE-ST60.1.0.0
2025-08-02 14:45:02,987 [WARN] PackLoader:240 - Cannot read IP mode file for STMicroelectronics.X-CUBE-AZRTOS-F7.1.1.0
2025-08-02 14:45:03,169 [WARN] PackLoader:240 - Cannot read IP mode file for Infineon.AIROC-Wi-Fi-Bluetooth-STM32.1.7.1
2025-08-02 14:45:03,336 [WARN] PackLoader:240 - Cannot read IP mode file for STMicroelectronics.X-CUBE-AZRTOS-H7.3.4.0
2025-08-02 14:45:03,427 [WARN] PackLoader:240 - Cannot read IP mode file for STMicroelectronics.X-CUBE-DISPLAY.3.0.0
2025-08-02 14:45:03,712 [WARN] PackLoader:240 - Cannot read IP mode file for STMicroelectronics.X-CUBE-NFC10.1.0.0
2025-08-02 14:45:03,822 [WARN] PackLoader:240 - Cannot read IP mode file for emotas.I-CUBE-CANOPEN.1.3.0
2025-08-02 14:45:03,867 [WARN] ConditionMgr:438 - getConditionDescription Invalid condition id : Cortex-A Device cause : null
2025-08-02 14:45:03,878 [WARN] ConditionMgr:1044 - genDependencies : Invalid condition id : Cortex-A Device cause : null
2025-08-02 14:45:03,878 [WARN] ConditionMgr:1044 - genDependencies : Invalid condition id : Cortex-A Device cause : null
2025-08-02 14:45:03,878 [WARN] ConditionMgr:1044 - genDependencies : Invalid condition id : Cortex-A Device cause : null
2025-08-02 14:45:03,883 [WARN] PackLoader:240 - Cannot read IP mode file for STMicroelectronics.FP-SNS-STBOX1.2.1.0
2025-08-02 14:45:03,953 [WARN] PackLoader:240 - Cannot read IP mode file for STMicroelectronics.FP-SNS-SMARTAG2.1.2.0
2025-08-02 14:45:03,976 [WARN] PackLoader:240 - Cannot read IP mode file for STMicroelectronics.FP-SNS-FLIGHT1.5.1.0
2025-08-02 14:45:04,123 [INFO] LogOutputStream:77 - [STDOUT_REDIRECT] 1 : Invalid condition id : UX_CORESTACK_Condition cause : null
2025-08-02 14:45:04,124 [INFO] LogOutputStream:77 - [STDOUT_REDIRECT] 1 : Invalid condition id : UX_CORESTACK_Condition cause : null
2025-08-02 14:45:04,124 [INFO] LogOutputStream:77 - [STDOUT_REDIRECT] 1 : Invalid condition id : UX_CORESTACK_Condition cause : null
2025-08-02 14:45:04,125 [INFO] LogOutputStream:77 - [STDOUT_REDIRECT] 1 : Invalid condition id : UX_CORESTACK_Condition cause : null
2025-08-02 14:45:04,125 [INFO] LogOutputStream:77 - [STDOUT_REDIRECT] 1 : Invalid condition id : UX_CORESTACK_Condition cause : null
2025-08-02 14:45:04,133 [WARN] PackLoader:240 - Cannot read IP mode file for STMicroelectronics.X-CUBE-AZRTOS-WL.2.0.0
2025-08-02 14:45:04,166 [WARN] PackLoader:240 - Cannot read IP mode file for STMicroelectronics.FP-SNS-MOTENV1.5.0.0
2025-08-02 14:45:04,249 [WARN] PackLoader:240 - Cannot read IP mode file for WES.I-CUBE-Cesium.1.3.0
2025-08-02 14:45:04,288 [WARN] PackLoader:240 - Cannot read IP mode file for STMicroelectronics.X-CUBE-BLE2.3.3.0
2025-08-02 14:45:04,357 [WARN] PackLoader:240 - Cannot read IP mode file for STMicroelectronics.X-CUBE-NFC9.1.0.0
2025-08-02 14:45:04,422 [WARN] PackLoader:240 - Cannot read IP mode file for wolfSSL.I-CUBE-wolfSSL.5.8.0
2025-08-02 14:45:04,532 [WARN] PackLoader:240 - Cannot read IP mode file for wolfSSL.I-CUBE-wolfSSL.5.8.2
2025-08-02 14:45:04,605 [WARN] PackLoader:240 - Cannot read IP mode file for STMicroelectronics.X-CUBE-BLE1.7.1.0
2025-08-02 14:45:04,648 [WARN] PackLoader:240 - Cannot read IP mode file for wolfSSL.I-CUBE-wolfMQTT.1.19.2
2025-08-02 14:45:04,718 [WARN] PackLoader:240 - Cannot read IP mode file for STMicroelectronics.X-CUBE-EEPRMA1.5.2.0
2025-08-02 14:45:04,762 [WARN] PackLoader:240 - Cannot read IP mode file for STMicroelectronics.X-CUBE-AI.10.1.0
2025-08-02 14:45:04,917 [WARN] PackLoader:240 - Cannot read IP mode file for STMicroelectronics.X-CUBE-AZRTOS-G0.1.1.0
2025-08-02 14:45:04,977 [WARN] PackLoader:240 - Cannot read IP mode file for STMicroelectronics.X-CUBE-SAFEA1.1.2.2
2025-08-02 14:45:05,076 [WARN] PackLoader:240 - Cannot read IP mode file for STMicroelectronics.X-CUBE-NFC4.3.0.0
2025-08-02 14:45:05,158 [WARN] PackLoader:240 - Cannot read IP mode file for EmbeddedOffice.I-CUBE-FS-RTOS.1.0.1
2025-08-02 14:45:05,217 [WARN] PackLoader:240 - Cannot read IP mode file for STMicroelectronics.X-CUBE-WB05N.2.0.0
2025-08-02 14:45:05,261 [WARN] PackLoader:240 - Cannot read IP mode file for wolfSSL.I-CUBE-wolfTPM.3.8.0
2025-08-02 14:45:05,319 [WARN] PackLoader:240 - Cannot read IP mode file for STMicroelectronics.X-CUBE-TCPP.4.2.0
2025-08-02 14:45:05,356 [WARN] PackLoader:240 - Cannot read IP mode file for RealThread.X-CUBE-RT-Thread_Nano.4.1.1
2025-08-02 14:45:05,384 [WARN] PackLoader:240 - Cannot read IP mode file for STMicroelectronics.FP-ATR-SIGFOX1.3.2.0
2025-08-02 14:45:05,418 [WARN] PackLoader:240 - Cannot read IP mode file for ITTIA_DB.I-CUBE-ITTIADB.8.9.0
2025-08-02 14:45:05,513 [WARN] PackLoader:240 - Cannot read IP mode file for STMicroelectronics.X-CUBE-ST67W61.1.0.0
2025-08-02 14:45:05,517 [WARN] PackLoader:240 - Cannot read IP mode file for STMicroelectronics.X-CUBE-AI.10.2.0
2025-08-02 14:45:05,572 [WARN] PackLoader:240 - Cannot read IP mode file for SEGGER.I-CUBE-embOS.1.3.1
2025-08-02 14:45:05,690 [WARN] PackLoader:240 - Cannot read IP mode file for STMicroelectronics.X-CUBE-ALGOBUILD.1.4.0
2025-08-02 14:45:05,917 [WARN] PackLoader:240 - Cannot read IP mode file for STMicroelectronics.X-CUBE-MEMS1.11.3.0
2025-08-02 14:45:06,013 [WARN] PackLoader:240 - Cannot read IP mode file for STMicroelectronics.X-CUBE-PM33A1.1.0.0
2025-08-02 14:45:06,181 [WARN] PackLoader:240 - Cannot read IP mode file for STMicroelectronics.X-CUBE-AZRTOS-F4.1.1.0
2025-08-02 14:45:06,417 [WARN] PackLoader:240 - Cannot read IP mode file for Avnet-IotConnect.X-CUBE-IoTC-DA16k-PMOD.1.0.0
2025-08-02 14:45:06,589 [WARN] PackLoader:240 - Cannot read IP mode file for STMicroelectronics.X-CUBE-ISPU.2.1.0
2025-08-02 14:45:06,789 [WARN] PackLoader:240 - Cannot read IP mode file for STMicroelectronics.X-CUBE-NFC12.1.0.0
2025-08-02 14:45:06,994 [WARN] PackLoader:240 - Cannot read IP mode file for STMicroelectronics.X-CUBE-AZRTOS-L5.2.0.0
2025-08-02 14:45:07,109 [WARN] PackLoader:240 - Cannot read IP mode file for STMicroelectronics.X-CUBE-NFC6.3.1.0
2025-08-02 14:45:07,329 [WARN] PackLoader:240 - Cannot read IP mode file for STMicroelectronics.X-CUBE-FREERTOS.1.3.1
2025-08-02 14:45:07,400 [WARN] PackLoader:240 - Cannot read IP mode file for STMicroelectronics.FP-SNS-STAIOTCFT.1.0.0
2025-08-02 14:45:07,462 [WARN] PackLoader:240 - Cannot read IP mode file for STMicroelectronics.X-CUBE-DPower.1.3.0
2025-08-02 14:45:07,772 [WARN] ConditionMgr:438 - getConditionDescription Invalid condition id : LAN8742 Phy interface Condition cause : null
2025-08-02 14:45:07,773 [WARN] PackLoader:240 - Cannot read IP mode file for STMicroelectronics.X-CUBE-AZRTOS-L4.2.0.0
2025-08-02 14:45:07,774 [WARN] ConditionMgr:1044 - genDependencies : Invalid condition id : LAN8742 Phy interface Condition cause : null
2025-08-02 14:45:07,774 [WARN] ConditionMgr:1044 - genDependencies : Invalid condition id : LAN8742 Phy interface Condition cause : null
2025-08-02 14:45:07,775 [WARN] ConditionMgr:1044 - genDependencies : Invalid condition id : LAN8742 Phy interface Condition cause : null
2025-08-02 14:45:08,249 [WARN] PackLoader:240 - Cannot read IP mode file for STMicroelectronics.X-CUBE-SFXS2LP1.4.0.0
2025-08-02 14:45:08,577 [WARN] PackLoader:240 - Cannot read IP mode file for STMicroelectronics.X-CUBE-BLEMGR.4.1.0
2025-08-02 14:45:08,705 [WARN] ConditionMgr:438 - getConditionDescription Invalid condition id : UX DEVICE CLASS RTOS Condition cause : null
2025-08-02 14:45:08,705 [WARN] ConditionMgr:438 - getConditionDescription Invalid condition id : UX DEVICE CLASS RTOS Condition cause : null
2025-08-02 14:45:08,707 [WARN] PackLoader:240 - Cannot read IP mode file for STMicroelectronics.X-CUBE-AZRTOS-WB.2.0.0
2025-08-02 14:45:08,708 [WARN] ConditionMgr:1044 - genDependencies : Invalid condition id : UX DEVICE CLASS RTOS Condition cause : null
2025-08-02 14:45:08,708 [WARN] ConditionMgr:1044 - genDependencies : Invalid condition id : UX DEVICE CLASS RTOS Condition cause : null
2025-08-02 14:45:08,709 [WARN] ConditionMgr:1044 - genDependencies : Invalid condition id : UX DEVICE CLASS RTOS Condition cause : null
2025-08-02 14:45:08,709 [WARN] ConditionMgr:1044 - genDependencies : Invalid condition id : UX DEVICE CLASS RTOS Condition cause : null
2025-08-02 14:45:08,709 [WARN] ConditionMgr:1044 - genDependencies : Invalid condition id : UX DEVICE CLASS RTOS Condition cause : null
2025-08-02 14:45:08,940 [WARN] PackLoader:240 - Cannot read IP mode file for STMicroelectronics.X-CUBE-GNSS1.7.0.1
2025-08-02 14:45:09,004 [WARN] PackLoader:240 - Cannot read IP mode file for STMicroelectronics.X-CUBE-TOUCHGFX.4.25.0
2025-08-02 14:45:09,043 [WARN] PackLoader:240 - Cannot read IP mode file for STMicroelectronics.FP-SNS-STBOX1.2.0.0
2025-08-02 14:45:09,092 [WARN] ConditionMgr:438 - getConditionDescription Invalid condition id : Cortex-A Device cause : null
2025-08-02 14:45:09,233 [WARN] ConditionMgr:1044 - genDependencies : Invalid condition id : Cortex-A Device cause : null
2025-08-02 14:45:09,233 [WARN] ConditionMgr:1044 - genDependencies : Invalid condition id : Cortex-A Device cause : null
2025-08-02 14:45:09,233 [WARN] ConditionMgr:1044 - genDependencies : Invalid condition id : Cortex-A Device cause : null
2025-08-02 14:45:09,334 [WARN] PackLoader:240 - Cannot read IP mode file for STMicroelectronics.X-CUBE-SUBG2.5.0.0
2025-08-02 14:45:09,465 [WARN] PackLoader:240 - Cannot read IP mode file for STMicroelectronics.X-CUBE-AZRTOS-H7RS.1.1.0
2025-08-02 14:45:09,490 [WARN] PackLoader:240 - Cannot read IP mode file for Cesanta.I-CUBE-Mongoose.7.13.0
2025-08-02 14:45:09,578 [WARN] PackLoader:240 - Cannot read IP mode file for STMicroelectronics.X-CUBE-AZRTOS-G4.2.0.0
2025-08-02 14:45:09,700 [WARN] PackLoader:240 - Cannot read IP mode file for wolfSSL.I-CUBE-wolfSSH.1.4.20
2025-08-02 14:45:09,711 [WARN] PackLoader:240 - Cannot read IP mode file for STMicroelectronics.X-CUBE-NFC7.2.0.0
2025-08-02 14:45:09,895 [WARN] PackLoader:240 - Cannot read IP mode file for STMicroelectronics.X-CUBE-IPS.3.1.0
2025-08-02 14:45:09,978 [WARN] PackLoader:240 - Cannot read IP mode file for STMicroelectronics.X-CUBE-ALS.1.0.2
2025-08-02 14:45:10,112 [WARN] PackLoader:240 - Cannot read IP mode file for portGmbH.I-Cube-SoM-uGOAL.1.1.0
2025-08-02 14:45:10,212 [WARN] PackLoader:240 - Cannot read IP mode file for STMicroelectronics.X-CUBE-TOF1.3.4.3
2025-08-02 14:45:10,224 [INFO] ThirdParty:978 - Integrity check success = true
2025-08-02 14:45:10,224 [INFO] IntegrityCheckThread:100 - exiting critical section [integrity check]
2025-08-02 14:45:10,224 [INFO] IntegrityCheckThread:103 - End integrity checks thread
2025-08-02 14:45:13,582 [INFO] WebApp:463 - Apply proxy settings
2025-08-02 14:45:13,582 [INFO] WebApp:548 - Chromium requires no authentication
2025-08-02 14:45:13,738 [INFO] WebApp:491 - Direct internet connection detected
2025-08-02 14:45:14,192 [INFO] WebApp:900 - Register for checkConnection events
2025-08-02 14:45:14,192 [INFO] WebApp:463 - Apply proxy settings
2025-08-02 14:45:14,192 [INFO] WebApp:548 - Chromium requires no authentication
2025-08-02 14:45:14,193 [INFO] WebApp:491 - Direct internet connection detected
2025-08-02 14:45:16,069 [INFO] WebApp:225 - Starting web application
2025-08-02 14:45:16,070 [INFO] WebApp:593 - Web application path used /opt/st/stm32cubeide_1.19.0_2/plugins/com.st.stm32cube.common.mx_6.15.0.202507011659/db/plugins/mcufinder/reactClient1/index.html
2025-08-02 14:45:16,903 [INFO] WebApp:191 - Connection restablished
2025-08-02 14:45:17,611 [INFO] UserAuth:487 - Internet connection configuration mode: 1
