2025-08-04 13:41:09,679 [INFO] Activator:176 - 


2025-08-04 13:41:09,682 [INFO] Activator:177 - !SESSION log4j initialized
2025-08-04 13:41:19,436 [INFO] LogOutputStream:77 - [STDOUT_REDIRECT] 
2025-08-04 13:41:20,840 [INFO] ApplicationProperties:184 - Using Application install path: /opt/st/stm32cubeide_1.19.0_2/plugins/com.st.stm32cube.common.mx_6.15.0.202507011659
2025-08-04 13:41:20,954 [INFO] DbMcusXml:78 - Set database path to: /opt/st/stm32cubeide_1.19.0_2/plugins/com.st.stm32cube.common.mx_6.15.0.202507011659//db//mcu/
2025-08-04 13:41:20,954 [INFO] ApiDb:274 - Set plugin database path to: /opt/st/stm32cubeide_1.19.0_2/plugins/com.st.stm32cube.common.mx_6.15.0.202507011659//db//plugins/boardmanager/
2025-08-04 13:41:20,955 [WARN] ApiDb:259 - Overriding images path with different value:  => /opt/st/stm32cubeide_1.19.0_2/plugins/com.st.stm32cube.common.mx_6.15.0.202507011659//db//plugins/mcufinder/images/
2025-08-04 13:41:21,033 [INFO] ApiDb:250 - Set database path to: /home/user1/.stmcufinder/plugins/mcufinder//mcu/
2025-08-04 13:41:21,036 [INFO] DbMcusAds:125 - Set database path to: /home/user1/.stmcufinder/plugins/mcufinder//mcu/
2025-08-04 13:41:21,040 [INFO] CrossReferenceDbSqlite:203 - Set database path to: /home/user1/.stmcufinder/plugins/mcufinder//mcu/cs/
2025-08-04 13:41:21,284 [INFO] RulesReader:64 - Compatibility file has been processed (317 Rules)
2025-08-04 13:41:21,557 [INFO] DbMcusXml:78 - Set database path to: /opt/st/stm32cubeide_1.19.0_2/plugins/com.st.stm32cube.common.mx_6.15.0.202507011659//db//mcu/
2025-08-04 13:41:21,557 [INFO] ApiDb:274 - Set plugin database path to: /opt/st/stm32cubeide_1.19.0_2/plugins/com.st.stm32cube.common.mx_6.15.0.202507011659//db//plugins/boardmanager/
2025-08-04 13:41:21,557 [INFO] ApiDb:261 - Set plugin images path to: /opt/st/stm32cubeide_1.19.0_2/plugins/com.st.stm32cube.common.mx_6.15.0.202507011659//db//plugins/mcufinder/images/
2025-08-04 13:41:21,558 [WARN] DbFile:41 - Overriding database path with different value: /home/user1/.stmcufinder/plugins/mcufinder/ => /home/user1/.stmcufinder/plugins/mcufinder
2025-08-04 13:41:21,558 [INFO] ApiDb:250 - Set database path to: /home/user1/.stmcufinder/plugins/mcufinder//mcu/
2025-08-04 13:41:21,558 [WARN] DbFile:41 - Overriding database path with different value: /home/user1/.stmcufinder/plugins/mcufinder/ => /home/user1/.stmcufinder/plugins/mcufinder
2025-08-04 13:41:21,558 [INFO] DbMcusAds:125 - Set database path to: /home/user1/.stmcufinder/plugins/mcufinder//mcu/
2025-08-04 13:41:21,558 [WARN] DbFile:41 - Overriding database path with different value: /home/user1/.stmcufinder/plugins/mcufinder/ => /home/user1/.stmcufinder/plugins/mcufinder
2025-08-04 13:41:21,558 [WARN] DbFile:41 - Overriding database path with different value: /home/user1/.stmcufinder/plugins/mcufinder/ => /home/user1/.stmcufinder/plugins/mcufinder
2025-08-04 13:41:21,559 [INFO] CrossReferenceDbSqlite:203 - Set database path to: /home/user1/.stmcufinder/plugins/mcufinder//mcu/cs/
2025-08-04 13:41:21,777 [INFO] MainPanel:274 - HeapMemory: 268435456
2025-08-04 13:41:22,176 [INFO] DbMcusXml:78 - Set database path to: /opt/st/stm32cubeide_1.19.0_2/plugins/com.st.stm32cube.common.mx_6.15.0.202507011659//db//mcu/
2025-08-04 13:41:22,176 [INFO] ApiDb:274 - Set plugin database path to: /opt/st/stm32cubeide_1.19.0_2/plugins/com.st.stm32cube.common.mx_6.15.0.202507011659//db//plugins/boardmanager/
2025-08-04 13:41:22,176 [INFO] ApiDb:261 - Set plugin images path to: /opt/st/stm32cubeide_1.19.0_2/plugins/com.st.stm32cube.common.mx_6.15.0.202507011659//db//plugins/mcufinder/images/
2025-08-04 13:41:22,177 [WARN] DbFile:41 - Overriding database path with different value: /home/user1/.stmcufinder/plugins/mcufinder/ => /home/user1/.stmcufinder/plugins/mcufinder
2025-08-04 13:41:22,177 [INFO] ApiDb:250 - Set database path to: /home/user1/.stmcufinder/plugins/mcufinder//mcu/
2025-08-04 13:41:22,177 [WARN] DbFile:41 - Overriding database path with different value: /home/user1/.stmcufinder/plugins/mcufinder/ => /home/user1/.stmcufinder/plugins/mcufinder
2025-08-04 13:41:22,177 [INFO] DbMcusAds:125 - Set database path to: /home/user1/.stmcufinder/plugins/mcufinder//mcu/
2025-08-04 13:41:22,177 [WARN] DbFile:41 - Overriding database path with different value: /home/user1/.stmcufinder/plugins/mcufinder/ => /home/user1/.stmcufinder/plugins/mcufinder
2025-08-04 13:41:22,177 [WARN] DbFile:41 - Overriding database path with different value: /home/user1/.stmcufinder/plugins/mcufinder/ => /home/user1/.stmcufinder/plugins/mcufinder
2025-08-04 13:41:22,177 [INFO] CrossReferenceDbSqlite:203 - Set database path to: /home/user1/.stmcufinder/plugins/mcufinder//mcu/cs/
2025-08-04 13:41:22,194 [INFO] ApplicationProperties:184 - Using Application install path: /opt/st/stm32cubeide_1.19.0_2/plugins/com.st.stm32cube.common.mx_6.15.0.202507011659
2025-08-04 13:41:22,196 [INFO] PluginManage:196 - Search for loadable plugins [exclusion list=, ]
2025-08-04 13:41:22,212 [INFO] PluginManage:310 - Check plugin analytics
2025-08-04 13:41:22,558 [INFO] AnalyticsPlugin:253 - Accepted Software Licenses: 
2025-08-04 13:41:22,558 [INFO] AnalyticsPlugin:255 - Accepted CMSIS Pack Licenses: 
2025-08-04 13:41:22,558 [INFO] AnalyticsPlugin:257 - Accepted Firmware Licenses: 
2025-08-04 13:41:22,562 [INFO] PluginManage:359 - Loaded plugin analytics (category:tool,tabindex:-1)
2025-08-04 13:41:22,562 [INFO] PluginManage:310 - Check plugin cadmodel
2025-08-04 13:41:22,608 [INFO] CADModel:105 - Init CAD model plugin
2025-08-04 13:41:22,609 [INFO] PluginManage:359 - Loaded plugin cadmodel (category:power,tabindex:5)
2025-08-04 13:41:22,609 [INFO] PluginManage:310 - Check plugin clock
2025-08-04 13:41:22,664 [INFO] PluginManage:359 - Loaded plugin clock (category:base,tabindex:2)
2025-08-04 13:41:22,664 [INFO] PluginManage:310 - Check plugin ddr
2025-08-04 13:41:22,688 [INFO] PluginManage:359 - Loaded plugin ddr (category:tool,tabindex:6)
2025-08-04 13:41:22,689 [INFO] PluginManage:310 - Check plugin filemanager
2025-08-04 13:41:22,996 [INFO] PluginManage:359 - Loaded plugin filemanager (category:base,tabindex:10)
2025-08-04 13:41:22,996 [INFO] PluginManage:310 - Check plugin ipmanager
2025-08-04 13:41:23,023 [INFO] PluginManage:359 - Loaded plugin ipmanager (category:base,tabindex:5)
2025-08-04 13:41:23,023 [INFO] PluginManage:310 - Check plugin lpbam
2025-08-04 13:41:23,056 [INFO] PluginManage:359 - Loaded plugin lpbam (category:base,tabindex:0)
2025-08-04 13:41:23,056 [INFO] PluginManage:310 - Check plugin memorymap
2025-08-04 13:41:23,095 [INFO] PluginManage:359 - Loaded plugin memorymap (category:base,tabindex:4)
2025-08-04 13:41:23,095 [INFO] PluginManage:310 - Check plugin pinoutandconfiguration
2025-08-04 13:41:23,144 [INFO] PluginManage:359 - Loaded plugin pinoutandconfiguration (category:base,tabindex:1)
2025-08-04 13:41:23,144 [INFO] PluginManage:310 - Check plugin pinoutconfig
2025-08-04 13:41:23,355 [WARN] SupportedApi:132 - Cannot load RTOS API schema: s4s-elt-must-match.1: The content of 'definitions' must match (annotation?, (simpleType | complexType)?, (unique | key | keyref)*)). A problem was found starting at: attribute.
2025-08-04 13:41:24,205 [INFO] PluginManage:359 - Loaded plugin pinoutconfig (category:base,tabindex:0)
2025-08-04 13:41:24,205 [INFO] PluginManage:310 - Check plugin power
2025-08-04 13:41:24,261 [INFO] PluginManage:359 - Loaded plugin power (category:power,tabindex:4)
2025-08-04 13:41:24,261 [INFO] PluginManage:310 - Check plugin projectmanager
2025-08-04 13:41:24,302 [INFO] PluginManage:359 - Loaded plugin projectmanager (category:projectmanager,tabindex:4)
2025-08-04 13:41:24,302 [INFO] PluginManage:310 - Check plugin rif
2025-08-04 13:41:24,324 [INFO] PluginManage:359 - Loaded plugin rif (category:base,tabindex:3)
2025-08-04 13:41:24,325 [INFO] PluginManage:310 - Check plugin thirdparty
2025-08-04 13:41:24,685 [INFO] PluginManage:359 - Loaded plugin thirdparty (category:base,tabindex:-1)
2025-08-04 13:41:24,685 [INFO] PluginManage:310 - Check plugin tools
2025-08-04 13:41:24,685 [WARN] IntegrityCheckThread:84 - waiting for thirdparty lock release [integrity check]
2025-08-04 13:41:24,685 [INFO] IntegrityCheckThread:86 - entering critical section [integrity check]
2025-08-04 13:41:24,686 [INFO] ThirdPartyUpdaterWithRetryManager:70 - Updater plugin not ready yet. [1/15]
2025-08-04 13:41:24,696 [INFO] PluginManage:359 - Loaded plugin tools (category:base,tabindex:7)
2025-08-04 13:41:24,696 [INFO] PluginManage:310 - Check plugin tutovideos
2025-08-04 13:41:25,041 [INFO] PluginManage:359 - Loaded plugin tutovideos (category:base,tabindex:-1)
2025-08-04 13:41:25,041 [INFO] PluginManage:310 - Check plugin updater
2025-08-04 13:41:25,101 [INFO] PluginManage:359 - Loaded plugin updater (category:base,tabindex:12)
2025-08-04 13:41:25,102 [INFO] PluginManage:310 - Check plugin userauth
2025-08-04 13:41:25,129 [INFO] UserAuth:118 - Init User Auth plugin
2025-08-04 13:41:25,130 [INFO] PluginManage:359 - Loaded plugin userauth (category:base,tabindex:14)
2025-08-04 13:41:25,131 [INFO] PluginManage:283 - PluginManage : Loaded plugins [18]
2025-08-04 13:41:25,573 [INFO] PinOutPanel:1589 - setPackage(No Configuration,No Configuration)
2025-08-04 13:41:25,733 [INFO] CADModel:165 - CPN selected for project level
2025-08-04 13:41:25,733 [INFO] CADModel:114 - Register for checkConnection events
2025-08-04 13:41:25,802 [INFO] IPUIPlugin:80 - create IPUIPlugin
2025-08-04 13:41:25,805 [INFO] PluginManager:220 - loadIPPluginJar : add plateformsettings
2025-08-04 13:41:25,820 [INFO] IPUIPlugin:80 - create IPUIPlugin
2025-08-04 13:41:25,820 [INFO] PluginManager:220 - loadIPPluginJar : add genericplugin
2025-08-04 13:41:25,838 [INFO] IPUIPlugin:80 - create IPUIPlugin
2025-08-04 13:41:25,839 [INFO] PluginManager:220 - loadIPPluginJar : add can
2025-08-04 13:41:25,850 [INFO] IPUIPlugin:80 - create IPUIPlugin
2025-08-04 13:41:25,850 [INFO] PluginManager:220 - loadIPPluginJar : add openamp
2025-08-04 13:41:25,857 [INFO] IPUIPlugin:80 - create IPUIPlugin
2025-08-04 13:41:25,857 [INFO] PluginManager:220 - loadIPPluginJar : add fatfs
2025-08-04 13:41:25,861 [INFO] IPUIPlugin:80 - create IPUIPlugin
2025-08-04 13:41:25,861 [INFO] PluginManager:220 - loadIPPluginJar : add aes
2025-08-04 13:41:25,865 [INFO] IPUIPlugin:80 - create IPUIPlugin
2025-08-04 13:41:25,865 [INFO] PluginManager:220 - loadIPPluginJar : add dma3
2025-08-04 13:41:25,867 [INFO] IPUIPlugin:80 - create IPUIPlugin
2025-08-04 13:41:25,867 [INFO] PluginManager:220 - loadIPPluginJar : add tsc
2025-08-04 13:41:25,869 [INFO] IPUIPlugin:80 - create IPUIPlugin
2025-08-04 13:41:25,869 [INFO] PluginManager:220 - loadIPPluginJar : add comp
2025-08-04 13:41:25,871 [INFO] IPUIPlugin:80 - create IPUIPlugin
2025-08-04 13:41:25,872 [INFO] PluginManager:220 - loadIPPluginJar : add dfsdm
2025-08-04 13:41:25,875 [INFO] IPUIPlugin:80 - create IPUIPlugin
2025-08-04 13:41:25,875 [INFO] PluginManager:220 - loadIPPluginJar : add usbx
2025-08-04 13:41:25,877 [INFO] IPUIPlugin:80 - create IPUIPlugin
2025-08-04 13:41:25,877 [INFO] PluginManager:220 - loadIPPluginJar : add tracer_emb
2025-08-04 13:41:25,894 [INFO] IPUIPlugin:80 - create IPUIPlugin
2025-08-04 13:41:25,894 [INFO] PluginManager:220 - loadIPPluginJar : add resmgrutility
2025-08-04 13:41:25,902 [INFO] IPUIPlugin:80 - create IPUIPlugin
2025-08-04 13:41:25,903 [INFO] PluginManager:220 - loadIPPluginJar : add gic
2025-08-04 13:41:25,906 [INFO] IPUIPlugin:80 - create IPUIPlugin
2025-08-04 13:41:25,906 [INFO] PluginManager:220 - loadIPPluginJar : add gtzc
2025-08-04 13:41:25,910 [INFO] IPUIPlugin:80 - create IPUIPlugin
2025-08-04 13:41:25,910 [INFO] PluginManager:220 - loadIPPluginJar : add usart
2025-08-04 13:41:25,924 [INFO] IPUIPlugin:80 - create IPUIPlugin
2025-08-04 13:41:25,924 [INFO] PluginManager:220 - loadIPPluginJar : add pdm2pcm
2025-08-04 13:41:25,926 [INFO] IPUIPlugin:80 - create IPUIPlugin
2025-08-04 13:41:25,926 [INFO] PluginManager:220 - loadIPPluginJar : add quadspi
2025-08-04 13:41:25,929 [INFO] IPUIPlugin:80 - create IPUIPlugin
2025-08-04 13:41:25,929 [INFO] PluginManager:220 - loadIPPluginJar : add gfxmmu
2025-08-04 13:41:25,932 [INFO] IPUIPlugin:80 - create IPUIPlugin
2025-08-04 13:41:25,932 [INFO] PluginManager:220 - loadIPPluginJar : add i3c
2025-08-04 13:41:25,944 [INFO] IPUIPlugin:80 - create IPUIPlugin
2025-08-04 13:41:25,945 [INFO] PluginManager:220 - loadIPPluginJar : add opamp
2025-08-04 13:41:25,958 [INFO] IPUIPlugin:80 - create IPUIPlugin
2025-08-04 13:41:25,958 [INFO] PluginManager:220 - loadIPPluginJar : add ipddr
2025-08-04 13:41:25,960 [INFO] IPUIPlugin:80 - create IPUIPlugin
2025-08-04 13:41:25,960 [INFO] PluginManager:220 - loadIPPluginJar : add ltdc
2025-08-04 13:41:25,968 [INFO] IPUIPlugin:80 - create IPUIPlugin
2025-08-04 13:41:25,969 [INFO] PluginManager:220 - loadIPPluginJar : add mdma
2025-08-04 13:41:25,972 [INFO] IPUIPlugin:80 - create IPUIPlugin
2025-08-04 13:41:25,972 [INFO] PluginManager:220 - loadIPPluginJar : add touchsensing
2025-08-04 13:41:25,985 [INFO] IPUIPlugin:80 - create IPUIPlugin
2025-08-04 13:41:25,985 [INFO] PluginManager:220 - loadIPPluginJar : add ddr_ctrl_phy
2025-08-04 13:41:25,987 [INFO] IPUIPlugin:80 - create IPUIPlugin
2025-08-04 13:41:25,988 [INFO] PluginManager:220 - loadIPPluginJar : add hash
2025-08-04 13:41:25,989 [INFO] IPUIPlugin:80 - create IPUIPlugin
2025-08-04 13:41:25,990 [INFO] PluginManager:220 - loadIPPluginJar : add tim
2025-08-04 13:41:25,992 [INFO] IPUIPlugin:80 - create IPUIPlugin
2025-08-04 13:41:25,993 [INFO] PluginManager:220 - loadIPPluginJar : add lorawan
2025-08-04 13:41:26,010 [INFO] IPUIPlugin:80 - create IPUIPlugin
2025-08-04 13:41:26,011 [INFO] PluginManager:220 - loadIPPluginJar : add gpio
2025-08-04 13:41:26,017 [INFO] IPUIPlugin:80 - create IPUIPlugin
2025-08-04 13:41:26,018 [INFO] PluginManager:220 - loadIPPluginJar : add adc
2025-08-04 13:41:26,032 [INFO] IPUIPlugin:80 - create IPUIPlugin
2025-08-04 13:41:26,033 [INFO] PluginManager:220 - loadIPPluginJar : add freertos
2025-08-04 13:41:26,035 [INFO] IPUIPlugin:80 - create IPUIPlugin
2025-08-04 13:41:26,035 [INFO] PluginManager:220 - loadIPPluginJar : add radio
2025-08-04 13:41:26,041 [INFO] IPUIPlugin:80 - create IPUIPlugin
2025-08-04 13:41:26,041 [INFO] PluginManager:220 - loadIPPluginJar : add dma
2025-08-04 13:41:26,043 [INFO] IPUIPlugin:80 - create IPUIPlugin
2025-08-04 13:41:26,043 [INFO] PluginManager:220 - loadIPPluginJar : add spi
2025-08-04 13:41:26,046 [INFO] IPUIPlugin:80 - create IPUIPlugin
2025-08-04 13:41:26,046 [INFO] PluginManager:220 - loadIPPluginJar : add sai
2025-08-04 13:41:26,052 [INFO] IPUIPlugin:80 - create IPUIPlugin
2025-08-04 13:41:26,052 [INFO] PluginManager:220 - loadIPPluginJar : add stm32_wpan
2025-08-04 13:41:26,053 [INFO] IPUIPlugin:80 - create IPUIPlugin
2025-08-04 13:41:26,053 [INFO] PluginManager:220 - loadIPPluginJar : add ts
2025-08-04 13:41:26,057 [INFO] IPUIPlugin:80 - create IPUIPlugin
2025-08-04 13:41:26,057 [INFO] PluginManager:220 - loadIPPluginJar : add fmc
2025-08-04 13:41:26,080 [INFO] IPUIPlugin:80 - create IPUIPlugin
2025-08-04 13:41:26,081 [INFO] PluginManager:220 - loadIPPluginJar : add linkedlist
2025-08-04 13:41:26,083 [INFO] IPUIPlugin:80 - create IPUIPlugin
2025-08-04 13:41:26,083 [INFO] PluginManager:220 - loadIPPluginJar : add ucpd
2025-08-04 13:41:26,086 [INFO] IPUIPlugin:80 - create IPUIPlugin
2025-08-04 13:41:26,086 [INFO] PluginManager:220 - loadIPPluginJar : add extmemmanager
2025-08-04 13:41:26,107 [INFO] IPUIPlugin:80 - create IPUIPlugin
2025-08-04 13:41:26,107 [INFO] PluginManager:220 - loadIPPluginJar : add nvic
2025-08-04 13:41:26,110 [INFO] IPUIPlugin:80 - create IPUIPlugin
2025-08-04 13:41:26,110 [INFO] PluginManager:220 - loadIPPluginJar : add cryp
2025-08-04 13:41:26,113 [INFO] IPUIPlugin:80 - create IPUIPlugin
2025-08-04 13:41:26,113 [INFO] PluginManager:220 - loadIPPluginJar : add i2c
2025-08-04 13:41:26,115 [INFO] IPUIPlugin:80 - create IPUIPlugin
2025-08-04 13:41:26,115 [INFO] PluginManager:220 - loadIPPluginJar : add i2s
2025-08-04 13:41:26,262 [FATAL] Updater:351 - Updater called before beeing initialized
2025-08-04 13:41:26,320 [INFO] RulesReader:64 - Compatibility file has been processed (317 Rules)
2025-08-04 13:41:26,334 [INFO] RulesReader:64 - Compatibility file has been processed (317 Rules)
2025-08-04 13:41:26,342 [INFO] CADModel:165 - CPN selected for project level
2025-08-04 13:41:26,342 [INFO] CADModel:114 - Register for checkConnection events
2025-08-04 13:41:26,342 [FATAL] Updater:351 - Updater called before beeing initialized
2025-08-04 13:41:26,342 [ERROR] CADModel:125 - Updater not yet initialized, retry later 
2025-08-04 13:41:26,572 [FATAL] Updater:351 - Updater called before beeing initialized
2025-08-04 13:41:26,575 [INFO] CADModel:165 - CPN selected for project level
2025-08-04 13:41:26,575 [INFO] CADModel:114 - Register for checkConnection events
2025-08-04 13:41:26,575 [FATAL] Updater:351 - Updater called before beeing initialized
2025-08-04 13:41:26,575 [ERROR] CADModel:125 - Updater not yet initialized, retry later 
2025-08-04 13:41:26,579 [FATAL] Updater:351 - Updater called before beeing initialized
2025-08-04 13:41:26,701 [FATAL] Updater:351 - Updater called before beeing initialized
2025-08-04 13:41:26,715 [INFO] DbMcusAds:53 - JSON generation date=Tue Jul 08 11:14:23 MSK 2025 (1751962463593)
2025-08-04 13:41:26,715 [FATAL] Updater:351 - Updater called before beeing initialized
2025-08-04 13:41:26,856 [WARN] DetailPanel:346 - Failed to get advertising image, set to default
2025-08-04 13:41:26,955 [FATAL] Updater:351 - Updater called before beeing initialized
2025-08-04 13:41:26,958 [FATAL] Updater:351 - Updater called before beeing initialized
2025-08-04 13:41:26,958 [FATAL] Updater:351 - Updater called before beeing initialized
2025-08-04 13:41:26,958 [WARN] DetailPanel:346 - Failed to get advertising image, set to default
2025-08-04 13:41:26,959 [FATAL] Updater:351 - Updater called before beeing initialized
2025-08-04 13:41:27,040 [ERROR] Updater:1198 - MainUpdater not yet initialized. External WinMGr cannot be set.
2025-08-04 13:41:27,044 [INFO] Updater:1134 - Updater Version found : 6.15.0
2025-08-04 13:41:27,092 [INFO] ApplicationProperties:184 - Using Application install path: /opt/st/stm32cubeide_1.19.0_2/plugins/com.st.stm32cube.common.mx_6.15.0.202507011659
2025-08-04 13:41:27,686 [INFO] ThirdPartyUpdaterWithRetryManager:70 - Updater plugin not ready yet. [2/15]
2025-08-04 13:41:27,788 [INFO] MainUpdater:2872 - connection check result : 10
2025-08-04 13:41:27,789 [INFO] MainUpdater:289 - Updater Check For Update Now.
2025-08-04 13:41:27,789 [INFO] MicroXplorer:498 - Change Database Version : DB.6.0.150
2025-08-04 13:41:27,796 [INFO] McuFinderGlobals:63 - Set McuFinder mode to 2 (CubeIDE integrated)
2025-08-04 13:41:27,840 [INFO] UserAuth:487 - Internet connection configuration mode: 1
2025-08-04 13:41:27,972 [INFO] JxBrowserEngine:152 - Initiate JxBrowser Engine with user profile folder
2025-08-04 13:41:28,101 [INFO] CheckServerUpdateThread:120 - End of CheckServer Thread
2025-08-04 13:41:31,849 [WARN] PackLoader:240 - Cannot read IP mode file for STMicroelectronics.FP-SNS-MOTENVWB1.1.4.0
2025-08-04 13:41:31,910 [WARN] PackLoader:240 - Cannot read IP mode file for STMicroelectronics.FP-ATR-ASTRA1.2.0.2
2025-08-04 13:41:31,939 [WARN] PackLoader:240 - Cannot read IP mode file for STMicroelectronics.X-CUBE-SMBUS.2.1.0
2025-08-04 13:41:31,966 [WARN] PackLoader:240 - Cannot read IP mode file for STMicroelectronics.X-CUBE-ST60.1.0.0
2025-08-04 13:41:32,059 [WARN] PackLoader:240 - Cannot read IP mode file for STMicroelectronics.X-CUBE-AZRTOS-F7.1.1.0
2025-08-04 13:41:32,110 [WARN] PackLoader:240 - Cannot read IP mode file for Infineon.AIROC-Wi-Fi-Bluetooth-STM32.1.7.1
2025-08-04 13:41:32,199 [WARN] PackLoader:240 - Cannot read IP mode file for STMicroelectronics.X-CUBE-AZRTOS-H7.3.4.0
2025-08-04 13:41:32,288 [WARN] PackLoader:240 - Cannot read IP mode file for STMicroelectronics.X-CUBE-DISPLAY.3.0.0
2025-08-04 13:41:32,384 [WARN] PackLoader:240 - Cannot read IP mode file for STMicroelectronics.X-CUBE-NFC10.1.0.0
2025-08-04 13:41:32,435 [WARN] PackLoader:240 - Cannot read IP mode file for emotas.I-CUBE-CANOPEN.1.3.0
2025-08-04 13:41:32,462 [WARN] ConditionMgr:438 - getConditionDescription Invalid condition id : Cortex-A Device cause : null
2025-08-04 13:41:32,492 [WARN] ConditionMgr:1044 - genDependencies : Invalid condition id : Cortex-A Device cause : null
2025-08-04 13:41:32,493 [WARN] ConditionMgr:1044 - genDependencies : Invalid condition id : Cortex-A Device cause : null
2025-08-04 13:41:32,493 [WARN] ConditionMgr:1044 - genDependencies : Invalid condition id : Cortex-A Device cause : null
2025-08-04 13:41:32,551 [WARN] PackLoader:240 - Cannot read IP mode file for STMicroelectronics.FP-SNS-STBOX1.2.1.0
2025-08-04 13:41:32,566 [WARN] PackLoader:240 - Cannot read IP mode file for STMicroelectronics.FP-SNS-SMARTAG2.1.2.0
2025-08-04 13:41:32,599 [WARN] PackLoader:240 - Cannot read IP mode file for STMicroelectronics.FP-SNS-FLIGHT1.5.1.0
2025-08-04 13:41:32,656 [INFO] LogOutputStream:77 - [STDOUT_REDIRECT] 1 : Invalid condition id : UX_CORESTACK_Condition cause : null
2025-08-04 13:41:32,657 [INFO] LogOutputStream:77 - [STDOUT_REDIRECT] 1 : Invalid condition id : UX_CORESTACK_Condition cause : null
2025-08-04 13:41:32,658 [INFO] LogOutputStream:77 - [STDOUT_REDIRECT] 1 : Invalid condition id : UX_CORESTACK_Condition cause : null
2025-08-04 13:41:32,658 [INFO] LogOutputStream:77 - [STDOUT_REDIRECT] 1 : Invalid condition id : UX_CORESTACK_Condition cause : null
2025-08-04 13:41:32,659 [INFO] LogOutputStream:77 - [STDOUT_REDIRECT] 1 : Invalid condition id : UX_CORESTACK_Condition cause : null
2025-08-04 13:41:32,664 [WARN] PackLoader:240 - Cannot read IP mode file for STMicroelectronics.X-CUBE-AZRTOS-WL.2.0.0
2025-08-04 13:41:32,670 [WARN] PackLoader:240 - Cannot read IP mode file for STMicroelectronics.FP-SNS-MOTENV1.5.0.0
2025-08-04 13:41:32,688 [WARN] PackLoader:240 - Cannot read IP mode file for WES.I-CUBE-Cesium.1.3.0
2025-08-04 13:41:32,692 [WARN] PackLoader:240 - Cannot read IP mode file for STMicroelectronics.X-CUBE-BLE2.3.3.0
2025-08-04 13:41:32,713 [WARN] PackLoader:240 - Cannot read IP mode file for STMicroelectronics.X-CUBE-NFC9.1.0.0
2025-08-04 13:41:32,730 [WARN] PackLoader:240 - Cannot read IP mode file for wolfSSL.I-CUBE-wolfSSL.5.8.0
2025-08-04 13:41:32,743 [WARN] PackLoader:240 - Cannot read IP mode file for wolfSSL.I-CUBE-wolfSSL.5.8.2
2025-08-04 13:41:32,759 [WARN] PackLoader:240 - Cannot read IP mode file for STMicroelectronics.X-CUBE-BLE1.7.1.0
2025-08-04 13:41:32,767 [WARN] PackLoader:240 - Cannot read IP mode file for wolfSSL.I-CUBE-wolfMQTT.1.19.2
2025-08-04 13:41:32,776 [WARN] PackLoader:240 - Cannot read IP mode file for STMicroelectronics.X-CUBE-EEPRMA1.5.2.0
2025-08-04 13:41:32,784 [WARN] PackLoader:240 - Cannot read IP mode file for STMicroelectronics.X-CUBE-AI.10.1.0
2025-08-04 13:41:32,829 [WARN] PackLoader:240 - Cannot read IP mode file for STMicroelectronics.X-CUBE-AZRTOS-G0.1.1.0
2025-08-04 13:41:32,836 [WARN] PackLoader:240 - Cannot read IP mode file for STMicroelectronics.X-CUBE-SAFEA1.1.2.2
2025-08-04 13:41:32,860 [WARN] PackLoader:240 - Cannot read IP mode file for STMicroelectronics.X-CUBE-NFC4.3.0.0
2025-08-04 13:41:32,869 [WARN] PackLoader:240 - Cannot read IP mode file for EmbeddedOffice.I-CUBE-FS-RTOS.1.0.1
2025-08-04 13:41:32,874 [WARN] PackLoader:240 - Cannot read IP mode file for STMicroelectronics.X-CUBE-WB05N.2.0.0
2025-08-04 13:41:32,877 [WARN] PackLoader:240 - Cannot read IP mode file for wolfSSL.I-CUBE-wolfTPM.3.8.0
2025-08-04 13:41:32,893 [WARN] PackLoader:240 - Cannot read IP mode file for STMicroelectronics.X-CUBE-TCPP.4.2.0
2025-08-04 13:41:32,917 [WARN] PackLoader:240 - Cannot read IP mode file for RealThread.X-CUBE-RT-Thread_Nano.4.1.1
2025-08-04 13:41:32,937 [WARN] PackLoader:240 - Cannot read IP mode file for STMicroelectronics.FP-ATR-SIGFOX1.3.2.0
2025-08-04 13:41:32,959 [WARN] PackLoader:240 - Cannot read IP mode file for ITTIA_DB.I-CUBE-ITTIADB.8.9.0
2025-08-04 13:41:32,967 [WARN] PackLoader:240 - Cannot read IP mode file for STMicroelectronics.X-CUBE-ST67W61.1.0.0
2025-08-04 13:41:32,990 [WARN] PackLoader:240 - Cannot read IP mode file for STMicroelectronics.X-CUBE-AI.10.2.0
2025-08-04 13:41:33,035 [WARN] PackLoader:240 - Cannot read IP mode file for SEGGER.I-CUBE-embOS.1.3.1
2025-08-04 13:41:33,085 [WARN] PackLoader:240 - Cannot read IP mode file for STMicroelectronics.X-CUBE-ALGOBUILD.1.4.0
2025-08-04 13:41:33,159 [WARN] PackLoader:240 - Cannot read IP mode file for STMicroelectronics.X-CUBE-MEMS1.11.3.0
2025-08-04 13:41:33,293 [WARN] PackLoader:240 - Cannot read IP mode file for STMicroelectronics.X-CUBE-PM33A1.1.0.0
2025-08-04 13:41:33,369 [WARN] PackLoader:240 - Cannot read IP mode file for STMicroelectronics.X-CUBE-AZRTOS-F4.1.1.0
2025-08-04 13:41:33,376 [WARN] PackLoader:240 - Cannot read IP mode file for Avnet-IotConnect.X-CUBE-IoTC-DA16k-PMOD.1.0.0
2025-08-04 13:41:33,424 [WARN] PackLoader:240 - Cannot read IP mode file for STMicroelectronics.X-CUBE-ISPU.2.1.0
2025-08-04 13:41:33,454 [WARN] PackLoader:240 - Cannot read IP mode file for STMicroelectronics.X-CUBE-NFC12.1.0.0
2025-08-04 13:41:33,534 [WARN] PackLoader:240 - Cannot read IP mode file for STMicroelectronics.X-CUBE-AZRTOS-L5.2.0.0
2025-08-04 13:41:33,565 [WARN] PackLoader:240 - Cannot read IP mode file for STMicroelectronics.X-CUBE-NFC6.3.1.0
2025-08-04 13:41:33,573 [WARN] PackLoader:240 - Cannot read IP mode file for STMicroelectronics.X-CUBE-FREERTOS.1.3.1
2025-08-04 13:41:33,576 [WARN] PackLoader:240 - Cannot read IP mode file for STMicroelectronics.FP-SNS-STAIOTCFT.1.0.0
2025-08-04 13:41:33,592 [WARN] PackLoader:240 - Cannot read IP mode file for STMicroelectronics.X-CUBE-DPower.1.3.0
2025-08-04 13:41:33,652 [WARN] ConditionMgr:438 - getConditionDescription Invalid condition id : LAN8742 Phy interface Condition cause : null
2025-08-04 13:41:33,653 [WARN] PackLoader:240 - Cannot read IP mode file for STMicroelectronics.X-CUBE-AZRTOS-L4.2.0.0
2025-08-04 13:41:33,654 [WARN] ConditionMgr:1044 - genDependencies : Invalid condition id : LAN8742 Phy interface Condition cause : null
2025-08-04 13:41:33,654 [WARN] ConditionMgr:1044 - genDependencies : Invalid condition id : LAN8742 Phy interface Condition cause : null
2025-08-04 13:41:33,655 [WARN] ConditionMgr:1044 - genDependencies : Invalid condition id : LAN8742 Phy interface Condition cause : null
2025-08-04 13:41:33,684 [WARN] PackLoader:240 - Cannot read IP mode file for STMicroelectronics.X-CUBE-SFXS2LP1.4.0.0
2025-08-04 13:41:33,727 [WARN] PackLoader:240 - Cannot read IP mode file for STMicroelectronics.X-CUBE-BLEMGR.4.1.0
2025-08-04 13:41:33,761 [WARN] ConditionMgr:438 - getConditionDescription Invalid condition id : UX DEVICE CLASS RTOS Condition cause : null
2025-08-04 13:41:33,762 [WARN] ConditionMgr:438 - getConditionDescription Invalid condition id : UX DEVICE CLASS RTOS Condition cause : null
2025-08-04 13:41:33,764 [WARN] PackLoader:240 - Cannot read IP mode file for STMicroelectronics.X-CUBE-AZRTOS-WB.2.0.0
2025-08-04 13:41:33,765 [WARN] ConditionMgr:1044 - genDependencies : Invalid condition id : UX DEVICE CLASS RTOS Condition cause : null
2025-08-04 13:41:33,765 [WARN] ConditionMgr:1044 - genDependencies : Invalid condition id : UX DEVICE CLASS RTOS Condition cause : null
2025-08-04 13:41:33,765 [WARN] ConditionMgr:1044 - genDependencies : Invalid condition id : UX DEVICE CLASS RTOS Condition cause : null
2025-08-04 13:41:33,765 [WARN] ConditionMgr:1044 - genDependencies : Invalid condition id : UX DEVICE CLASS RTOS Condition cause : null
2025-08-04 13:41:33,765 [WARN] ConditionMgr:1044 - genDependencies : Invalid condition id : UX DEVICE CLASS RTOS Condition cause : null
2025-08-04 13:41:33,811 [WARN] PackLoader:240 - Cannot read IP mode file for STMicroelectronics.X-CUBE-GNSS1.7.0.1
2025-08-04 13:41:33,824 [WARN] PackLoader:240 - Cannot read IP mode file for STMicroelectronics.X-CUBE-TOUCHGFX.4.25.0
2025-08-04 13:41:33,844 [WARN] PackLoader:240 - Cannot read IP mode file for STMicroelectronics.FP-SNS-STBOX1.2.0.0
2025-08-04 13:41:33,878 [WARN] ConditionMgr:438 - getConditionDescription Invalid condition id : Cortex-A Device cause : null
2025-08-04 13:41:33,885 [WARN] ConditionMgr:1044 - genDependencies : Invalid condition id : Cortex-A Device cause : null
2025-08-04 13:41:33,886 [WARN] ConditionMgr:1044 - genDependencies : Invalid condition id : Cortex-A Device cause : null
2025-08-04 13:41:33,886 [WARN] ConditionMgr:1044 - genDependencies : Invalid condition id : Cortex-A Device cause : null
2025-08-04 13:41:33,908 [WARN] PackLoader:240 - Cannot read IP mode file for STMicroelectronics.X-CUBE-SUBG2.5.0.0
2025-08-04 13:41:33,996 [WARN] PackLoader:240 - Cannot read IP mode file for STMicroelectronics.X-CUBE-AZRTOS-H7RS.1.1.0
2025-08-04 13:41:34,001 [WARN] PackLoader:240 - Cannot read IP mode file for Cesanta.I-CUBE-Mongoose.7.13.0
2025-08-04 13:41:34,069 [WARN] PackLoader:240 - Cannot read IP mode file for STMicroelectronics.X-CUBE-AZRTOS-G4.2.0.0
2025-08-04 13:41:34,072 [WARN] PackLoader:240 - Cannot read IP mode file for wolfSSL.I-CUBE-wolfSSH.1.4.20
2025-08-04 13:41:34,126 [WARN] PackLoader:240 - Cannot read IP mode file for STMicroelectronics.X-CUBE-NFC7.2.0.0
2025-08-04 13:41:34,292 [WARN] PackLoader:240 - Cannot read IP mode file for STMicroelectronics.X-CUBE-IPS.3.1.0
2025-08-04 13:41:34,332 [WARN] PackLoader:240 - Cannot read IP mode file for STMicroelectronics.X-CUBE-ALS.1.0.2
2025-08-04 13:41:34,413 [WARN] PackLoader:240 - Cannot read IP mode file for portGmbH.I-Cube-SoM-uGOAL.1.1.0
2025-08-04 13:41:34,438 [WARN] PackLoader:240 - Cannot read IP mode file for STMicroelectronics.X-CUBE-TOF1.3.4.3
2025-08-04 13:41:34,447 [INFO] ThirdParty:978 - Integrity check success = true
2025-08-04 13:41:34,447 [INFO] IntegrityCheckThread:100 - exiting critical section [integrity check]
2025-08-04 13:41:34,447 [INFO] IntegrityCheckThread:103 - End integrity checks thread
2025-08-04 13:41:42,949 [ERROR] LogOutputStream:75 - [STDERR_REDIRECT] 
