2025-08-17 16:29:19,172 [INFO] Activator:176 - 


2025-08-17 16:29:19,176 [INFO] Activator:177 - !SESSION log4j initialized
2025-08-17 16:29:30,246 [INFO] LogOutputStream:77 - [STDOUT_REDIRECT] 
2025-08-17 16:29:33,679 [INFO] ApplicationProperties:184 - Using Application install path: /opt/st/stm32cubeide_1.19.0_2/plugins/com.st.stm32cube.common.mx_6.15.0.202507011659
2025-08-17 16:29:33,755 [INFO] DbMcusXml:78 - Set database path to: /opt/st/stm32cubeide_1.19.0_2/plugins/com.st.stm32cube.common.mx_6.15.0.202507011659//db//mcu/
2025-08-17 16:29:33,755 [INFO] ApiDb:274 - Set plugin database path to: /opt/st/stm32cubeide_1.19.0_2/plugins/com.st.stm32cube.common.mx_6.15.0.202507011659//db//plugins/boardmanager/
2025-08-17 16:29:33,755 [WARN] ApiDb:259 - Overriding images path with different value:  => /opt/st/stm32cubeide_1.19.0_2/plugins/com.st.stm32cube.common.mx_6.15.0.202507011659//db//plugins/mcufinder/images/
2025-08-17 16:29:33,849 [INFO] ApiDb:250 - Set database path to: /home/user1/.stmcufinder/plugins/mcufinder//mcu/
2025-08-17 16:29:33,852 [INFO] DbMcusAds:125 - Set database path to: /home/user1/.stmcufinder/plugins/mcufinder//mcu/
2025-08-17 16:29:33,857 [INFO] CrossReferenceDbSqlite:203 - Set database path to: /home/user1/.stmcufinder/plugins/mcufinder//mcu/cs/
2025-08-17 16:29:34,101 [INFO] RulesReader:64 - Compatibility file has been processed (317 Rules)
2025-08-17 16:29:34,375 [INFO] DbMcusXml:78 - Set database path to: /opt/st/stm32cubeide_1.19.0_2/plugins/com.st.stm32cube.common.mx_6.15.0.202507011659//db//mcu/
2025-08-17 16:29:34,375 [INFO] ApiDb:274 - Set plugin database path to: /opt/st/stm32cubeide_1.19.0_2/plugins/com.st.stm32cube.common.mx_6.15.0.202507011659//db//plugins/boardmanager/
2025-08-17 16:29:34,375 [INFO] ApiDb:261 - Set plugin images path to: /opt/st/stm32cubeide_1.19.0_2/plugins/com.st.stm32cube.common.mx_6.15.0.202507011659//db//plugins/mcufinder/images/
2025-08-17 16:29:34,376 [WARN] DbFile:41 - Overriding database path with different value: /home/user1/.stmcufinder/plugins/mcufinder/ => /home/user1/.stmcufinder/plugins/mcufinder
2025-08-17 16:29:34,376 [INFO] ApiDb:250 - Set database path to: /home/user1/.stmcufinder/plugins/mcufinder//mcu/
2025-08-17 16:29:34,376 [WARN] DbFile:41 - Overriding database path with different value: /home/user1/.stmcufinder/plugins/mcufinder/ => /home/user1/.stmcufinder/plugins/mcufinder
2025-08-17 16:29:34,376 [INFO] DbMcusAds:125 - Set database path to: /home/user1/.stmcufinder/plugins/mcufinder//mcu/
2025-08-17 16:29:34,376 [WARN] DbFile:41 - Overriding database path with different value: /home/user1/.stmcufinder/plugins/mcufinder/ => /home/user1/.stmcufinder/plugins/mcufinder
2025-08-17 16:29:34,376 [WARN] DbFile:41 - Overriding database path with different value: /home/user1/.stmcufinder/plugins/mcufinder/ => /home/user1/.stmcufinder/plugins/mcufinder
2025-08-17 16:29:34,376 [INFO] CrossReferenceDbSqlite:203 - Set database path to: /home/user1/.stmcufinder/plugins/mcufinder//mcu/cs/
2025-08-17 16:29:34,589 [INFO] MainPanel:274 - HeapMemory: 268435456
2025-08-17 16:29:35,004 [INFO] DbMcusXml:78 - Set database path to: /opt/st/stm32cubeide_1.19.0_2/plugins/com.st.stm32cube.common.mx_6.15.0.202507011659//db//mcu/
2025-08-17 16:29:35,004 [INFO] ApiDb:274 - Set plugin database path to: /opt/st/stm32cubeide_1.19.0_2/plugins/com.st.stm32cube.common.mx_6.15.0.202507011659//db//plugins/boardmanager/
2025-08-17 16:29:35,005 [INFO] ApiDb:261 - Set plugin images path to: /opt/st/stm32cubeide_1.19.0_2/plugins/com.st.stm32cube.common.mx_6.15.0.202507011659//db//plugins/mcufinder/images/
2025-08-17 16:29:35,005 [WARN] DbFile:41 - Overriding database path with different value: /home/user1/.stmcufinder/plugins/mcufinder/ => /home/user1/.stmcufinder/plugins/mcufinder
2025-08-17 16:29:35,005 [INFO] ApiDb:250 - Set database path to: /home/user1/.stmcufinder/plugins/mcufinder//mcu/
2025-08-17 16:29:35,005 [WARN] DbFile:41 - Overriding database path with different value: /home/user1/.stmcufinder/plugins/mcufinder/ => /home/user1/.stmcufinder/plugins/mcufinder
2025-08-17 16:29:35,006 [INFO] DbMcusAds:125 - Set database path to: /home/user1/.stmcufinder/plugins/mcufinder//mcu/
2025-08-17 16:29:35,006 [WARN] DbFile:41 - Overriding database path with different value: /home/user1/.stmcufinder/plugins/mcufinder/ => /home/user1/.stmcufinder/plugins/mcufinder
2025-08-17 16:29:35,006 [WARN] DbFile:41 - Overriding database path with different value: /home/user1/.stmcufinder/plugins/mcufinder/ => /home/user1/.stmcufinder/plugins/mcufinder
2025-08-17 16:29:35,006 [INFO] CrossReferenceDbSqlite:203 - Set database path to: /home/user1/.stmcufinder/plugins/mcufinder//mcu/cs/
2025-08-17 16:29:35,051 [INFO] ApplicationProperties:184 - Using Application install path: /opt/st/stm32cubeide_1.19.0_2/plugins/com.st.stm32cube.common.mx_6.15.0.202507011659
2025-08-17 16:29:35,053 [INFO] PluginManage:196 - Search for loadable plugins [exclusion list=, ]
2025-08-17 16:29:35,062 [INFO] PluginManage:310 - Check plugin analytics
2025-08-17 16:29:35,841 [INFO] AnalyticsPlugin:253 - Accepted Software Licenses: STM32CubeMX.6.15.0
2025-08-17 16:29:35,842 [INFO] AnalyticsPlugin:255 - Accepted CMSIS Pack Licenses: 
2025-08-17 16:29:35,842 [INFO] AnalyticsPlugin:257 - Accepted Firmware Licenses: 
2025-08-17 16:29:35,845 [INFO] PluginManage:359 - Loaded plugin analytics (category:tool,tabindex:-1)
2025-08-17 16:29:35,846 [INFO] PluginManage:310 - Check plugin cadmodel
2025-08-17 16:29:35,893 [INFO] CADModel:105 - Init CAD model plugin
2025-08-17 16:29:35,893 [INFO] PluginManage:359 - Loaded plugin cadmodel (category:power,tabindex:5)
2025-08-17 16:29:35,893 [INFO] PluginManage:310 - Check plugin clock
2025-08-17 16:29:35,945 [INFO] PluginManage:359 - Loaded plugin clock (category:base,tabindex:2)
2025-08-17 16:29:35,945 [INFO] PluginManage:310 - Check plugin ddr
2025-08-17 16:29:35,964 [INFO] PluginManage:359 - Loaded plugin ddr (category:tool,tabindex:6)
2025-08-17 16:29:35,964 [INFO] PluginManage:310 - Check plugin filemanager
2025-08-17 16:29:36,250 [INFO] PluginManage:359 - Loaded plugin filemanager (category:base,tabindex:10)
2025-08-17 16:29:36,250 [INFO] PluginManage:310 - Check plugin ipmanager
2025-08-17 16:29:36,264 [INFO] PluginManage:359 - Loaded plugin ipmanager (category:base,tabindex:5)
2025-08-17 16:29:36,264 [INFO] PluginManage:310 - Check plugin lpbam
2025-08-17 16:29:36,289 [INFO] PluginManage:359 - Loaded plugin lpbam (category:base,tabindex:0)
2025-08-17 16:29:36,290 [INFO] PluginManage:310 - Check plugin memorymap
2025-08-17 16:29:36,326 [INFO] PluginManage:359 - Loaded plugin memorymap (category:base,tabindex:4)
2025-08-17 16:29:36,327 [INFO] PluginManage:310 - Check plugin pinoutandconfiguration
2025-08-17 16:29:36,378 [INFO] PluginManage:359 - Loaded plugin pinoutandconfiguration (category:base,tabindex:1)
2025-08-17 16:29:36,378 [INFO] PluginManage:310 - Check plugin pinoutconfig
2025-08-17 16:29:36,609 [WARN] SupportedApi:132 - Cannot load RTOS API schema: s4s-elt-must-match.1: The content of 'definitions' must match (annotation?, (simpleType | complexType)?, (unique | key | keyref)*)). A problem was found starting at: attribute.
2025-08-17 16:29:36,834 [INFO] PluginManage:359 - Loaded plugin pinoutconfig (category:base,tabindex:0)
2025-08-17 16:29:36,834 [INFO] PluginManage:310 - Check plugin power
2025-08-17 16:29:36,889 [INFO] PluginManage:359 - Loaded plugin power (category:power,tabindex:4)
2025-08-17 16:29:36,889 [INFO] PluginManage:310 - Check plugin projectmanager
2025-08-17 16:29:36,924 [INFO] PluginManage:359 - Loaded plugin projectmanager (category:projectmanager,tabindex:4)
2025-08-17 16:29:36,924 [INFO] PluginManage:310 - Check plugin rif
2025-08-17 16:29:36,968 [INFO] PluginManage:359 - Loaded plugin rif (category:base,tabindex:3)
2025-08-17 16:29:36,968 [INFO] PluginManage:310 - Check plugin thirdparty
2025-08-17 16:29:37,518 [INFO] PluginManage:359 - Loaded plugin thirdparty (category:base,tabindex:-1)
2025-08-17 16:29:37,518 [WARN] IntegrityCheckThread:84 - waiting for thirdparty lock release [integrity check]
2025-08-17 16:29:37,519 [INFO] PluginManage:310 - Check plugin tools
2025-08-17 16:29:37,519 [INFO] IntegrityCheckThread:86 - entering critical section [integrity check]
2025-08-17 16:29:37,520 [INFO] ThirdPartyUpdaterWithRetryManager:70 - Updater plugin not ready yet. [1/15]
2025-08-17 16:29:37,530 [INFO] PluginManage:359 - Loaded plugin tools (category:base,tabindex:7)
2025-08-17 16:29:37,530 [INFO] PluginManage:310 - Check plugin tutovideos
2025-08-17 16:29:37,938 [INFO] PluginManage:359 - Loaded plugin tutovideos (category:base,tabindex:-1)
2025-08-17 16:29:37,938 [INFO] PluginManage:310 - Check plugin updater
2025-08-17 16:29:38,188 [INFO] PluginManage:359 - Loaded plugin updater (category:base,tabindex:12)
2025-08-17 16:29:38,188 [INFO] PluginManage:310 - Check plugin userauth
2025-08-17 16:29:38,221 [INFO] UserAuth:118 - Init User Auth plugin
2025-08-17 16:29:38,223 [INFO] PluginManage:359 - Loaded plugin userauth (category:base,tabindex:14)
2025-08-17 16:29:38,224 [INFO] PluginManage:283 - PluginManage : Loaded plugins [18]
2025-08-17 16:29:38,801 [INFO] PinOutPanel:1589 - setPackage(No Configuration,No Configuration)
2025-08-17 16:29:38,965 [INFO] CADModel:165 - CPN selected for project level
2025-08-17 16:29:38,966 [INFO] CADModel:114 - Register for checkConnection events
2025-08-17 16:29:39,036 [INFO] IPUIPlugin:80 - create IPUIPlugin
2025-08-17 16:29:39,040 [INFO] PluginManager:220 - loadIPPluginJar : add plateformsettings
2025-08-17 16:29:39,054 [INFO] IPUIPlugin:80 - create IPUIPlugin
2025-08-17 16:29:39,054 [INFO] PluginManager:220 - loadIPPluginJar : add genericplugin
2025-08-17 16:29:39,061 [INFO] IPUIPlugin:80 - create IPUIPlugin
2025-08-17 16:29:39,062 [INFO] PluginManager:220 - loadIPPluginJar : add can
2025-08-17 16:29:39,075 [INFO] IPUIPlugin:80 - create IPUIPlugin
2025-08-17 16:29:39,075 [INFO] PluginManager:220 - loadIPPluginJar : add openamp
2025-08-17 16:29:39,082 [INFO] IPUIPlugin:80 - create IPUIPlugin
2025-08-17 16:29:39,082 [INFO] PluginManager:220 - loadIPPluginJar : add fatfs
2025-08-17 16:29:39,084 [INFO] IPUIPlugin:80 - create IPUIPlugin
2025-08-17 16:29:39,085 [INFO] PluginManager:220 - loadIPPluginJar : add aes
2025-08-17 16:29:39,088 [INFO] IPUIPlugin:80 - create IPUIPlugin
2025-08-17 16:29:39,089 [INFO] PluginManager:220 - loadIPPluginJar : add dma3
2025-08-17 16:29:39,090 [INFO] IPUIPlugin:80 - create IPUIPlugin
2025-08-17 16:29:39,090 [INFO] PluginManager:220 - loadIPPluginJar : add tsc
2025-08-17 16:29:39,092 [INFO] IPUIPlugin:80 - create IPUIPlugin
2025-08-17 16:29:39,092 [INFO] PluginManager:220 - loadIPPluginJar : add comp
2025-08-17 16:29:39,094 [INFO] IPUIPlugin:80 - create IPUIPlugin
2025-08-17 16:29:39,094 [INFO] PluginManager:220 - loadIPPluginJar : add dfsdm
2025-08-17 16:29:39,097 [INFO] IPUIPlugin:80 - create IPUIPlugin
2025-08-17 16:29:39,097 [INFO] PluginManager:220 - loadIPPluginJar : add usbx
2025-08-17 16:29:39,098 [INFO] IPUIPlugin:80 - create IPUIPlugin
2025-08-17 16:29:39,099 [INFO] PluginManager:220 - loadIPPluginJar : add tracer_emb
2025-08-17 16:29:39,111 [INFO] IPUIPlugin:80 - create IPUIPlugin
2025-08-17 16:29:39,111 [INFO] PluginManager:220 - loadIPPluginJar : add resmgrutility
2025-08-17 16:29:39,116 [INFO] IPUIPlugin:80 - create IPUIPlugin
2025-08-17 16:29:39,116 [INFO] PluginManager:220 - loadIPPluginJar : add gic
2025-08-17 16:29:39,119 [INFO] IPUIPlugin:80 - create IPUIPlugin
2025-08-17 16:29:39,119 [INFO] PluginManager:220 - loadIPPluginJar : add gtzc
2025-08-17 16:29:39,121 [INFO] IPUIPlugin:80 - create IPUIPlugin
2025-08-17 16:29:39,121 [INFO] PluginManager:220 - loadIPPluginJar : add usart
2025-08-17 16:29:39,124 [INFO] IPUIPlugin:80 - create IPUIPlugin
2025-08-17 16:29:39,124 [INFO] PluginManager:220 - loadIPPluginJar : add pdm2pcm
2025-08-17 16:29:39,125 [INFO] IPUIPlugin:80 - create IPUIPlugin
2025-08-17 16:29:39,125 [INFO] PluginManager:220 - loadIPPluginJar : add quadspi
2025-08-17 16:29:39,128 [INFO] IPUIPlugin:80 - create IPUIPlugin
2025-08-17 16:29:39,128 [INFO] PluginManager:220 - loadIPPluginJar : add gfxmmu
2025-08-17 16:29:39,131 [INFO] IPUIPlugin:80 - create IPUIPlugin
2025-08-17 16:29:39,131 [INFO] PluginManager:220 - loadIPPluginJar : add i3c
2025-08-17 16:29:39,154 [INFO] IPUIPlugin:80 - create IPUIPlugin
2025-08-17 16:29:39,154 [INFO] PluginManager:220 - loadIPPluginJar : add opamp
2025-08-17 16:29:39,166 [INFO] IPUIPlugin:80 - create IPUIPlugin
2025-08-17 16:29:39,167 [INFO] PluginManager:220 - loadIPPluginJar : add ipddr
2025-08-17 16:29:39,168 [INFO] IPUIPlugin:80 - create IPUIPlugin
2025-08-17 16:29:39,169 [INFO] PluginManager:220 - loadIPPluginJar : add ltdc
2025-08-17 16:29:39,181 [INFO] IPUIPlugin:80 - create IPUIPlugin
2025-08-17 16:29:39,182 [INFO] PluginManager:220 - loadIPPluginJar : add mdma
2025-08-17 16:29:39,186 [INFO] IPUIPlugin:80 - create IPUIPlugin
2025-08-17 16:29:39,186 [INFO] PluginManager:220 - loadIPPluginJar : add touchsensing
2025-08-17 16:29:39,202 [INFO] IPUIPlugin:80 - create IPUIPlugin
2025-08-17 16:29:39,203 [INFO] PluginManager:220 - loadIPPluginJar : add ddr_ctrl_phy
2025-08-17 16:29:39,205 [INFO] IPUIPlugin:80 - create IPUIPlugin
2025-08-17 16:29:39,205 [INFO] PluginManager:220 - loadIPPluginJar : add hash
2025-08-17 16:29:39,207 [INFO] IPUIPlugin:80 - create IPUIPlugin
2025-08-17 16:29:39,208 [INFO] PluginManager:220 - loadIPPluginJar : add tim
2025-08-17 16:29:39,210 [INFO] IPUIPlugin:80 - create IPUIPlugin
2025-08-17 16:29:39,210 [INFO] PluginManager:220 - loadIPPluginJar : add lorawan
2025-08-17 16:29:39,229 [INFO] IPUIPlugin:80 - create IPUIPlugin
2025-08-17 16:29:39,229 [INFO] PluginManager:220 - loadIPPluginJar : add gpio
2025-08-17 16:29:39,236 [INFO] IPUIPlugin:80 - create IPUIPlugin
2025-08-17 16:29:39,236 [INFO] PluginManager:220 - loadIPPluginJar : add adc
2025-08-17 16:29:39,251 [INFO] IPUIPlugin:80 - create IPUIPlugin
2025-08-17 16:29:39,251 [INFO] PluginManager:220 - loadIPPluginJar : add freertos
2025-08-17 16:29:39,254 [INFO] IPUIPlugin:80 - create IPUIPlugin
2025-08-17 16:29:39,255 [INFO] PluginManager:220 - loadIPPluginJar : add radio
2025-08-17 16:29:39,261 [INFO] IPUIPlugin:80 - create IPUIPlugin
2025-08-17 16:29:39,261 [INFO] PluginManager:220 - loadIPPluginJar : add dma
2025-08-17 16:29:39,263 [INFO] IPUIPlugin:80 - create IPUIPlugin
2025-08-17 16:29:39,263 [INFO] PluginManager:220 - loadIPPluginJar : add spi
2025-08-17 16:29:39,266 [INFO] IPUIPlugin:80 - create IPUIPlugin
2025-08-17 16:29:39,267 [INFO] PluginManager:220 - loadIPPluginJar : add sai
2025-08-17 16:29:39,275 [INFO] IPUIPlugin:80 - create IPUIPlugin
2025-08-17 16:29:39,275 [INFO] PluginManager:220 - loadIPPluginJar : add stm32_wpan
2025-08-17 16:29:39,277 [INFO] IPUIPlugin:80 - create IPUIPlugin
2025-08-17 16:29:39,277 [INFO] PluginManager:220 - loadIPPluginJar : add ts
2025-08-17 16:29:39,281 [INFO] IPUIPlugin:80 - create IPUIPlugin
2025-08-17 16:29:39,281 [INFO] PluginManager:220 - loadIPPluginJar : add fmc
2025-08-17 16:29:39,315 [INFO] IPUIPlugin:80 - create IPUIPlugin
2025-08-17 16:29:39,315 [INFO] PluginManager:220 - loadIPPluginJar : add linkedlist
2025-08-17 16:29:39,318 [INFO] IPUIPlugin:80 - create IPUIPlugin
2025-08-17 16:29:39,318 [INFO] PluginManager:220 - loadIPPluginJar : add ucpd
2025-08-17 16:29:39,321 [INFO] IPUIPlugin:80 - create IPUIPlugin
2025-08-17 16:29:39,321 [INFO] PluginManager:220 - loadIPPluginJar : add extmemmanager
2025-08-17 16:29:39,325 [INFO] IPUIPlugin:80 - create IPUIPlugin
2025-08-17 16:29:39,325 [INFO] PluginManager:220 - loadIPPluginJar : add nvic
2025-08-17 16:29:39,327 [INFO] IPUIPlugin:80 - create IPUIPlugin
2025-08-17 16:29:39,327 [INFO] PluginManager:220 - loadIPPluginJar : add cryp
2025-08-17 16:29:39,329 [INFO] IPUIPlugin:80 - create IPUIPlugin
2025-08-17 16:29:39,329 [INFO] PluginManager:220 - loadIPPluginJar : add i2c
2025-08-17 16:29:39,331 [INFO] IPUIPlugin:80 - create IPUIPlugin
2025-08-17 16:29:39,331 [INFO] PluginManager:220 - loadIPPluginJar : add i2s
2025-08-17 16:29:39,514 [FATAL] Updater:351 - Updater called before beeing initialized
2025-08-17 16:29:39,584 [INFO] RulesReader:64 - Compatibility file has been processed (317 Rules)
2025-08-17 16:29:39,598 [INFO] RulesReader:64 - Compatibility file has been processed (317 Rules)
2025-08-17 16:29:39,606 [INFO] CADModel:165 - CPN selected for project level
2025-08-17 16:29:39,606 [INFO] CADModel:114 - Register for checkConnection events
2025-08-17 16:29:39,607 [FATAL] Updater:351 - Updater called before beeing initialized
2025-08-17 16:29:39,607 [ERROR] CADModel:125 - Updater not yet initialized, retry later 
2025-08-17 16:29:39,839 [FATAL] Updater:351 - Updater called before beeing initialized
2025-08-17 16:29:39,850 [INFO] CADModel:165 - CPN selected for project level
2025-08-17 16:29:39,850 [INFO] CADModel:114 - Register for checkConnection events
2025-08-17 16:29:39,850 [FATAL] Updater:351 - Updater called before beeing initialized
2025-08-17 16:29:39,850 [ERROR] CADModel:125 - Updater not yet initialized, retry later 
2025-08-17 16:29:39,856 [FATAL] Updater:351 - Updater called before beeing initialized
2025-08-17 16:29:39,968 [FATAL] Updater:351 - Updater called before beeing initialized
2025-08-17 16:29:39,987 [INFO] DbMcusAds:53 - JSON generation date=Tue Jul 08 11:14:23 MSK 2025 (1751962463582)
2025-08-17 16:29:39,987 [FATAL] Updater:351 - Updater called before beeing initialized
2025-08-17 16:29:40,102 [WARN] DetailPanel:346 - Failed to get advertising image, set to default
2025-08-17 16:29:40,212 [FATAL] Updater:351 - Updater called before beeing initialized
2025-08-17 16:29:40,215 [FATAL] Updater:351 - Updater called before beeing initialized
2025-08-17 16:29:40,215 [FATAL] Updater:351 - Updater called before beeing initialized
2025-08-17 16:29:40,215 [WARN] DetailPanel:346 - Failed to get advertising image, set to default
2025-08-17 16:29:40,216 [FATAL] Updater:351 - Updater called before beeing initialized
2025-08-17 16:29:40,299 [ERROR] Updater:1198 - MainUpdater not yet initialized. External WinMGr cannot be set.
2025-08-17 16:29:40,312 [INFO] Updater:1134 - Updater Version found : 6.15.0
2025-08-17 16:29:40,369 [INFO] ApplicationProperties:184 - Using Application install path: /opt/st/stm32cubeide_1.19.0_2/plugins/com.st.stm32cube.common.mx_6.15.0.202507011659
2025-08-17 16:29:40,520 [INFO] ThirdPartyUpdaterWithRetryManager:70 - Updater plugin not ready yet. [2/15]
2025-08-17 16:29:42,186 [INFO] MainUpdater:2872 - connection check result : 10
2025-08-17 16:29:42,187 [INFO] MainUpdater:3604 - Updater definition file requires update
2025-08-17 16:29:42,188 [INFO] MainUpdater:289 - Updater Check For Update Now.
2025-08-17 16:29:42,188 [INFO] MicroXplorer:498 - Change Database Version : DB.6.0.150
2025-08-17 16:29:42,203 [INFO] McuFinderGlobals:63 - Set McuFinder mode to 2 (CubeIDE integrated)
2025-08-17 16:29:42,258 [INFO] UserAuth:487 - Internet connection configuration mode: 1
2025-08-17 16:29:42,487 [INFO] JxBrowserEngine:152 - Initiate JxBrowser Engine with user profile folder
2025-08-17 16:29:42,513 [INFO] ServerAccessManage:452 - Complete download http(s) 200
2025-08-17 16:29:42,515 [INFO] ServerAccessManage:509 - Download File updaters.zip
2025-08-17 16:29:43,150 [INFO] FileExtend:248 - Unzip File : updaters.zip
2025-08-17 16:29:43,150 [INFO] FileExtend:263 - Standard Zip Deflate
2025-08-17 16:29:43,521 [WARN] MainUpdater:1193 - Updater busy. Cannot search thirdparties
2025-08-17 16:29:43,521 [INFO] ThirdPartyUpdaterWithRetryManager:96 - Updater plugin is busy. [1/15]
2025-08-17 16:29:43,689 [INFO] ServerAccessManage:452 - Complete download http(s) 200
2025-08-17 16:29:43,690 [INFO] ServerAccessManage:509 - Download File PacksControlFlags.xml
2025-08-17 16:29:43,973 [INFO] ServerAccessManage:452 - Complete download http(s) 200
2025-08-17 16:29:43,974 [INFO] ServerAccessManage:509 - Download File cubemx.pidx
2025-08-17 16:29:44,381 [INFO] LoadServerUpdatesThread:375 - End of LoadServerUpdate Thread
2025-08-17 16:29:44,583 [INFO] CheckServerUpdateThread:120 - End of CheckServer Thread
2025-08-17 16:29:47,825 [WARN] PackLoader:240 - Cannot read IP mode file for STMicroelectronics.FP-SNS-MOTENVWB1.1.4.0
2025-08-17 16:29:47,844 [WARN] PackLoader:240 - Cannot read IP mode file for STMicroelectronics.FP-ATR-ASTRA1.2.0.2
2025-08-17 16:29:47,853 [WARN] PackLoader:240 - Cannot read IP mode file for STMicroelectronics.X-CUBE-SMBUS.2.1.0
2025-08-17 16:29:47,866 [WARN] PackLoader:240 - Cannot read IP mode file for STMicroelectronics.X-CUBE-ST60.1.0.0
2025-08-17 16:29:47,925 [WARN] PackLoader:240 - Cannot read IP mode file for STMicroelectronics.X-CUBE-AZRTOS-F7.1.1.0
2025-08-17 16:29:48,040 [WARN] PackLoader:240 - Cannot read IP mode file for Infineon.AIROC-Wi-Fi-Bluetooth-STM32.1.7.1
2025-08-17 16:29:48,181 [WARN] PackLoader:240 - Cannot read IP mode file for STMicroelectronics.X-CUBE-AZRTOS-H7.3.4.0
2025-08-17 16:29:48,192 [WARN] PackLoader:240 - Cannot read IP mode file for STMicroelectronics.X-CUBE-DISPLAY.3.0.0
2025-08-17 16:29:48,226 [WARN] PackLoader:240 - Cannot read IP mode file for STMicroelectronics.X-CUBE-NFC10.1.0.0
2025-08-17 16:29:48,269 [WARN] PackLoader:240 - Cannot read IP mode file for emotas.I-CUBE-CANOPEN.1.3.0
2025-08-17 16:29:48,305 [WARN] ConditionMgr:438 - getConditionDescription Invalid condition id : Cortex-A Device cause : null
2025-08-17 16:29:48,330 [WARN] ConditionMgr:1044 - genDependencies : Invalid condition id : Cortex-A Device cause : null
2025-08-17 16:29:48,330 [WARN] ConditionMgr:1044 - genDependencies : Invalid condition id : Cortex-A Device cause : null
2025-08-17 16:29:48,330 [WARN] ConditionMgr:1044 - genDependencies : Invalid condition id : Cortex-A Device cause : null
2025-08-17 16:29:48,360 [WARN] PackLoader:240 - Cannot read IP mode file for STMicroelectronics.FP-SNS-STBOX1.2.1.0
2025-08-17 16:29:48,368 [WARN] PackLoader:240 - Cannot read IP mode file for STMicroelectronics.FP-SNS-SMARTAG2.1.2.0
2025-08-17 16:29:48,370 [WARN] PackLoader:240 - Cannot read IP mode file for STMicroelectronics.FP-SNS-FLIGHT1.5.1.0
2025-08-17 16:29:48,400 [INFO] LogOutputStream:77 - [STDOUT_REDIRECT] 1 : Invalid condition id : UX_CORESTACK_Condition cause : null
2025-08-17 16:29:48,400 [INFO] LogOutputStream:77 - [STDOUT_REDIRECT] 1 : Invalid condition id : UX_CORESTACK_Condition cause : null
2025-08-17 16:29:48,400 [INFO] LogOutputStream:77 - [STDOUT_REDIRECT] 1 : Invalid condition id : UX_CORESTACK_Condition cause : null
2025-08-17 16:29:48,401 [INFO] LogOutputStream:77 - [STDOUT_REDIRECT] 1 : Invalid condition id : UX_CORESTACK_Condition cause : null
2025-08-17 16:29:48,401 [INFO] LogOutputStream:77 - [STDOUT_REDIRECT] 1 : Invalid condition id : UX_CORESTACK_Condition cause : null
2025-08-17 16:29:48,404 [WARN] PackLoader:240 - Cannot read IP mode file for STMicroelectronics.X-CUBE-AZRTOS-WL.2.0.0
2025-08-17 16:29:48,409 [WARN] PackLoader:240 - Cannot read IP mode file for STMicroelectronics.FP-SNS-MOTENV1.5.0.0
2025-08-17 16:29:48,428 [WARN] PackLoader:240 - Cannot read IP mode file for WES.I-CUBE-Cesium.1.3.0
2025-08-17 16:29:48,434 [WARN] PackLoader:240 - Cannot read IP mode file for STMicroelectronics.X-CUBE-BLE2.3.3.0
2025-08-17 16:29:48,491 [WARN] PackLoader:240 - Cannot read IP mode file for STMicroelectronics.X-CUBE-NFC9.1.0.0
2025-08-17 16:29:48,510 [WARN] PackLoader:240 - Cannot read IP mode file for wolfSSL.I-CUBE-wolfSSL.5.8.0
2025-08-17 16:29:48,611 [WARN] PackLoader:240 - Cannot read IP mode file for wolfSSL.I-CUBE-wolfSSL.5.8.2
2025-08-17 16:29:48,640 [WARN] PackLoader:240 - Cannot read IP mode file for STMicroelectronics.X-CUBE-BLE1.7.1.0
2025-08-17 16:29:48,655 [WARN] PackLoader:240 - Cannot read IP mode file for wolfSSL.I-CUBE-wolfMQTT.1.19.2
2025-08-17 16:29:48,674 [WARN] PackLoader:240 - Cannot read IP mode file for STMicroelectronics.X-CUBE-EEPRMA1.5.2.0
2025-08-17 16:29:48,685 [WARN] PackLoader:240 - Cannot read IP mode file for STMicroelectronics.X-CUBE-AI.10.1.0
2025-08-17 16:29:48,745 [WARN] PackLoader:240 - Cannot read IP mode file for STMicroelectronics.X-CUBE-AZRTOS-G0.1.1.0
2025-08-17 16:29:48,752 [WARN] PackLoader:240 - Cannot read IP mode file for STMicroelectronics.X-CUBE-SAFEA1.1.2.2
2025-08-17 16:29:48,813 [WARN] PackLoader:240 - Cannot read IP mode file for STMicroelectronics.X-CUBE-NFC4.3.0.0
2025-08-17 16:29:48,833 [WARN] PackLoader:240 - Cannot read IP mode file for EmbeddedOffice.I-CUBE-FS-RTOS.1.0.1
2025-08-17 16:29:48,873 [WARN] PackLoader:240 - Cannot read IP mode file for STMicroelectronics.X-CUBE-WB05N.2.0.0
2025-08-17 16:29:48,878 [WARN] PackLoader:240 - Cannot read IP mode file for wolfSSL.I-CUBE-wolfTPM.3.8.0
2025-08-17 16:29:48,882 [WARN] PackLoader:240 - Cannot read IP mode file for STMicroelectronics.X-CUBE-TCPP.4.2.0
2025-08-17 16:29:48,900 [WARN] PackLoader:240 - Cannot read IP mode file for RealThread.X-CUBE-RT-Thread_Nano.4.1.1
2025-08-17 16:29:48,913 [WARN] PackLoader:240 - Cannot read IP mode file for STMicroelectronics.FP-ATR-SIGFOX1.3.2.0
2025-08-17 16:29:48,961 [WARN] PackLoader:240 - Cannot read IP mode file for ITTIA_DB.I-CUBE-ITTIADB.8.9.0
2025-08-17 16:29:48,967 [WARN] PackLoader:240 - Cannot read IP mode file for STMicroelectronics.X-CUBE-ST67W61.1.0.0
2025-08-17 16:29:48,984 [WARN] PackLoader:240 - Cannot read IP mode file for STMicroelectronics.X-CUBE-AI.10.2.0
2025-08-17 16:29:49,053 [WARN] PackLoader:240 - Cannot read IP mode file for SEGGER.I-CUBE-embOS.1.3.1
2025-08-17 16:29:49,100 [WARN] PackLoader:240 - Cannot read IP mode file for STMicroelectronics.X-CUBE-ALGOBUILD.1.4.0
2025-08-17 16:29:49,375 [WARN] PackLoader:240 - Cannot read IP mode file for STMicroelectronics.X-CUBE-MEMS1.11.3.0
2025-08-17 16:29:49,628 [WARN] PackLoader:240 - Cannot read IP mode file for STMicroelectronics.X-CUBE-PM33A1.1.0.0
2025-08-17 16:29:49,803 [WARN] PackLoader:240 - Cannot read IP mode file for STMicroelectronics.X-CUBE-AZRTOS-F4.1.1.0
2025-08-17 16:29:49,839 [WARN] PackLoader:240 - Cannot read IP mode file for Avnet-IotConnect.X-CUBE-IoTC-DA16k-PMOD.1.0.0
2025-08-17 16:29:49,876 [WARN] PackLoader:240 - Cannot read IP mode file for STMicroelectronics.X-CUBE-ISPU.2.1.0
2025-08-17 16:29:49,916 [WARN] PackLoader:240 - Cannot read IP mode file for STMicroelectronics.X-CUBE-NFC12.1.0.0
2025-08-17 16:29:50,037 [WARN] PackLoader:240 - Cannot read IP mode file for STMicroelectronics.X-CUBE-AZRTOS-L5.2.0.0
2025-08-17 16:29:50,117 [WARN] PackLoader:240 - Cannot read IP mode file for STMicroelectronics.X-CUBE-NFC6.3.1.0
2025-08-17 16:29:50,124 [WARN] PackLoader:240 - Cannot read IP mode file for STMicroelectronics.X-CUBE-FREERTOS.1.3.1
2025-08-17 16:29:50,128 [WARN] PackLoader:240 - Cannot read IP mode file for STMicroelectronics.FP-SNS-STAIOTCFT.1.0.0
2025-08-17 16:29:50,153 [WARN] PackLoader:240 - Cannot read IP mode file for STMicroelectronics.X-CUBE-DPower.1.3.0
2025-08-17 16:29:50,207 [WARN] ConditionMgr:438 - getConditionDescription Invalid condition id : LAN8742 Phy interface Condition cause : null
2025-08-17 16:29:50,208 [WARN] PackLoader:240 - Cannot read IP mode file for STMicroelectronics.X-CUBE-AZRTOS-L4.2.0.0
2025-08-17 16:29:50,209 [WARN] ConditionMgr:1044 - genDependencies : Invalid condition id : LAN8742 Phy interface Condition cause : null
2025-08-17 16:29:50,209 [WARN] ConditionMgr:1044 - genDependencies : Invalid condition id : LAN8742 Phy interface Condition cause : null
2025-08-17 16:29:50,210 [WARN] ConditionMgr:1044 - genDependencies : Invalid condition id : LAN8742 Phy interface Condition cause : null
2025-08-17 16:29:50,225 [WARN] PackLoader:240 - Cannot read IP mode file for STMicroelectronics.X-CUBE-SFXS2LP1.4.0.0
2025-08-17 16:29:50,278 [WARN] PackLoader:240 - Cannot read IP mode file for STMicroelectronics.X-CUBE-BLEMGR.4.1.0
2025-08-17 16:29:50,370 [WARN] ConditionMgr:438 - getConditionDescription Invalid condition id : UX DEVICE CLASS RTOS Condition cause : null
2025-08-17 16:29:50,370 [WARN] ConditionMgr:438 - getConditionDescription Invalid condition id : UX DEVICE CLASS RTOS Condition cause : null
2025-08-17 16:29:50,372 [WARN] PackLoader:240 - Cannot read IP mode file for STMicroelectronics.X-CUBE-AZRTOS-WB.2.0.0
2025-08-17 16:29:50,373 [WARN] ConditionMgr:1044 - genDependencies : Invalid condition id : UX DEVICE CLASS RTOS Condition cause : null
2025-08-17 16:29:50,373 [WARN] ConditionMgr:1044 - genDependencies : Invalid condition id : UX DEVICE CLASS RTOS Condition cause : null
2025-08-17 16:29:50,373 [WARN] ConditionMgr:1044 - genDependencies : Invalid condition id : UX DEVICE CLASS RTOS Condition cause : null
2025-08-17 16:29:50,374 [WARN] ConditionMgr:1044 - genDependencies : Invalid condition id : UX DEVICE CLASS RTOS Condition cause : null
2025-08-17 16:29:50,374 [WARN] ConditionMgr:1044 - genDependencies : Invalid condition id : UX DEVICE CLASS RTOS Condition cause : null
2025-08-17 16:29:50,438 [WARN] PackLoader:240 - Cannot read IP mode file for STMicroelectronics.X-CUBE-GNSS1.7.0.1
2025-08-17 16:29:50,451 [WARN] PackLoader:240 - Cannot read IP mode file for STMicroelectronics.X-CUBE-TOUCHGFX.4.25.0
2025-08-17 16:29:50,479 [WARN] PackLoader:240 - Cannot read IP mode file for STMicroelectronics.FP-SNS-STBOX1.2.0.0
2025-08-17 16:29:50,538 [WARN] ConditionMgr:438 - getConditionDescription Invalid condition id : Cortex-A Device cause : null
2025-08-17 16:29:50,545 [WARN] ConditionMgr:1044 - genDependencies : Invalid condition id : Cortex-A Device cause : null
2025-08-17 16:29:50,545 [WARN] ConditionMgr:1044 - genDependencies : Invalid condition id : Cortex-A Device cause : null
2025-08-17 16:29:50,545 [WARN] ConditionMgr:1044 - genDependencies : Invalid condition id : Cortex-A Device cause : null
2025-08-17 16:29:50,594 [WARN] PackLoader:240 - Cannot read IP mode file for STMicroelectronics.X-CUBE-SUBG2.5.0.0
2025-08-17 16:29:50,650 [WARN] PackLoader:240 - Cannot read IP mode file for STMicroelectronics.X-CUBE-AZRTOS-H7RS.1.1.0
2025-08-17 16:29:50,656 [WARN] PackLoader:240 - Cannot read IP mode file for Cesanta.I-CUBE-Mongoose.7.13.0
2025-08-17 16:29:50,840 [WARN] PackLoader:240 - Cannot read IP mode file for STMicroelectronics.X-CUBE-AZRTOS-G4.2.0.0
2025-08-17 16:29:50,883 [WARN] PackLoader:240 - Cannot read IP mode file for wolfSSL.I-CUBE-wolfSSH.1.4.20
2025-08-17 16:29:50,962 [WARN] PackLoader:240 - Cannot read IP mode file for STMicroelectronics.X-CUBE-NFC7.2.0.0
2025-08-17 16:29:51,019 [WARN] PackLoader:240 - Cannot read IP mode file for STMicroelectronics.X-CUBE-IPS.3.1.0
2025-08-17 16:29:51,027 [WARN] PackLoader:240 - Cannot read IP mode file for STMicroelectronics.X-CUBE-ALS.1.0.2
2025-08-17 16:29:51,037 [WARN] PackLoader:240 - Cannot read IP mode file for portGmbH.I-Cube-SoM-uGOAL.1.1.0
2025-08-17 16:29:51,156 [WARN] PackLoader:240 - Cannot read IP mode file for STMicroelectronics.X-CUBE-TOF1.3.4.3
2025-08-17 16:29:51,168 [INFO] ThirdParty:978 - Integrity check success = true
2025-08-17 16:29:51,168 [INFO] IntegrityCheckThread:100 - exiting critical section [integrity check]
2025-08-17 16:29:51,169 [INFO] IntegrityCheckThread:103 - End integrity checks thread
2025-08-17 16:30:00,256 [INFO] WebApp:169 - Instantiating new browser for Auth
2025-08-17 16:30:06,967 [INFO] WebApp:463 - Apply proxy settings
2025-08-17 16:30:06,967 [INFO] WebApp:548 - Chromium requires no authentication
2025-08-17 16:30:07,162 [INFO] WebApp:491 - Direct internet connection detected
2025-08-17 16:30:07,412 [INFO] WebApp:900 - Register for checkConnection events
2025-08-17 16:30:07,413 [INFO] WebApp:463 - Apply proxy settings
2025-08-17 16:30:07,413 [INFO] WebApp:548 - Chromium requires no authentication
2025-08-17 16:30:07,414 [INFO] WebApp:491 - Direct internet connection detected
2025-08-17 16:30:09,160 [INFO] WebApp:225 - Starting web application
2025-08-17 16:30:09,160 [INFO] WebApp:593 - Web application path used /opt/st/stm32cubeide_1.19.0_2/plugins/com.st.stm32cube.common.mx_6.15.0.202507011659/db/plugins/mcufinder/reactClient1/index.html
2025-08-17 16:30:09,771 [INFO] WebApp:191 - Connection restablished
2025-08-17 16:30:10,479 [INFO] UserAuth:487 - Internet connection configuration mode: 1
2025-08-17 16:31:28,265 [ERROR] ConfigurationRetriever:142 - IOException on connection: Read timed out
2025-08-17 16:31:31,903 [ERROR] ConfigurationRetriever:142 - IOException on connection: Read timed out
